Created from template: |append [ot_log-%y-%m-%d_%H_%M_%s.log] 
Number of records: 100000
Lifetime: unlimited
Log format:
date time severity {session id} <category> [source]
label: message
===================================================

2021-Oct-27 05:45:08.371 ALW {N/A} <N/A> [OptimComponents Core]
========== Log start ==========

2021-Oct-27 05:45:08.371 INFO {N/A} <N/A> [OptimComponents Core]
Created session with ID 'vxmlDialog_0'.

2021-Oct-27 05:45:08.636 INFO {vxmlDialog_0} <Interpretation tracking> [VoiceXML interpreter]
Preparing document 'file:/C:/Users/hakim/Desktop/TP/AGENDA_V0/gestion_agenda_v1.vxml'.

2021-Oct-27 05:45:08.694 INFO {vxmlDialog_0} <Interpretation tracking> [VoiceXML interpreter]
Preparing of document 'file:/C:/Users/hakim/Desktop/TP/AGENDA_V0/gestion_agenda_v1.vxml' completed.
  result = success

2021-Oct-27 05:45:08.695 INFO {vxmlDialog_0} <Interpretation tracking> [VoiceXML interpreter]
Interpreting document 'file:/C:/Users/hakim/Desktop/TP/AGENDA_V0/gestion_agenda_v1.vxml'

2021-Oct-27 05:45:08.711 INFO {vxmlDialog_0} <Interpretation tracking> [VoiceXML interpreter]
Interpreting <form> with id 'agenda'; line 32; column 1.

2021-Oct-27 05:45:08.712 INFO {vxmlDialog_0} <Interpretation tracking> [VoiceXML interpreter]
Interpreting <block>; line 49; column 1.

2021-Oct-27 05:45:08.728 INFO {vxmlDialog_0} <Interpretation tracking> [VoiceXML interpreter]
Interpreting <field> with name 'num_abonne'; line 57; column 1.

2021-Oct-27 05:45:08.797 INFO {vxmlDialog_0} <Interpretation tracking> [VoiceXML interpreter]
Waiting for user's input.

2021-Oct-27 05:45:10.764 INFO {vxmlDialog_0} <Interpretation tracking> [VoiceXML interpreter]
User's input collection completed.

2021-Oct-27 05:45:10.787 INFO {vxmlDialog_0} <Interpretation tracking> [VoiceXML interpreter]
The following input was collected:
  utterance = deux
  confidence = 1
  mode = voice

2021-Oct-27 05:45:10.790 INFO {vxmlDialog_0} <Interpretation tracking> [VoiceXML interpreter]
Interpreting <filled>; line 73; column 3.

2021-Oct-27 05:45:10.804 INFO {vxmlDialog_0} <Interpretation tracking> [VoiceXML interpreter]
Interpreting <field> with name 'confirm'; line 88; column 3.

2021-Oct-27 05:45:10.834 INFO {vxmlDialog_0} <Interpretation tracking> [VoiceXML interpreter]
Waiting for user's input.

2021-Oct-27 05:45:12.717 INFO {vxmlDialog_0} <Interpretation tracking> [VoiceXML interpreter]
User's input collection completed.

2021-Oct-27 05:45:12.734 INFO {vxmlDialog_0} <Interpretation tracking> [VoiceXML interpreter]
The following input was collected:
  utterance = oui
  confidence = 1
  mode = voice

2021-Oct-27 05:45:12.737 INFO {vxmlDialog_0} <Interpretation tracking> [VoiceXML interpreter]
Interpreting <filled>; line 101; column 10.

2021-Oct-27 05:45:12.751 INFO {vxmlDialog_0} <Interpretation tracking> [VoiceXML interpreter]
Interpreting <field> with name 'date_resa'; line 118; column 1.

2021-Oct-27 05:45:12.828 INFO {vxmlDialog_0} <Interpretation tracking> [VoiceXML interpreter]
Waiting for user's input.

2021-Oct-27 05:45:17.108 INFO {vxmlDialog_0} <Interpretation tracking> [VoiceXML interpreter]
User's input collection completed.

2021-Oct-27 05:45:17.145 INFO {vxmlDialog_0} <Interpretation tracking> [VoiceXML interpreter]
The following input was collected:
  utterance = deux janvier
  confidence = 1
  mode = voice

2021-Oct-27 05:45:17.154 INFO {vxmlDialog_0} <Interpretation tracking> [VoiceXML interpreter]
Interpreting <filled>; line 129; column 8.

2021-Oct-27 05:45:17.188 INFO {vxmlDialog_0} <Interpretation tracking> [VoiceXML interpreter]
Interpreting <field> with name 'confirmDate'; line 135; column 3.

2021-Oct-27 05:45:17.213 INFO {vxmlDialog_0} <Interpretation tracking> [VoiceXML interpreter]
Waiting for user's input.

2021-Oct-27 05:45:18.575 INFO {vxmlDialog_0} <Interpretation tracking> [VoiceXML interpreter]
User's input collection completed.

2021-Oct-27 05:45:18.594 INFO {vxmlDialog_0} <Interpretation tracking> [VoiceXML interpreter]
The following input was collected:
  utterance = oui
  confidence = 1
  mode = voice

2021-Oct-27 05:45:18.599 INFO {vxmlDialog_0} <Interpretation tracking> [VoiceXML interpreter]
Interpreting <filled>; line 150; column 10.

2021-Oct-27 05:45:18.612 INFO {vxmlDialog_0} <Interpretation tracking> [VoiceXML interpreter]
Interpreting <field> with name 'horaire_resa'; line 168; column 1.

2021-Oct-27 05:45:18.678 INFO {vxmlDialog_0} <Interpretation tracking> [VoiceXML interpreter]
Waiting for user's input.

2021-Oct-27 05:45:22.979 INFO {vxmlDialog_0} <Interpretation tracking> [VoiceXML interpreter]
User's input collection completed.

2021-Oct-27 05:45:22.994 INFO {vxmlDialog_0} <Interpretation tracking> [VoiceXML interpreter]
The following input was collected:
  utterance = sept heures
  confidence = 1
  mode = voice

2021-Oct-27 05:45:22.999 INFO {vxmlDialog_0} <Interpretation tracking> [VoiceXML interpreter]
Interpreting <filled>; line 179; column 8.

2021-Oct-27 05:45:23.010 INFO {vxmlDialog_0} <Interpretation tracking> [VoiceXML interpreter]
Interpreting <field> with name 'horaire_resa'; line 168; column 1.

2021-Oct-27 05:45:23.013 INFO {vxmlDialog_0} <Interpretation tracking> [VoiceXML interpreter]
Waiting for user's input.

2021-Oct-27 05:45:27.752 INFO {vxmlDialog_0} <Interpretation tracking> [VoiceXML interpreter]
User's input collection completed.

2021-Oct-27 05:45:27.775 INFO {vxmlDialog_0} <Interpretation tracking> [VoiceXML interpreter]
The following input was collected:
  utterance = cinq heures
  confidence = 1
  mode = voice

2021-Oct-27 05:45:27.779 INFO {vxmlDialog_0} <Interpretation tracking> [VoiceXML interpreter]
Interpreting <filled>; line 179; column 8.

2021-Oct-27 05:45:27.787 INFO {vxmlDialog_0} <Interpretation tracking> [VoiceXML interpreter]
Interpreting <field> with name 'horaire_resa'; line 168; column 1.

2021-Oct-27 05:45:27.790 INFO {vxmlDialog_0} <Interpretation tracking> [VoiceXML interpreter]
Waiting for user's input.

2021-Oct-27 05:45:33.595 INFO {vxmlDialog_0} <Interpretation tracking> [VoiceXML interpreter]
User's input collection completed.

2021-Oct-27 05:45:33.615 INFO {vxmlDialog_0} <Interpretation tracking> [VoiceXML interpreter]
The following input was collected:
  utterance = vingt deux heures
  confidence = 1
  mode = voice

2021-Oct-27 05:45:33.619 INFO {vxmlDialog_0} <Interpretation tracking> [VoiceXML interpreter]
Interpreting <filled>; line 179; column 8.

2021-Oct-27 05:45:33.638 INFO {vxmlDialog_0} <Interpretation tracking> [VoiceXML interpreter]
Interpreting <field> with name 'horaire_resa'; line 168; column 1.

2021-Oct-27 05:45:33.647 INFO {vxmlDialog_0} <Interpretation tracking> [VoiceXML interpreter]
Waiting for user's input.

2021-Oct-27 05:45:40.459 INFO {vxmlDialog_0} <Interpretation tracking> [VoiceXML interpreter]
User's input collection completed.

2021-Oct-27 05:45:40.468 INFO {vxmlDialog_0} <Interpretation tracking> [VoiceXML interpreter]
The following input was collected:
  utterance = dix neuf heures
  confidence = 1
  mode = voice

2021-Oct-27 05:45:40.470 INFO {vxmlDialog_0} <Interpretation tracking> [VoiceXML interpreter]
Interpreting <filled>; line 179; column 8.

2021-Oct-27 05:45:40.480 INFO {vxmlDialog_0} <Interpretation tracking> [VoiceXML interpreter]
Interpreting <field> with name 'confirmHoraire'; line 191; column 3.

2021-Oct-27 05:45:40.484 INFO {vxmlDialog_0} <Interpretation tracking> [VoiceXML interpreter]
Waiting for user's input.

2021-Oct-27 05:45:43.780 INFO {vxmlDialog_0} <Interpretation tracking> [VoiceXML interpreter]
User's input collection completed.

2021-Oct-27 05:45:43.797 INFO {vxmlDialog_0} <Interpretation tracking> [VoiceXML interpreter]
The following input was collected:
  utterance = oui
  confidence = 1
  mode = voice

2021-Oct-27 05:45:43.801 INFO {vxmlDialog_0} <Interpretation tracking> [VoiceXML interpreter]
Interpreting <filled>; line 206; column 10.

2021-Oct-27 05:45:43.811 INFO {vxmlDialog_0} <Interpretation tracking> [VoiceXML interpreter]
Interpreting <field> with name 'duree_resa'; line 223; column 1.

2021-Oct-27 05:45:43.891 INFO {vxmlDialog_0} <Interpretation tracking> [VoiceXML interpreter]
Waiting for user's input.

2021-Oct-27 05:45:51.900 INFO {vxmlDialog_0} <Interpretation tracking> [VoiceXML interpreter]
An event 'noinput' was added to the event queue

2021-Oct-27 05:45:51.900 INFO {vxmlDialog_0} <Interpretation tracking> [VoiceXML interpreter]
User's input collection completed.

2021-Oct-27 05:45:51.901 INFO {vxmlDialog_0} <Interpretation tracking> [VoiceXML interpreter]
Processing event 'noinput'.
  Event origin = document 'file:/C:/Users/hakim/Desktop/TP/AGENDA_V0/gestion_agenda_v1.vxml'; line 223
  Handler location = document 'file:/C:/Users/hakim/Desktop/TP/AGENDA_V0/gestion_agenda_v1.vxml'; line 231, column 8

2021-Oct-27 05:45:51.918 INFO {vxmlDialog_0} <Interpretation tracking> [VoiceXML interpreter]
Interpreting <field> with name 'duree_resa'; line 223; column 1.

2021-Oct-27 05:45:51.920 INFO {vxmlDialog_0} <Interpretation tracking> [VoiceXML interpreter]
Waiting for user's input.

2021-Oct-27 05:45:59.951 INFO {vxmlDialog_0} <Interpretation tracking> [VoiceXML interpreter]
An event 'noinput' was added to the event queue

2021-Oct-27 05:45:59.952 INFO {vxmlDialog_0} <Interpretation tracking> [VoiceXML interpreter]
User's input collection completed.

2021-Oct-27 05:45:59.952 INFO {vxmlDialog_0} <Interpretation tracking> [VoiceXML interpreter]
Processing event 'noinput'.
  Event origin = document 'file:/C:/Users/hakim/Desktop/TP/AGENDA_V0/gestion_agenda_v1.vxml'; line 223
  Handler location = document 'file:/C:/Users/hakim/Desktop/TP/AGENDA_V0/gestion_agenda_v1.vxml'; line 231, column 8

2021-Oct-27 05:45:59.982 INFO {vxmlDialog_0} <Interpretation tracking> [VoiceXML interpreter]
Interpreting <field> with name 'duree_resa'; line 223; column 1.

2021-Oct-27 05:45:59.983 INFO {vxmlDialog_0} <Interpretation tracking> [VoiceXML interpreter]
Waiting for user's input.

2021-Oct-27 05:46:07.998 INFO {vxmlDialog_0} <Interpretation tracking> [VoiceXML interpreter]
An event 'noinput' was added to the event queue

2021-Oct-27 05:46:07.998 INFO {vxmlDialog_0} <Interpretation tracking> [VoiceXML interpreter]
User's input collection completed.

2021-Oct-27 05:46:07.998 INFO {vxmlDialog_0} <Interpretation tracking> [VoiceXML interpreter]
Processing event 'noinput'.
  Event origin = document 'file:/C:/Users/hakim/Desktop/TP/AGENDA_V0/gestion_agenda_v1.vxml'; line 223
  Handler location = document 'file:/C:/Users/hakim/Desktop/TP/AGENDA_V0/gestion_agenda_v1.vxml'; line 231, column 8

2021-Oct-27 05:46:08.005 INFO {vxmlDialog_0} <Interpretation tracking> [VoiceXML interpreter]
Interpreting <field> with name 'duree_resa'; line 223; column 1.

2021-Oct-27 05:46:08.005 INFO {vxmlDialog_0} <Interpretation tracking> [VoiceXML interpreter]
Waiting for user's input.

2021-Oct-27 05:46:16.023 INFO {vxmlDialog_0} <Interpretation tracking> [VoiceXML interpreter]
An event 'noinput' was added to the event queue

2021-Oct-27 05:46:16.023 INFO {vxmlDialog_0} <Interpretation tracking> [VoiceXML interpreter]
User's input collection completed.

2021-Oct-27 05:46:16.024 INFO {vxmlDialog_0} <Interpretation tracking> [VoiceXML interpreter]
Processing event 'noinput'.
  Event origin = document 'file:/C:/Users/hakim/Desktop/TP/AGENDA_V0/gestion_agenda_v1.vxml'; line 223
  Handler location = document 'file:/C:/Users/hakim/Desktop/TP/AGENDA_V0/gestion_agenda_v1.vxml'; line 231, column 8

2021-Oct-27 05:46:16.034 INFO {vxmlDialog_0} <Interpretation tracking> [VoiceXML interpreter]
Interpreting <field> with name 'duree_resa'; line 223; column 1.

2021-Oct-27 05:46:16.035 INFO {vxmlDialog_0} <Interpretation tracking> [VoiceXML interpreter]
Waiting for user's input.

2021-Oct-27 05:46:24.045 INFO {vxmlDialog_0} <Interpretation tracking> [VoiceXML interpreter]
An event 'noinput' was added to the event queue

2021-Oct-27 05:46:24.046 INFO {vxmlDialog_0} <Interpretation tracking> [VoiceXML interpreter]
User's input collection completed.

2021-Oct-27 05:46:24.048 INFO {vxmlDialog_0} <Interpretation tracking> [VoiceXML interpreter]
Processing event 'noinput'.
  Event origin = document 'file:/C:/Users/hakim/Desktop/TP/AGENDA_V0/gestion_agenda_v1.vxml'; line 223
  Handler location = document 'file:/C:/Users/hakim/Desktop/TP/AGENDA_V0/gestion_agenda_v1.vxml'; line 231, column 8

2021-Oct-27 05:46:24.068 INFO {vxmlDialog_0} <Interpretation tracking> [VoiceXML interpreter]
Interpreting <field> with name 'duree_resa'; line 223; column 1.

2021-Oct-27 05:46:24.070 INFO {vxmlDialog_0} <Interpretation tracking> [VoiceXML interpreter]
Waiting for user's input.

2021-Oct-27 05:46:32.095 INFO {vxmlDialog_0} <Interpretation tracking> [VoiceXML interpreter]
An event 'noinput' was added to the event queue

2021-Oct-27 05:46:32.096 INFO {vxmlDialog_0} <Interpretation tracking> [VoiceXML interpreter]
User's input collection completed.

2021-Oct-27 05:46:32.097 INFO {vxmlDialog_0} <Interpretation tracking> [VoiceXML interpreter]
Processing event 'noinput'.
  Event origin = document 'file:/C:/Users/hakim/Desktop/TP/AGENDA_V0/gestion_agenda_v1.vxml'; line 223
  Handler location = document 'file:/C:/Users/hakim/Desktop/TP/AGENDA_V0/gestion_agenda_v1.vxml'; line 231, column 8

2021-Oct-27 05:46:32.113 INFO {vxmlDialog_0} <Interpretation tracking> [VoiceXML interpreter]
Interpreting <field> with name 'duree_resa'; line 223; column 1.

2021-Oct-27 05:46:32.115 INFO {vxmlDialog_0} <Interpretation tracking> [VoiceXML interpreter]
Waiting for user's input.

2021-Oct-27 05:46:40.145 INFO {vxmlDialog_0} <Interpretation tracking> [VoiceXML interpreter]
An event 'noinput' was added to the event queue

2021-Oct-27 05:46:40.145 INFO {vxmlDialog_0} <Interpretation tracking> [VoiceXML interpreter]
User's input collection completed.

2021-Oct-27 05:46:40.146 INFO {vxmlDialog_0} <Interpretation tracking> [VoiceXML interpreter]
Processing event 'noinput'.
  Event origin = document 'file:/C:/Users/hakim/Desktop/TP/AGENDA_V0/gestion_agenda_v1.vxml'; line 223
  Handler location = document 'file:/C:/Users/hakim/Desktop/TP/AGENDA_V0/gestion_agenda_v1.vxml'; line 231, column 8

2021-Oct-27 05:46:40.170 INFO {vxmlDialog_0} <Interpretation tracking> [VoiceXML interpreter]
Interpreting <field> with name 'duree_resa'; line 223; column 1.

2021-Oct-27 05:46:40.172 INFO {vxmlDialog_0} <Interpretation tracking> [VoiceXML interpreter]
Waiting for user's input.

2021-Oct-27 05:46:48.191 INFO {vxmlDialog_0} <Interpretation tracking> [VoiceXML interpreter]
An event 'noinput' was added to the event queue

2021-Oct-27 05:46:48.192 INFO {vxmlDialog_0} <Interpretation tracking> [VoiceXML interpreter]
User's input collection completed.

2021-Oct-27 05:46:48.193 INFO {vxmlDialog_0} <Interpretation tracking> [VoiceXML interpreter]
Processing event 'noinput'.
  Event origin = document 'file:/C:/Users/hakim/Desktop/TP/AGENDA_V0/gestion_agenda_v1.vxml'; line 223
  Handler location = document 'file:/C:/Users/hakim/Desktop/TP/AGENDA_V0/gestion_agenda_v1.vxml'; line 231, column 8

2021-Oct-27 05:46:48.223 INFO {vxmlDialog_0} <Interpretation tracking> [VoiceXML interpreter]
Interpreting <field> with name 'duree_resa'; line 223; column 1.

2021-Oct-27 05:46:48.224 INFO {vxmlDialog_0} <Interpretation tracking> [VoiceXML interpreter]
Waiting for user's input.

2021-Oct-27 05:46:56.236 INFO {vxmlDialog_0} <Interpretation tracking> [VoiceXML interpreter]
An event 'noinput' was added to the event queue

2021-Oct-27 05:46:56.236 INFO {vxmlDialog_0} <Interpretation tracking> [VoiceXML interpreter]
User's input collection completed.

2021-Oct-27 05:46:56.238 INFO {vxmlDialog_0} <Interpretation tracking> [VoiceXML interpreter]
Processing event 'noinput'.
  Event origin = document 'file:/C:/Users/hakim/Desktop/TP/AGENDA_V0/gestion_agenda_v1.vxml'; line 223
  Handler location = document 'file:/C:/Users/hakim/Desktop/TP/AGENDA_V0/gestion_agenda_v1.vxml'; line 231, column 8

2021-Oct-27 05:46:56.266 INFO {vxmlDialog_0} <Interpretation tracking> [VoiceXML interpreter]
Interpreting <field> with name 'duree_resa'; line 223; column 1.

2021-Oct-27 05:46:56.267 INFO {vxmlDialog_0} <Interpretation tracking> [VoiceXML interpreter]
Waiting for user's input.

2021-Oct-27 05:47:04.284 INFO {vxmlDialog_0} <Interpretation tracking> [VoiceXML interpreter]
An event 'noinput' was added to the event queue

2021-Oct-27 05:47:04.284 INFO {vxmlDialog_0} <Interpretation tracking> [VoiceXML interpreter]
User's input collection completed.

2021-Oct-27 05:47:04.286 INFO {vxmlDialog_0} <Interpretation tracking> [VoiceXML interpreter]
Processing event 'noinput'.
  Event origin = document 'file:/C:/Users/hakim/Desktop/TP/AGENDA_V0/gestion_agenda_v1.vxml'; line 223
  Handler location = document 'file:/C:/Users/hakim/Desktop/TP/AGENDA_V0/gestion_agenda_v1.vxml'; line 231, column 8

2021-Oct-27 05:47:04.310 INFO {vxmlDialog_0} <Interpretation tracking> [VoiceXML interpreter]
Interpreting <field> with name 'duree_resa'; line 223; column 1.

2021-Oct-27 05:47:04.312 INFO {vxmlDialog_0} <Interpretation tracking> [VoiceXML interpreter]
Waiting for user's input.

2021-Oct-27 05:47:12.317 INFO {vxmlDialog_0} <Interpretation tracking> [VoiceXML interpreter]
An event 'noinput' was added to the event queue

2021-Oct-27 05:47:12.317 INFO {vxmlDialog_0} <Interpretation tracking> [VoiceXML interpreter]
User's input collection completed.

2021-Oct-27 05:47:12.317 INFO {vxmlDialog_0} <Interpretation tracking> [VoiceXML interpreter]
Processing event 'noinput'.
  Event origin = document 'file:/C:/Users/hakim/Desktop/TP/AGENDA_V0/gestion_agenda_v1.vxml'; line 223
  Handler location = document 'file:/C:/Users/hakim/Desktop/TP/AGENDA_V0/gestion_agenda_v1.vxml'; line 231, column 8

2021-Oct-27 05:47:12.322 INFO {vxmlDialog_0} <Interpretation tracking> [VoiceXML interpreter]
Interpreting <field> with name 'duree_resa'; line 223; column 1.

2021-Oct-27 05:47:12.322 INFO {vxmlDialog_0} <Interpretation tracking> [VoiceXML interpreter]
Waiting for user's input.

2021-Oct-27 05:47:21.662 INFO {vxmlDialog_0} <Interpretation tracking> [VoiceXML interpreter]
User's input collection completed.

2021-Oct-27 05:47:21.795 INFO {vxmlDialog_0} <Interpretation tracking> [VoiceXML interpreter]
The following input was collected:
  utterance = une heure
  confidence = 1
  mode = voice

2021-Oct-27 05:47:21.796 INFO {vxmlDialog_0} <Interpretation tracking> [VoiceXML interpreter]
An event 'nomatch' was added to the event queue

2021-Oct-27 05:47:21.797 INFO {vxmlDialog_0} <Interpretation tracking> [VoiceXML interpreter]
Processing event 'nomatch'.
  Event origin = document 'file:/C:/Users/hakim/Desktop/TP/AGENDA_V0/gestion_agenda_v1.vxml'; line 223
  Handler location = document 'file:/C:/Users/hakim/Desktop/TP/AGENDA_V0/gestion_agenda_v1.vxml'; line 232, column 8

2021-Oct-27 05:47:21.807 INFO {vxmlDialog_0} <Interpretation tracking> [VoiceXML interpreter]
Interpreting <field> with name 'duree_resa'; line 223; column 1.

2021-Oct-27 05:47:21.808 INFO {vxmlDialog_0} <Interpretation tracking> [VoiceXML interpreter]
Waiting for user's input.

2021-Oct-27 05:47:24.635 INFO {vxmlDialog_0} <Interpretation tracking> [VoiceXML interpreter]
User's input collection completed.

2021-Oct-27 05:47:24.641 INFO {vxmlDialog_0} <Interpretation tracking> [VoiceXML interpreter]
The following input was collected:
  utterance = un heure
  confidence = 1
  mode = voice

2021-Oct-27 05:47:24.644 INFO {vxmlDialog_0} <Interpretation tracking> [VoiceXML interpreter]
Interpreting <filled>; line 234; column 8.

2021-Oct-27 05:47:24.659 INFO {vxmlDialog_0} <Interpretation tracking> [VoiceXML interpreter]
Interpreting <field> with name 'confirmDuree'; line 241; column 3.

2021-Oct-27 05:47:24.667 INFO {vxmlDialog_0} <Interpretation tracking> [VoiceXML interpreter]
Waiting for user's input.

2021-Oct-27 05:47:32.684 INFO {vxmlDialog_0} <Interpretation tracking> [VoiceXML interpreter]
An event 'noinput' was added to the event queue

2021-Oct-27 05:47:32.685 INFO {vxmlDialog_0} <Interpretation tracking> [VoiceXML interpreter]
User's input collection completed.

2021-Oct-27 05:47:32.685 INFO {vxmlDialog_0} <Interpretation tracking> [VoiceXML interpreter]
Processing event 'noinput'.
  Event origin = document 'file:/C:/Users/hakim/Desktop/TP/AGENDA_V0/gestion_agenda_v1.vxml'; line 241
  Handler location = document 'file:/C:/Users/hakim/Desktop/TP/AGENDA_V0/gestion_agenda_v1.vxml'; line 249, column 10

2021-Oct-27 05:47:32.711 INFO {vxmlDialog_0} <Interpretation tracking> [VoiceXML interpreter]
Interpreting <field> with name 'confirmDuree'; line 241; column 3.

2021-Oct-27 05:47:32.713 INFO {vxmlDialog_0} <Interpretation tracking> [VoiceXML interpreter]
Waiting for user's input.

2021-Oct-27 05:47:40.720 INFO {vxmlDialog_0} <Interpretation tracking> [VoiceXML interpreter]
An event 'noinput' was added to the event queue

2021-Oct-27 05:47:40.720 INFO {vxmlDialog_0} <Interpretation tracking> [VoiceXML interpreter]
User's input collection completed.

2021-Oct-27 05:47:40.721 INFO {vxmlDialog_0} <Interpretation tracking> [VoiceXML interpreter]
Processing event 'noinput'.
  Event origin = document 'file:/C:/Users/hakim/Desktop/TP/AGENDA_V0/gestion_agenda_v1.vxml'; line 241
  Handler location = document 'file:/C:/Users/hakim/Desktop/TP/AGENDA_V0/gestion_agenda_v1.vxml'; line 249, column 10

2021-Oct-27 05:47:40.730 INFO {vxmlDialog_0} <Interpretation tracking> [VoiceXML interpreter]
Interpreting <field> with name 'confirmDuree'; line 241; column 3.

2021-Oct-27 05:47:40.732 INFO {vxmlDialog_0} <Interpretation tracking> [VoiceXML interpreter]
Waiting for user's input.

2021-Oct-27 05:47:48.747 INFO {vxmlDialog_0} <Interpretation tracking> [VoiceXML interpreter]
An event 'noinput' was added to the event queue

2021-Oct-27 05:47:48.747 INFO {vxmlDialog_0} <Interpretation tracking> [VoiceXML interpreter]
User's input collection completed.

2021-Oct-27 05:47:48.748 INFO {vxmlDialog_0} <Interpretation tracking> [VoiceXML interpreter]
Processing event 'noinput'.
  Event origin = document 'file:/C:/Users/hakim/Desktop/TP/AGENDA_V0/gestion_agenda_v1.vxml'; line 241
  Handler location = document 'file:/C:/Users/hakim/Desktop/TP/AGENDA_V0/gestion_agenda_v1.vxml'; line 249, column 10

2021-Oct-27 05:47:48.765 INFO {vxmlDialog_0} <Interpretation tracking> [VoiceXML interpreter]
Interpreting <field> with name 'confirmDuree'; line 241; column 3.

2021-Oct-27 05:47:48.766 INFO {vxmlDialog_0} <Interpretation tracking> [VoiceXML interpreter]
Waiting for user's input.

2021-Oct-27 05:47:56.802 INFO {vxmlDialog_0} <Interpretation tracking> [VoiceXML interpreter]
An event 'noinput' was added to the event queue

2021-Oct-27 05:47:56.802 INFO {vxmlDialog_0} <Interpretation tracking> [VoiceXML interpreter]
User's input collection completed.

2021-Oct-27 05:47:56.804 INFO {vxmlDialog_0} <Interpretation tracking> [VoiceXML interpreter]
Processing event 'noinput'.
  Event origin = document 'file:/C:/Users/hakim/Desktop/TP/AGENDA_V0/gestion_agenda_v1.vxml'; line 241
  Handler location = document 'file:/C:/Users/hakim/Desktop/TP/AGENDA_V0/gestion_agenda_v1.vxml'; line 249, column 10

2021-Oct-27 05:47:56.829 INFO {vxmlDialog_0} <Interpretation tracking> [VoiceXML interpreter]
Interpreting <field> with name 'confirmDuree'; line 241; column 3.

2021-Oct-27 05:47:56.831 INFO {vxmlDialog_0} <Interpretation tracking> [VoiceXML interpreter]
Waiting for user's input.

2021-Oct-27 05:48:04.847 INFO {vxmlDialog_0} <Interpretation tracking> [VoiceXML interpreter]
An event 'noinput' was added to the event queue

2021-Oct-27 05:48:04.847 INFO {vxmlDialog_0} <Interpretation tracking> [VoiceXML interpreter]
User's input collection completed.

2021-Oct-27 05:48:04.847 INFO {vxmlDialog_0} <Interpretation tracking> [VoiceXML interpreter]
Processing event 'noinput'.
  Event origin = document 'file:/C:/Users/hakim/Desktop/TP/AGENDA_V0/gestion_agenda_v1.vxml'; line 241
  Handler location = document 'file:/C:/Users/hakim/Desktop/TP/AGENDA_V0/gestion_agenda_v1.vxml'; line 249, column 10

2021-Oct-27 05:48:04.853 INFO {vxmlDialog_0} <Interpretation tracking> [VoiceXML interpreter]
Interpreting <field> with name 'confirmDuree'; line 241; column 3.

2021-Oct-27 05:48:04.853 INFO {vxmlDialog_0} <Interpretation tracking> [VoiceXML interpreter]
Waiting for user's input.

2021-Oct-27 05:48:12.876 INFO {vxmlDialog_0} <Interpretation tracking> [VoiceXML interpreter]
An event 'noinput' was added to the event queue

2021-Oct-27 05:48:12.876 INFO {vxmlDialog_0} <Interpretation tracking> [VoiceXML interpreter]
User's input collection completed.

2021-Oct-27 05:48:12.877 INFO {vxmlDialog_0} <Interpretation tracking> [VoiceXML interpreter]
Processing event 'noinput'.
  Event origin = document 'file:/C:/Users/hakim/Desktop/TP/AGENDA_V0/gestion_agenda_v1.vxml'; line 241
  Handler location = document 'file:/C:/Users/hakim/Desktop/TP/AGENDA_V0/gestion_agenda_v1.vxml'; line 249, column 10

2021-Oct-27 05:48:12.896 INFO {vxmlDialog_0} <Interpretation tracking> [VoiceXML interpreter]
Interpreting <field> with name 'confirmDuree'; line 241; column 3.

2021-Oct-27 05:48:12.898 INFO {vxmlDialog_0} <Interpretation tracking> [VoiceXML interpreter]
Waiting for user's input.

2021-Oct-27 05:48:20.911 INFO {vxmlDialog_0} <Interpretation tracking> [VoiceXML interpreter]
An event 'noinput' was added to the event queue

2021-Oct-27 05:48:20.911 INFO {vxmlDialog_0} <Interpretation tracking> [VoiceXML interpreter]
User's input collection completed.

2021-Oct-27 05:48:20.913 INFO {vxmlDialog_0} <Interpretation tracking> [VoiceXML interpreter]
Processing event 'noinput'.
  Event origin = document 'file:/C:/Users/hakim/Desktop/TP/AGENDA_V0/gestion_agenda_v1.vxml'; line 241
  Handler location = document 'file:/C:/Users/hakim/Desktop/TP/AGENDA_V0/gestion_agenda_v1.vxml'; line 249, column 10

2021-Oct-27 05:48:20.922 INFO {vxmlDialog_0} <Interpretation tracking> [VoiceXML interpreter]
Interpreting <field> with name 'confirmDuree'; line 241; column 3.

2021-Oct-27 05:48:20.923 INFO {vxmlDialog_0} <Interpretation tracking> [VoiceXML interpreter]
Waiting for user's input.

2021-Oct-27 05:48:28.941 INFO {vxmlDialog_0} <Interpretation tracking> [VoiceXML interpreter]
An event 'noinput' was added to the event queue

2021-Oct-27 05:48:28.941 INFO {vxmlDialog_0} <Interpretation tracking> [VoiceXML interpreter]
User's input collection completed.

2021-Oct-27 05:48:28.941 INFO {vxmlDialog_0} <Interpretation tracking> [VoiceXML interpreter]
Processing event 'noinput'.
  Event origin = document 'file:/C:/Users/hakim/Desktop/TP/AGENDA_V0/gestion_agenda_v1.vxml'; line 241
  Handler location = document 'file:/C:/Users/hakim/Desktop/TP/AGENDA_V0/gestion_agenda_v1.vxml'; line 249, column 10

2021-Oct-27 05:48:28.950 INFO {vxmlDialog_0} <Interpretation tracking> [VoiceXML interpreter]
Interpreting <field> with name 'confirmDuree'; line 241; column 3.

2021-Oct-27 05:48:28.952 INFO {vxmlDialog_0} <Interpretation tracking> [VoiceXML interpreter]
Waiting for user's input.

2021-Oct-27 05:48:36.981 INFO {vxmlDialog_0} <Interpretation tracking> [VoiceXML interpreter]
An event 'noinput' was added to the event queue

2021-Oct-27 05:48:36.982 INFO {vxmlDialog_0} <Interpretation tracking> [VoiceXML interpreter]
User's input collection completed.

2021-Oct-27 05:48:36.984 INFO {vxmlDialog_0} <Interpretation tracking> [VoiceXML interpreter]
Processing event 'noinput'.
  Event origin = document 'file:/C:/Users/hakim/Desktop/TP/AGENDA_V0/gestion_agenda_v1.vxml'; line 241
  Handler location = document 'file:/C:/Users/hakim/Desktop/TP/AGENDA_V0/gestion_agenda_v1.vxml'; line 249, column 10

2021-Oct-27 05:48:37.017 INFO {vxmlDialog_0} <Interpretation tracking> [VoiceXML interpreter]
Interpreting <field> with name 'confirmDuree'; line 241; column 3.

2021-Oct-27 05:48:37.018 INFO {vxmlDialog_0} <Interpretation tracking> [VoiceXML interpreter]
Waiting for user's input.

2021-Oct-27 05:48:45.036 INFO {vxmlDialog_0} <Interpretation tracking> [VoiceXML interpreter]
An event 'noinput' was added to the event queue

2021-Oct-27 05:48:45.037 INFO {vxmlDialog_0} <Interpretation tracking> [VoiceXML interpreter]
User's input collection completed.

2021-Oct-27 05:48:45.039 INFO {vxmlDialog_0} <Interpretation tracking> [VoiceXML interpreter]
Processing event 'noinput'.
  Event origin = document 'file:/C:/Users/hakim/Desktop/TP/AGENDA_V0/gestion_agenda_v1.vxml'; line 241
  Handler location = document 'file:/C:/Users/hakim/Desktop/TP/AGENDA_V0/gestion_agenda_v1.vxml'; line 249, column 10

2021-Oct-27 05:48:45.063 INFO {vxmlDialog_0} <Interpretation tracking> [VoiceXML interpreter]
Interpreting <field> with name 'confirmDuree'; line 241; column 3.

2021-Oct-27 05:48:45.064 INFO {vxmlDialog_0} <Interpretation tracking> [VoiceXML interpreter]
Waiting for user's input.

2021-Oct-27 05:48:53.087 INFO {vxmlDialog_0} <Interpretation tracking> [VoiceXML interpreter]
An event 'noinput' was added to the event queue

2021-Oct-27 05:48:53.087 INFO {vxmlDialog_0} <Interpretation tracking> [VoiceXML interpreter]
User's input collection completed.

2021-Oct-27 05:48:53.088 INFO {vxmlDialog_0} <Interpretation tracking> [VoiceXML interpreter]
Processing event 'noinput'.
  Event origin = document 'file:/C:/Users/hakim/Desktop/TP/AGENDA_V0/gestion_agenda_v1.vxml'; line 241
  Handler location = document 'file:/C:/Users/hakim/Desktop/TP/AGENDA_V0/gestion_agenda_v1.vxml'; line 249, column 10

2021-Oct-27 05:48:53.106 INFO {vxmlDialog_0} <Interpretation tracking> [VoiceXML interpreter]
Interpreting <field> with name 'confirmDuree'; line 241; column 3.

2021-Oct-27 05:48:53.107 INFO {vxmlDialog_0} <Interpretation tracking> [VoiceXML interpreter]
Waiting for user's input.

2021-Oct-27 05:48:59.410 INFO {vxmlDialog_0} <Interpretation tracking> [VoiceXML interpreter]
User has been disconnected.

2021-Oct-27 05:48:59.410 INFO {vxmlDialog_0} <Interpretation tracking> [VoiceXML interpreter]
An event 'connection.disconnect.hangup' was added to the event queue

2021-Oct-27 05:48:59.422 INFO {vxmlDialog_0} <Interpretation tracking> [VoiceXML interpreter]
User's input collection completed.

2021-Oct-27 05:48:59.424 INFO {vxmlDialog_0} <Interpretation tracking> [VoiceXML interpreter]
Processing event 'connection.disconnect.hangup'.
  Event origin = document 'file:/C:/Users/hakim/Desktop/TP/AGENDA_V0/gestion_agenda_v1.vxml'
  Handler location = platform default handler

2021-Oct-27 05:48:59.482 INFO {vxmlDialog_0} <Interpretation tracking> [VoiceXML interpreter]
Interpretation finished.
  value returned by <exit> = 
{
}
  value returned by <disconnect> = 
undefined

2021-Oct-27 05:48:59.573 INFO {N/A} <N/A> [OptimComponents Core]
Deleted session with ID 'vxmlDialog_0'.

