Created from template: |append [ot_log-%y-%m-%d_%H_%M_%s.log] 
Number of records: 100000
Lifetime: unlimited
Log format:
date time severity {session id} <category> [source]
label: message
===================================================

2021-Nov-13 02:37:30.569 ALW {N/A} <N/A> [OptimComponents Core]
========== Log start ==========

2021-Nov-13 02:37:30.569 INFO {N/A} <N/A> [OptimComponents Core]
Created session with ID 'vxmlDialog_0'.

2021-Nov-13 02:37:30.647 INFO {vxmlDialog_0} <Interpretation tracking> [VoiceXML interpreter]
Preparing document 'file:/C:/Users/hakim/Desktop/TP/AGENDA/gestion_agenda_v1_bis.vxml'.

2021-Nov-13 02:37:30.647 INFO {vxmlDialog_0} <Interpretation tracking> [VoiceXML interpreter]
Preparing of document 'file:/C:/Users/hakim/Desktop/TP/AGENDA/gestion_agenda_v1_bis.vxml' completed.
  result = success

2021-Nov-13 02:37:30.647 INFO {vxmlDialog_0} <Interpretation tracking> [VoiceXML interpreter]
Interpreting document 'file:/C:/Users/hakim/Desktop/TP/AGENDA/gestion_agenda_v1_bis.vxml'

2021-Nov-13 02:37:30.647 INFO {vxmlDialog_0} <Interpretation tracking> [VoiceXML interpreter]
Interpreting <form> with id 'agenda'; line 34; column 1.

2021-Nov-13 02:37:30.647 INFO {vxmlDialog_0} <Interpretation tracking> [VoiceXML interpreter]
Interpreting <block>; line 51; column 1.

2021-Nov-13 02:37:30.647 INFO {vxmlDialog_0} <Interpretation tracking> [VoiceXML interpreter]
Interpreting <field> with name 'num_abonne'; line 59; column 1.

2021-Nov-13 02:37:30.772 INFO {vxmlDialog_0} <Interpretation tracking> [VoiceXML interpreter]
Waiting for user's input.

2021-Nov-13 02:37:32.191 INFO {vxmlDialog_0} <Interpretation tracking> [VoiceXML interpreter]
User's input collection completed.

2021-Nov-13 02:37:32.191 INFO {vxmlDialog_0} <Interpretation tracking> [VoiceXML interpreter]
The following input was collected:
  utterance = deux
  confidence = 1
  mode = voice

2021-Nov-13 02:37:32.207 INFO {vxmlDialog_0} <Interpretation tracking> [VoiceXML interpreter]
Interpreting <filled>; line 75; column 3.

2021-Nov-13 02:37:32.223 INFO {vxmlDialog_0} <Interpretation tracking> [VoiceXML interpreter]
Interpreting <subdialog> with name 'confirm_num_abo'; line 90; column 2.

2021-Nov-13 02:37:32.254 INFO {vxmlDialog_0} <Interpretation tracking> [VoiceXML interpreter]
Preparing document 'file:/C:/Users/hakim/Desktop/TP/AGENDA/confirmation_user.vxml#confirmation_form'.

2021-Nov-13 02:37:32.254 INFO {vxmlDialog_0} <Interpretation tracking> [VoiceXML interpreter]
Preparing of document 'file:/C:/Users/hakim/Desktop/TP/AGENDA/confirmation_user.vxml#confirmation_form' completed.
  result = success

2021-Nov-13 02:37:32.254 INFO {vxmlDialog_0} <Interpretation tracking> [VoiceXML interpreter]
Interpreting document 'file:/C:/Users/hakim/Desktop/TP/AGENDA/confirmation_user.vxml#confirmation_form'

2021-Nov-13 02:37:32.254 INFO {vxmlDialog_0} <Interpretation tracking> [VoiceXML interpreter]
Interpreting <form> with id 'confirmation_form'; line 28; column 1.

2021-Nov-13 02:37:32.270 INFO {vxmlDialog_0} <Interpretation tracking> [VoiceXML interpreter]
Interpreting <field> with name 'confirmation'; line 29; column 1.

2021-Nov-13 02:37:32.276 INFO {vxmlDialog_0} <Interpretation tracking> [VoiceXML interpreter]
Waiting for user's input.

2021-Nov-13 02:37:33.502 INFO {vxmlDialog_0} <Interpretation tracking> [VoiceXML interpreter]
User's input collection completed.

2021-Nov-13 02:37:33.514 INFO {vxmlDialog_0} <Interpretation tracking> [VoiceXML interpreter]
The following input was collected:
  utterance = non
  confidence = 1
  mode = voice

2021-Nov-13 02:37:33.514 INFO {vxmlDialog_0} <Interpretation tracking> [VoiceXML interpreter]
Interpreting <filled>; line 39; column 3.

2021-Nov-13 02:37:33.530 INFO {vxmlDialog_0} <Interpretation tracking> [VoiceXML interpreter]
Back from a subdialog.

2021-Nov-13 02:37:33.530 INFO {vxmlDialog_0} <Interpretation tracking> [VoiceXML interpreter]
Interpreting <filled>; line 92; column 10.

2021-Nov-13 02:37:33.530 INFO {vxmlDialog_0} <Interpretation tracking> [VoiceXML interpreter]
Interpreting <field> with name 'num_abonne'; line 59; column 1.

2021-Nov-13 02:37:33.530 INFO {vxmlDialog_0} <Interpretation tracking> [VoiceXML interpreter]
Waiting for user's input.

2021-Nov-13 02:37:34.791 INFO {vxmlDialog_0} <Interpretation tracking> [VoiceXML interpreter]
User's input collection completed.

2021-Nov-13 02:37:34.797 INFO {vxmlDialog_0} <Interpretation tracking> [VoiceXML interpreter]
The following input was collected:
  utterance = deux
  confidence = 1
  mode = voice

2021-Nov-13 02:37:34.813 INFO {vxmlDialog_0} <Interpretation tracking> [VoiceXML interpreter]
Interpreting <filled>; line 75; column 3.

2021-Nov-13 02:37:34.813 INFO {vxmlDialog_0} <Interpretation tracking> [VoiceXML interpreter]
Interpreting <subdialog> with name 'confirm_num_abo'; line 90; column 2.

2021-Nov-13 02:37:34.847 INFO {vxmlDialog_0} <Interpretation tracking> [VoiceXML interpreter]
Preparing document 'file:/C:/Users/hakim/Desktop/TP/AGENDA/confirmation_user.vxml#confirmation_form'.

2021-Nov-13 02:37:34.860 INFO {vxmlDialog_0} <Interpretation tracking> [VoiceXML interpreter]
Preparing of document 'file:/C:/Users/hakim/Desktop/TP/AGENDA/confirmation_user.vxml#confirmation_form' completed.
  result = success

2021-Nov-13 02:37:34.860 INFO {vxmlDialog_0} <Interpretation tracking> [VoiceXML interpreter]
Interpreting document 'file:/C:/Users/hakim/Desktop/TP/AGENDA/confirmation_user.vxml#confirmation_form'

2021-Nov-13 02:37:34.860 INFO {vxmlDialog_0} <Interpretation tracking> [VoiceXML interpreter]
Interpreting <form> with id 'confirmation_form'; line 28; column 1.

2021-Nov-13 02:37:34.860 INFO {vxmlDialog_0} <Interpretation tracking> [VoiceXML interpreter]
Interpreting <field> with name 'confirmation'; line 29; column 1.

2021-Nov-13 02:37:34.876 INFO {vxmlDialog_0} <Interpretation tracking> [VoiceXML interpreter]
Waiting for user's input.

2021-Nov-13 02:37:35.944 INFO {vxmlDialog_0} <Interpretation tracking> [VoiceXML interpreter]
User's input collection completed.

2021-Nov-13 02:37:35.958 INFO {vxmlDialog_0} <Interpretation tracking> [VoiceXML interpreter]
The following input was collected:
  utterance = oui
  confidence = 1
  mode = voice

2021-Nov-13 02:37:35.958 INFO {vxmlDialog_0} <Interpretation tracking> [VoiceXML interpreter]
Interpreting <filled>; line 39; column 3.

2021-Nov-13 02:37:35.958 INFO {vxmlDialog_0} <Interpretation tracking> [VoiceXML interpreter]
Back from a subdialog.

2021-Nov-13 02:37:35.958 INFO {vxmlDialog_0} <Interpretation tracking> [VoiceXML interpreter]
Interpreting <filled>; line 92; column 10.

2021-Nov-13 02:37:35.974 INFO {vxmlDialog_0} <Interpretation tracking> [VoiceXML interpreter]
Interpreting <block>; line 107; column 1.

2021-Nov-13 02:37:35.990 INFO {vxmlDialog_0} <Interpretation tracking> [VoiceXML interpreter]
Interpreting <field> with name 'date_resa'; line 113; column 1.

2021-Nov-13 02:37:36.062 INFO {vxmlDialog_0} <Interpretation tracking> [VoiceXML interpreter]
Waiting for user's input.

2021-Nov-13 02:37:38.369 INFO {vxmlDialog_0} <Interpretation tracking> [VoiceXML interpreter]
User's input collection completed.

2021-Nov-13 02:37:38.383 INFO {vxmlDialog_0} <Interpretation tracking> [VoiceXML interpreter]
The following input was collected:
  utterance = deux aout
  confidence = 1
  mode = voice

2021-Nov-13 02:37:38.383 INFO {vxmlDialog_0} <Interpretation tracking> [VoiceXML interpreter]
Interpreting <field> with name 'confirm_date_BIS'; line 127; column 1.

2021-Nov-13 02:37:38.469 INFO {vxmlDialog_0} <Interpretation tracking> [VoiceXML interpreter]
Waiting for user's input.

2021-Nov-13 02:37:41.466 INFO {vxmlDialog_0} <Interpretation tracking> [VoiceXML interpreter]
User's input collection completed.

2021-Nov-13 02:37:41.466 INFO {vxmlDialog_0} <Interpretation tracking> [VoiceXML interpreter]
The following input was collected:
  utterance = non
  confidence = 1
  mode = voice

2021-Nov-13 02:37:41.466 INFO {vxmlDialog_0} <Interpretation tracking> [VoiceXML interpreter]
Interpreting <filled>; line 139; column 5.

2021-Nov-13 02:37:41.484 INFO {vxmlDialog_0} <Interpretation tracking> [VoiceXML interpreter]
Interpreting <field> with name 'date_resa'; line 113; column 1.

2021-Nov-13 02:37:41.484 INFO {vxmlDialog_0} <Interpretation tracking> [VoiceXML interpreter]
Waiting for user's input.

2021-Nov-13 02:37:44.417 INFO {vxmlDialog_0} <Interpretation tracking> [VoiceXML interpreter]
User's input collection completed.

2021-Nov-13 02:37:44.448 INFO {vxmlDialog_0} <Interpretation tracking> [VoiceXML interpreter]
The following input was collected:
  utterance = deux
  confidence = 1
  mode = voice

2021-Nov-13 02:37:44.448 INFO {vxmlDialog_0} <Interpretation tracking> [VoiceXML interpreter]
An event 'nomatch' was added to the event queue

2021-Nov-13 02:37:44.448 INFO {vxmlDialog_0} <Interpretation tracking> [VoiceXML interpreter]
Processing event 'nomatch'.
  Event origin = document 'file:/C:/Users/hakim/Desktop/TP/AGENDA/gestion_agenda_v1_bis.vxml'; line 113
  Handler location = document 'file:/C:/Users/hakim/Desktop/TP/AGENDA/gestion_agenda_v1_bis.vxml'; line 122, column 8

2021-Nov-13 02:37:44.448 INFO {vxmlDialog_0} <Interpretation tracking> [VoiceXML interpreter]
Interpreting <field> with name 'date_resa'; line 113; column 1.

2021-Nov-13 02:37:44.448 INFO {vxmlDialog_0} <Interpretation tracking> [VoiceXML interpreter]
Waiting for user's input.

2021-Nov-13 02:37:48.712 INFO {vxmlDialog_0} <Interpretation tracking> [VoiceXML interpreter]
User's input collection completed.

2021-Nov-13 02:37:48.718 INFO {vxmlDialog_0} <Interpretation tracking> [VoiceXML interpreter]
The following input was collected:
  utterance = trois aout
  confidence = 1
  mode = voice

2021-Nov-13 02:37:48.718 INFO {vxmlDialog_0} <Interpretation tracking> [VoiceXML interpreter]
Interpreting <field> with name 'confirm_date_BIS'; line 127; column 1.

2021-Nov-13 02:37:48.718 INFO {vxmlDialog_0} <Interpretation tracking> [VoiceXML interpreter]
Waiting for user's input.

2021-Nov-13 02:37:51.357 INFO {vxmlDialog_0} <Interpretation tracking> [VoiceXML interpreter]
User's input collection completed.

2021-Nov-13 02:37:51.357 INFO {vxmlDialog_0} <Interpretation tracking> [VoiceXML interpreter]
The following input was collected:
  utterance = midi
  confidence = 1
  mode = voice

2021-Nov-13 02:37:51.374 INFO {vxmlDialog_0} <Interpretation tracking> [VoiceXML interpreter]
Interpreting <filled>; line 139; column 5.

2021-Nov-13 02:37:51.388 INFO {vxmlDialog_0} <Interpretation tracking> [VoiceXML interpreter]
Interpreting <subdialog> with name 'confirm_horaire'; line 193; column 1.

2021-Nov-13 02:37:51.420 INFO {vxmlDialog_0} <Interpretation tracking> [VoiceXML interpreter]
Preparing document 'file:/C:/Users/hakim/Desktop/TP/AGENDA/confirmation_user.vxml#confirmation_form'.

2021-Nov-13 02:37:51.420 INFO {vxmlDialog_0} <Interpretation tracking> [VoiceXML interpreter]
Preparing of document 'file:/C:/Users/hakim/Desktop/TP/AGENDA/confirmation_user.vxml#confirmation_form' completed.
  result = success

2021-Nov-13 02:37:51.420 INFO {vxmlDialog_0} <Interpretation tracking> [VoiceXML interpreter]
Interpreting document 'file:/C:/Users/hakim/Desktop/TP/AGENDA/confirmation_user.vxml#confirmation_form'

2021-Nov-13 02:37:51.436 INFO {vxmlDialog_0} <Interpretation tracking> [VoiceXML interpreter]
Interpreting <form> with id 'confirmation_form'; line 28; column 1.

2021-Nov-13 02:37:51.436 INFO {vxmlDialog_0} <Interpretation tracking> [VoiceXML interpreter]
Interpreting <field> with name 'confirmation'; line 29; column 1.

2021-Nov-13 02:37:51.442 INFO {vxmlDialog_0} <Interpretation tracking> [VoiceXML interpreter]
Waiting for user's input.

2021-Nov-13 02:37:53.378 INFO {vxmlDialog_0} <Interpretation tracking> [VoiceXML interpreter]
User's input collection completed.

2021-Nov-13 02:37:53.378 INFO {vxmlDialog_0} <Interpretation tracking> [VoiceXML interpreter]
The following input was collected:
  utterance = non
  confidence = 1
  mode = voice

2021-Nov-13 02:37:53.393 INFO {vxmlDialog_0} <Interpretation tracking> [VoiceXML interpreter]
Interpreting <filled>; line 39; column 3.

2021-Nov-13 02:37:53.393 INFO {vxmlDialog_0} <Interpretation tracking> [VoiceXML interpreter]
Back from a subdialog.

2021-Nov-13 02:37:53.393 INFO {vxmlDialog_0} <Interpretation tracking> [VoiceXML interpreter]
Interpreting <filled>; line 194; column 10.

2021-Nov-13 02:37:53.410 INFO {vxmlDialog_0} <Interpretation tracking> [VoiceXML interpreter]
Interpreting <field> with name 'confirm_date_BIS'; line 127; column 1.

2021-Nov-13 02:37:53.410 INFO {vxmlDialog_0} <Interpretation tracking> [VoiceXML interpreter]
Waiting for user's input.

2021-Nov-13 02:37:59.927 INFO {vxmlDialog_0} <Interpretation tracking> [VoiceXML interpreter]
User's input collection completed.

2021-Nov-13 02:37:59.943 INFO {vxmlDialog_0} <Interpretation tracking> [VoiceXML interpreter]
The following input was collected:
  utterance = midi
  confidence = 1
  mode = voice

2021-Nov-13 02:37:59.943 INFO {vxmlDialog_0} <Interpretation tracking> [VoiceXML interpreter]
Interpreting <filled>; line 139; column 5.

2021-Nov-13 02:37:59.960 INFO {vxmlDialog_0} <Interpretation tracking> [VoiceXML interpreter]
Interpreting <field> with name 'duree_resa'; line 210; column 1.

2021-Nov-13 02:38:00.013 INFO {vxmlDialog_0} <Interpretation tracking> [VoiceXML interpreter]
Waiting for user's input.

2021-Nov-13 02:38:08.040 INFO {vxmlDialog_0} <Interpretation tracking> [VoiceXML interpreter]
An event 'noinput' was added to the event queue

2021-Nov-13 02:38:08.040 INFO {vxmlDialog_0} <Interpretation tracking> [VoiceXML interpreter]
User's input collection completed.

2021-Nov-13 02:38:08.040 INFO {vxmlDialog_0} <Interpretation tracking> [VoiceXML interpreter]
Processing event 'noinput'.
  Event origin = document 'file:/C:/Users/hakim/Desktop/TP/AGENDA/gestion_agenda_v1_bis.vxml'; line 210
  Handler location = document 'file:/C:/Users/hakim/Desktop/TP/AGENDA/gestion_agenda_v1_bis.vxml'; line 218, column 8

2021-Nov-13 02:38:08.055 INFO {vxmlDialog_0} <Interpretation tracking> [VoiceXML interpreter]
Interpreting <field> with name 'duree_resa'; line 210; column 1.

2021-Nov-13 02:38:08.055 INFO {vxmlDialog_0} <Interpretation tracking> [VoiceXML interpreter]
Waiting for user's input.

2021-Nov-13 02:38:14.917 INFO {vxmlDialog_0} <Interpretation tracking> [VoiceXML interpreter]
User's input collection completed.

2021-Nov-13 02:38:14.932 INFO {vxmlDialog_0} <Interpretation tracking> [VoiceXML interpreter]
The following input was collected:
  utterance = une heure
  confidence = 1
  mode = voice

2021-Nov-13 02:38:14.941 INFO {vxmlDialog_0} <Interpretation tracking> [VoiceXML interpreter]
Interpreting <filled>; line 221; column 8.

2021-Nov-13 02:38:14.956 INFO {vxmlDialog_0} <Interpretation tracking> [VoiceXML interpreter]
Interpreting <subdialog> with name 'confirm_duree'; line 228; column 1.

2021-Nov-13 02:38:14.974 INFO {vxmlDialog_0} <Interpretation tracking> [VoiceXML interpreter]
Preparing document 'file:/C:/Users/hakim/Desktop/TP/AGENDA/confirmation_user.vxml#confirmation_form'.

2021-Nov-13 02:38:14.989 INFO {vxmlDialog_0} <Interpretation tracking> [VoiceXML interpreter]
Preparing of document 'file:/C:/Users/hakim/Desktop/TP/AGENDA/confirmation_user.vxml#confirmation_form' completed.
  result = success

2021-Nov-13 02:38:14.989 INFO {vxmlDialog_0} <Interpretation tracking> [VoiceXML interpreter]
Interpreting document 'file:/C:/Users/hakim/Desktop/TP/AGENDA/confirmation_user.vxml#confirmation_form'

2021-Nov-13 02:38:14.989 INFO {vxmlDialog_0} <Interpretation tracking> [VoiceXML interpreter]
Interpreting <form> with id 'confirmation_form'; line 28; column 1.

2021-Nov-13 02:38:14.989 INFO {vxmlDialog_0} <Interpretation tracking> [VoiceXML interpreter]
Interpreting <field> with name 'confirmation'; line 29; column 1.

2021-Nov-13 02:38:15.007 INFO {vxmlDialog_0} <Interpretation tracking> [VoiceXML interpreter]
Waiting for user's input.

2021-Nov-13 02:38:17.510 INFO {vxmlDialog_0} <Interpretation tracking> [VoiceXML interpreter]
User has been disconnected.

2021-Nov-13 02:38:17.510 INFO {vxmlDialog_0} <Interpretation tracking> [VoiceXML interpreter]
An event 'connection.disconnect.hangup' was added to the event queue

2021-Nov-13 02:38:17.510 INFO {vxmlDialog_0} <Interpretation tracking> [VoiceXML interpreter]
User's input collection completed.

2021-Nov-13 02:38:17.510 INFO {vxmlDialog_0} <Interpretation tracking> [VoiceXML interpreter]
Processing event 'connection.disconnect.hangup'.
  Event origin = document 'file:/C:/Users/hakim/Desktop/TP/AGENDA/confirmation_user.vxml'
  Handler location = platform default handler

2021-Nov-13 02:38:17.510 INFO {vxmlDialog_0} <Interpretation tracking> [VoiceXML interpreter]
Back from a subdialog.

2021-Nov-13 02:38:17.525 INFO {vxmlDialog_0} <Interpretation tracking> [VoiceXML interpreter]
Interpretation finished.
  value returned by <exit> = 
{
}
  value returned by <disconnect> = 
undefined

2021-Nov-13 02:38:17.696 INFO {N/A} <N/A> [OptimComponents Core]
Deleted session with ID 'vxmlDialog_0'.

