Created from template: |append [ot_log-%y-%m-%d_%H_%M_%s.log] 
Number of records: 100000
Lifetime: unlimited
Log format:
date time severity {session id} <category> [source]
label: message
===================================================

2021-Oct-28 21:24:22.932 ALW {N/A} <N/A> [OptimComponents Core]
========== Log start ==========

2021-Oct-28 21:24:22.932 INFO {N/A} <N/A> [OptimComponents Core]
Created session with ID 'vxmlDialog_0'.

2021-Oct-28 21:24:23.299 INFO {vxmlDialog_0} <Interpretation tracking> [VoiceXML interpreter]
Preparing document 'file:/C:/Users/hakim/Desktop/TP/AGENDA/gestion_agenda_v2.vxml'.

2021-Oct-28 21:24:23.338 INFO {vxmlDialog_0} <Interpretation tracking> [VoiceXML interpreter]
Preparing of document 'file:/C:/Users/hakim/Desktop/TP/AGENDA/gestion_agenda_v2.vxml' completed.
  result = success

2021-Oct-28 21:24:23.338 INFO {vxmlDialog_0} <Interpretation tracking> [VoiceXML interpreter]
Interpreting document 'file:/C:/Users/hakim/Desktop/TP/AGENDA/gestion_agenda_v2.vxml'

2021-Oct-28 21:24:23.354 INFO {vxmlDialog_0} <Interpretation tracking> [VoiceXML interpreter]
Interpreting <form> with id 'agenda'; line 34; column 1.

2021-Oct-28 21:24:23.354 INFO {vxmlDialog_0} <Interpretation tracking> [VoiceXML interpreter]
Interpreting <block>; line 51; column 1.

2021-Oct-28 21:24:23.371 INFO {vxmlDialog_0} <Interpretation tracking> [VoiceXML interpreter]
Interpreting <field> with name 'num_abonne'; line 59; column 1.

2021-Oct-28 21:24:23.442 INFO {vxmlDialog_0} <Interpretation tracking> [VoiceXML interpreter]
Waiting for user's input.

2021-Oct-28 21:24:25.016 INFO {vxmlDialog_0} <Interpretation tracking> [VoiceXML interpreter]
User's input collection completed.

2021-Oct-28 21:24:25.021 INFO {vxmlDialog_0} <Interpretation tracking> [VoiceXML interpreter]
The following input was collected:
  utterance = deux
  confidence = 1
  mode = voice

2021-Oct-28 21:24:25.021 INFO {vxmlDialog_0} <Interpretation tracking> [VoiceXML interpreter]
Interpreting <filled>; line 75; column 3.

2021-Oct-28 21:24:25.029 INFO {vxmlDialog_0} <Interpretation tracking> [VoiceXML interpreter]
Interpreting <field> with name 'confirm'; line 90; column 3.

2021-Oct-28 21:24:25.053 INFO {vxmlDialog_0} <Interpretation tracking> [VoiceXML interpreter]
Waiting for user's input.

2021-Oct-28 21:24:26.458 INFO {vxmlDialog_0} <Interpretation tracking> [VoiceXML interpreter]
User's input collection completed.

2021-Oct-28 21:24:26.463 INFO {vxmlDialog_0} <Interpretation tracking> [VoiceXML interpreter]
The following input was collected:
  utterance = oui
  confidence = 1
  mode = voice

2021-Oct-28 21:24:26.463 INFO {vxmlDialog_0} <Interpretation tracking> [VoiceXML interpreter]
Interpreting <filled>; line 103; column 10.

2021-Oct-28 21:24:26.479 INFO {vxmlDialog_0} <Interpretation tracking> [VoiceXML interpreter]
Interpreting <field> with name 'date_resa'; line 120; column 1.

2021-Oct-28 21:24:26.564 INFO {vxmlDialog_0} <Interpretation tracking> [VoiceXML interpreter]
Waiting for user's input.

2021-Oct-28 21:24:31.077 INFO {vxmlDialog_0} <Interpretation tracking> [VoiceXML interpreter]
User's input collection completed.

2021-Oct-28 21:24:31.097 INFO {vxmlDialog_0} <Interpretation tracking> [VoiceXML interpreter]
The following input was collected:
  utterance = premier janvier
  confidence = 1
  mode = voice

2021-Oct-28 21:24:31.113 INFO {vxmlDialog_0} <Interpretation tracking> [VoiceXML interpreter]
Interpreting <field> with name 'confirm_date_BIS'; line 134; column 1.

2021-Oct-28 21:24:31.270 INFO {vxmlDialog_0} <Interpretation tracking> [VoiceXML interpreter]
Waiting for user's input.

2021-Oct-28 21:24:35.711 INFO {vxmlDialog_0} <Interpretation tracking> [VoiceXML interpreter]
User's input collection completed.

2021-Oct-28 21:24:35.716 INFO {vxmlDialog_0} <Interpretation tracking> [VoiceXML interpreter]
The following input was collected:
  utterance = non
  confidence = 1
  mode = voice

2021-Oct-28 21:24:35.716 INFO {vxmlDialog_0} <Interpretation tracking> [VoiceXML interpreter]
Interpreting <filled>; line 146; column 5.

2021-Oct-28 21:24:35.732 INFO {vxmlDialog_0} <Interpretation tracking> [VoiceXML interpreter]
Interpreting <field> with name 'date_resa'; line 120; column 1.

2021-Oct-28 21:24:35.739 INFO {vxmlDialog_0} <Interpretation tracking> [VoiceXML interpreter]
Waiting for user's input.

2021-Oct-28 21:24:40.641 INFO {vxmlDialog_0} <Interpretation tracking> [VoiceXML interpreter]
User's input collection completed.

2021-Oct-28 21:24:40.669 INFO {vxmlDialog_0} <Interpretation tracking> [VoiceXML interpreter]
The following input was collected:
  utterance = deux mars
  confidence = 1
  mode = voice

2021-Oct-28 21:24:40.685 INFO {vxmlDialog_0} <Interpretation tracking> [VoiceXML interpreter]
Interpreting <field> with name 'confirm_date_BIS'; line 134; column 1.

2021-Oct-28 21:24:40.732 INFO {vxmlDialog_0} <Interpretation tracking> [VoiceXML interpreter]
Waiting for user's input.

2021-Oct-28 21:24:43.955 INFO {vxmlDialog_0} <Interpretation tracking> [VoiceXML interpreter]
User's input collection completed.

2021-Oct-28 21:24:43.970 INFO {vxmlDialog_0} <Interpretation tracking> [VoiceXML interpreter]
The following input was collected:
  utterance = midi
  confidence = 1
  mode = voice

2021-Oct-28 21:24:43.970 INFO {vxmlDialog_0} <Interpretation tracking> [VoiceXML interpreter]
Interpreting <filled>; line 146; column 5.

2021-Oct-28 21:24:43.986 INFO {vxmlDialog_0} <Interpretation tracking> [VoiceXML interpreter]
Interpreting <field> with name 'confirmHoraire'; line 200; column 3.

2021-Oct-28 21:24:43.986 INFO {vxmlDialog_0} <Interpretation tracking> [VoiceXML interpreter]
Waiting for user's input.

2021-Oct-28 21:24:52.013 INFO {vxmlDialog_0} <Interpretation tracking> [VoiceXML interpreter]
An event 'noinput' was added to the event queue

2021-Oct-28 21:24:52.013 INFO {vxmlDialog_0} <Interpretation tracking> [VoiceXML interpreter]
User's input collection completed.

2021-Oct-28 21:24:52.013 INFO {vxmlDialog_0} <Interpretation tracking> [VoiceXML interpreter]
Processing event 'noinput'.
  Event origin = document 'file:/C:/Users/hakim/Desktop/TP/AGENDA/gestion_agenda_v2.vxml'; line 200
  Handler location = document 'file:/C:/Users/hakim/Desktop/TP/AGENDA/gestion_agenda_v2.vxml'; line 208, column 10

2021-Oct-28 21:24:52.022 INFO {vxmlDialog_0} <Interpretation tracking> [VoiceXML interpreter]
Interpreting <field> with name 'confirmHoraire'; line 200; column 3.

2021-Oct-28 21:24:52.022 INFO {vxmlDialog_0} <Interpretation tracking> [VoiceXML interpreter]
Waiting for user's input.

2021-Oct-28 21:25:00.025 INFO {vxmlDialog_0} <Interpretation tracking> [VoiceXML interpreter]
An event 'noinput' was added to the event queue

2021-Oct-28 21:25:00.025 INFO {vxmlDialog_0} <Interpretation tracking> [VoiceXML interpreter]
User's input collection completed.

2021-Oct-28 21:25:00.025 INFO {vxmlDialog_0} <Interpretation tracking> [VoiceXML interpreter]
Processing event 'noinput'.
  Event origin = document 'file:/C:/Users/hakim/Desktop/TP/AGENDA/gestion_agenda_v2.vxml'; line 200
  Handler location = document 'file:/C:/Users/hakim/Desktop/TP/AGENDA/gestion_agenda_v2.vxml'; line 208, column 10

2021-Oct-28 21:25:00.036 INFO {vxmlDialog_0} <Interpretation tracking> [VoiceXML interpreter]
Interpreting <field> with name 'confirmHoraire'; line 200; column 3.

2021-Oct-28 21:25:00.036 INFO {vxmlDialog_0} <Interpretation tracking> [VoiceXML interpreter]
Waiting for user's input.

2021-Oct-28 21:25:08.050 INFO {vxmlDialog_0} <Interpretation tracking> [VoiceXML interpreter]
An event 'noinput' was added to the event queue

2021-Oct-28 21:25:08.050 INFO {vxmlDialog_0} <Interpretation tracking> [VoiceXML interpreter]
User's input collection completed.

2021-Oct-28 21:25:08.050 INFO {vxmlDialog_0} <Interpretation tracking> [VoiceXML interpreter]
Processing event 'noinput'.
  Event origin = document 'file:/C:/Users/hakim/Desktop/TP/AGENDA/gestion_agenda_v2.vxml'; line 200
  Handler location = document 'file:/C:/Users/hakim/Desktop/TP/AGENDA/gestion_agenda_v2.vxml'; line 208, column 10

2021-Oct-28 21:25:08.059 INFO {vxmlDialog_0} <Interpretation tracking> [VoiceXML interpreter]
Interpreting <field> with name 'confirmHoraire'; line 200; column 3.

2021-Oct-28 21:25:08.059 INFO {vxmlDialog_0} <Interpretation tracking> [VoiceXML interpreter]
Waiting for user's input.

2021-Oct-28 21:25:16.087 INFO {vxmlDialog_0} <Interpretation tracking> [VoiceXML interpreter]
An event 'noinput' was added to the event queue

2021-Oct-28 21:25:16.087 INFO {vxmlDialog_0} <Interpretation tracking> [VoiceXML interpreter]
User's input collection completed.

2021-Oct-28 21:25:16.087 INFO {vxmlDialog_0} <Interpretation tracking> [VoiceXML interpreter]
Processing event 'noinput'.
  Event origin = document 'file:/C:/Users/hakim/Desktop/TP/AGENDA/gestion_agenda_v2.vxml'; line 200
  Handler location = document 'file:/C:/Users/hakim/Desktop/TP/AGENDA/gestion_agenda_v2.vxml'; line 208, column 10

2021-Oct-28 21:25:16.096 INFO {vxmlDialog_0} <Interpretation tracking> [VoiceXML interpreter]
Interpreting <field> with name 'confirmHoraire'; line 200; column 3.

2021-Oct-28 21:25:16.096 INFO {vxmlDialog_0} <Interpretation tracking> [VoiceXML interpreter]
Waiting for user's input.

2021-Oct-28 21:25:24.104 INFO {vxmlDialog_0} <Interpretation tracking> [VoiceXML interpreter]
An event 'noinput' was added to the event queue

2021-Oct-28 21:25:24.104 INFO {vxmlDialog_0} <Interpretation tracking> [VoiceXML interpreter]
User's input collection completed.

2021-Oct-28 21:25:24.104 INFO {vxmlDialog_0} <Interpretation tracking> [VoiceXML interpreter]
Processing event 'noinput'.
  Event origin = document 'file:/C:/Users/hakim/Desktop/TP/AGENDA/gestion_agenda_v2.vxml'; line 200
  Handler location = document 'file:/C:/Users/hakim/Desktop/TP/AGENDA/gestion_agenda_v2.vxml'; line 208, column 10

2021-Oct-28 21:25:24.111 INFO {vxmlDialog_0} <Interpretation tracking> [VoiceXML interpreter]
Interpreting <field> with name 'confirmHoraire'; line 200; column 3.

2021-Oct-28 21:25:24.111 INFO {vxmlDialog_0} <Interpretation tracking> [VoiceXML interpreter]
Waiting for user's input.

2021-Oct-28 21:25:32.118 INFO {vxmlDialog_0} <Interpretation tracking> [VoiceXML interpreter]
An event 'noinput' was added to the event queue

2021-Oct-28 21:25:32.118 INFO {vxmlDialog_0} <Interpretation tracking> [VoiceXML interpreter]
User's input collection completed.

2021-Oct-28 21:25:32.118 INFO {vxmlDialog_0} <Interpretation tracking> [VoiceXML interpreter]
Processing event 'noinput'.
  Event origin = document 'file:/C:/Users/hakim/Desktop/TP/AGENDA/gestion_agenda_v2.vxml'; line 200
  Handler location = document 'file:/C:/Users/hakim/Desktop/TP/AGENDA/gestion_agenda_v2.vxml'; line 208, column 10

2021-Oct-28 21:25:32.136 INFO {vxmlDialog_0} <Interpretation tracking> [VoiceXML interpreter]
Interpreting <field> with name 'confirmHoraire'; line 200; column 3.

2021-Oct-28 21:25:32.143 INFO {vxmlDialog_0} <Interpretation tracking> [VoiceXML interpreter]
Waiting for user's input.

2021-Oct-28 21:25:40.161 INFO {vxmlDialog_0} <Interpretation tracking> [VoiceXML interpreter]
An event 'noinput' was added to the event queue

2021-Oct-28 21:25:40.161 INFO {vxmlDialog_0} <Interpretation tracking> [VoiceXML interpreter]
User's input collection completed.

2021-Oct-28 21:25:40.161 INFO {vxmlDialog_0} <Interpretation tracking> [VoiceXML interpreter]
Processing event 'noinput'.
  Event origin = document 'file:/C:/Users/hakim/Desktop/TP/AGENDA/gestion_agenda_v2.vxml'; line 200
  Handler location = document 'file:/C:/Users/hakim/Desktop/TP/AGENDA/gestion_agenda_v2.vxml'; line 208, column 10

2021-Oct-28 21:25:40.170 INFO {vxmlDialog_0} <Interpretation tracking> [VoiceXML interpreter]
Interpreting <field> with name 'confirmHoraire'; line 200; column 3.

2021-Oct-28 21:25:40.170 INFO {vxmlDialog_0} <Interpretation tracking> [VoiceXML interpreter]
Waiting for user's input.

2021-Oct-28 21:25:48.191 INFO {vxmlDialog_0} <Interpretation tracking> [VoiceXML interpreter]
An event 'noinput' was added to the event queue

2021-Oct-28 21:25:48.191 INFO {vxmlDialog_0} <Interpretation tracking> [VoiceXML interpreter]
User's input collection completed.

2021-Oct-28 21:25:48.191 INFO {vxmlDialog_0} <Interpretation tracking> [VoiceXML interpreter]
Processing event 'noinput'.
  Event origin = document 'file:/C:/Users/hakim/Desktop/TP/AGENDA/gestion_agenda_v2.vxml'; line 200
  Handler location = document 'file:/C:/Users/hakim/Desktop/TP/AGENDA/gestion_agenda_v2.vxml'; line 208, column 10

2021-Oct-28 21:25:48.199 INFO {vxmlDialog_0} <Interpretation tracking> [VoiceXML interpreter]
Interpreting <field> with name 'confirmHoraire'; line 200; column 3.

2021-Oct-28 21:25:48.207 INFO {vxmlDialog_0} <Interpretation tracking> [VoiceXML interpreter]
Waiting for user's input.

2021-Oct-28 21:25:56.220 INFO {vxmlDialog_0} <Interpretation tracking> [VoiceXML interpreter]
An event 'noinput' was added to the event queue

2021-Oct-28 21:25:56.220 INFO {vxmlDialog_0} <Interpretation tracking> [VoiceXML interpreter]
User's input collection completed.

2021-Oct-28 21:25:56.220 INFO {vxmlDialog_0} <Interpretation tracking> [VoiceXML interpreter]
Processing event 'noinput'.
  Event origin = document 'file:/C:/Users/hakim/Desktop/TP/AGENDA/gestion_agenda_v2.vxml'; line 200
  Handler location = document 'file:/C:/Users/hakim/Desktop/TP/AGENDA/gestion_agenda_v2.vxml'; line 208, column 10

2021-Oct-28 21:25:56.238 INFO {vxmlDialog_0} <Interpretation tracking> [VoiceXML interpreter]
Interpreting <field> with name 'confirmHoraire'; line 200; column 3.

2021-Oct-28 21:25:56.238 INFO {vxmlDialog_0} <Interpretation tracking> [VoiceXML interpreter]
Waiting for user's input.

2021-Oct-28 21:26:04.250 INFO {vxmlDialog_0} <Interpretation tracking> [VoiceXML interpreter]
An event 'noinput' was added to the event queue

2021-Oct-28 21:26:04.250 INFO {vxmlDialog_0} <Interpretation tracking> [VoiceXML interpreter]
User's input collection completed.

2021-Oct-28 21:26:04.250 INFO {vxmlDialog_0} <Interpretation tracking> [VoiceXML interpreter]
Processing event 'noinput'.
  Event origin = document 'file:/C:/Users/hakim/Desktop/TP/AGENDA/gestion_agenda_v2.vxml'; line 200
  Handler location = document 'file:/C:/Users/hakim/Desktop/TP/AGENDA/gestion_agenda_v2.vxml'; line 208, column 10

2021-Oct-28 21:26:04.259 INFO {vxmlDialog_0} <Interpretation tracking> [VoiceXML interpreter]
Interpreting <field> with name 'confirmHoraire'; line 200; column 3.

2021-Oct-28 21:26:04.259 INFO {vxmlDialog_0} <Interpretation tracking> [VoiceXML interpreter]
Waiting for user's input.

2021-Oct-28 21:26:12.283 INFO {vxmlDialog_0} <Interpretation tracking> [VoiceXML interpreter]
An event 'noinput' was added to the event queue

2021-Oct-28 21:26:12.283 INFO {vxmlDialog_0} <Interpretation tracking> [VoiceXML interpreter]
User's input collection completed.

2021-Oct-28 21:26:12.283 INFO {vxmlDialog_0} <Interpretation tracking> [VoiceXML interpreter]
Processing event 'noinput'.
  Event origin = document 'file:/C:/Users/hakim/Desktop/TP/AGENDA/gestion_agenda_v2.vxml'; line 200
  Handler location = document 'file:/C:/Users/hakim/Desktop/TP/AGENDA/gestion_agenda_v2.vxml'; line 208, column 10

2021-Oct-28 21:26:12.293 INFO {vxmlDialog_0} <Interpretation tracking> [VoiceXML interpreter]
Interpreting <field> with name 'confirmHoraire'; line 200; column 3.

2021-Oct-28 21:26:12.293 INFO {vxmlDialog_0} <Interpretation tracking> [VoiceXML interpreter]
Waiting for user's input.

2021-Oct-28 21:26:20.317 INFO {vxmlDialog_0} <Interpretation tracking> [VoiceXML interpreter]
An event 'noinput' was added to the event queue

2021-Oct-28 21:26:20.317 INFO {vxmlDialog_0} <Interpretation tracking> [VoiceXML interpreter]
User's input collection completed.

2021-Oct-28 21:26:20.317 INFO {vxmlDialog_0} <Interpretation tracking> [VoiceXML interpreter]
Processing event 'noinput'.
  Event origin = document 'file:/C:/Users/hakim/Desktop/TP/AGENDA/gestion_agenda_v2.vxml'; line 200
  Handler location = document 'file:/C:/Users/hakim/Desktop/TP/AGENDA/gestion_agenda_v2.vxml'; line 208, column 10

2021-Oct-28 21:26:20.335 INFO {vxmlDialog_0} <Interpretation tracking> [VoiceXML interpreter]
Interpreting <field> with name 'confirmHoraire'; line 200; column 3.

2021-Oct-28 21:26:20.335 INFO {vxmlDialog_0} <Interpretation tracking> [VoiceXML interpreter]
Waiting for user's input.

2021-Oct-28 21:26:28.342 INFO {vxmlDialog_0} <Interpretation tracking> [VoiceXML interpreter]
An event 'noinput' was added to the event queue

2021-Oct-28 21:26:28.342 INFO {vxmlDialog_0} <Interpretation tracking> [VoiceXML interpreter]
User's input collection completed.

2021-Oct-28 21:26:28.342 INFO {vxmlDialog_0} <Interpretation tracking> [VoiceXML interpreter]
Processing event 'noinput'.
  Event origin = document 'file:/C:/Users/hakim/Desktop/TP/AGENDA/gestion_agenda_v2.vxml'; line 200
  Handler location = document 'file:/C:/Users/hakim/Desktop/TP/AGENDA/gestion_agenda_v2.vxml'; line 208, column 10

2021-Oct-28 21:26:28.353 INFO {vxmlDialog_0} <Interpretation tracking> [VoiceXML interpreter]
Interpreting <field> with name 'confirmHoraire'; line 200; column 3.

2021-Oct-28 21:26:28.353 INFO {vxmlDialog_0} <Interpretation tracking> [VoiceXML interpreter]
Waiting for user's input.

2021-Oct-28 21:26:36.388 INFO {vxmlDialog_0} <Interpretation tracking> [VoiceXML interpreter]
An event 'noinput' was added to the event queue

2021-Oct-28 21:26:36.388 INFO {vxmlDialog_0} <Interpretation tracking> [VoiceXML interpreter]
User's input collection completed.

2021-Oct-28 21:26:36.388 INFO {vxmlDialog_0} <Interpretation tracking> [VoiceXML interpreter]
Processing event 'noinput'.
  Event origin = document 'file:/C:/Users/hakim/Desktop/TP/AGENDA/gestion_agenda_v2.vxml'; line 200
  Handler location = document 'file:/C:/Users/hakim/Desktop/TP/AGENDA/gestion_agenda_v2.vxml'; line 208, column 10

2021-Oct-28 21:26:36.414 INFO {vxmlDialog_0} <Interpretation tracking> [VoiceXML interpreter]
Interpreting <field> with name 'confirmHoraire'; line 200; column 3.

2021-Oct-28 21:26:36.414 INFO {vxmlDialog_0} <Interpretation tracking> [VoiceXML interpreter]
Waiting for user's input.

2021-Oct-28 21:26:44.438 INFO {vxmlDialog_0} <Interpretation tracking> [VoiceXML interpreter]
An event 'noinput' was added to the event queue

2021-Oct-28 21:26:44.438 INFO {vxmlDialog_0} <Interpretation tracking> [VoiceXML interpreter]
User's input collection completed.

2021-Oct-28 21:26:44.438 INFO {vxmlDialog_0} <Interpretation tracking> [VoiceXML interpreter]
Processing event 'noinput'.
  Event origin = document 'file:/C:/Users/hakim/Desktop/TP/AGENDA/gestion_agenda_v2.vxml'; line 200
  Handler location = document 'file:/C:/Users/hakim/Desktop/TP/AGENDA/gestion_agenda_v2.vxml'; line 208, column 10

2021-Oct-28 21:26:44.464 INFO {vxmlDialog_0} <Interpretation tracking> [VoiceXML interpreter]
Interpreting <field> with name 'confirmHoraire'; line 200; column 3.

2021-Oct-28 21:26:44.464 INFO {vxmlDialog_0} <Interpretation tracking> [VoiceXML interpreter]
Waiting for user's input.

2021-Oct-28 21:26:52.469 INFO {vxmlDialog_0} <Interpretation tracking> [VoiceXML interpreter]
An event 'noinput' was added to the event queue

2021-Oct-28 21:26:52.469 INFO {vxmlDialog_0} <Interpretation tracking> [VoiceXML interpreter]
User's input collection completed.

2021-Oct-28 21:26:52.473 INFO {vxmlDialog_0} <Interpretation tracking> [VoiceXML interpreter]
Processing event 'noinput'.
  Event origin = document 'file:/C:/Users/hakim/Desktop/TP/AGENDA/gestion_agenda_v2.vxml'; line 200
  Handler location = document 'file:/C:/Users/hakim/Desktop/TP/AGENDA/gestion_agenda_v2.vxml'; line 208, column 10

2021-Oct-28 21:26:52.482 INFO {vxmlDialog_0} <Interpretation tracking> [VoiceXML interpreter]
Interpreting <field> with name 'confirmHoraire'; line 200; column 3.

2021-Oct-28 21:26:52.482 INFO {vxmlDialog_0} <Interpretation tracking> [VoiceXML interpreter]
Waiting for user's input.

2021-Oct-28 21:27:00.495 INFO {vxmlDialog_0} <Interpretation tracking> [VoiceXML interpreter]
An event 'noinput' was added to the event queue

2021-Oct-28 21:27:00.495 INFO {vxmlDialog_0} <Interpretation tracking> [VoiceXML interpreter]
User's input collection completed.

2021-Oct-28 21:27:00.495 INFO {vxmlDialog_0} <Interpretation tracking> [VoiceXML interpreter]
Processing event 'noinput'.
  Event origin = document 'file:/C:/Users/hakim/Desktop/TP/AGENDA/gestion_agenda_v2.vxml'; line 200
  Handler location = document 'file:/C:/Users/hakim/Desktop/TP/AGENDA/gestion_agenda_v2.vxml'; line 208, column 10

2021-Oct-28 21:27:00.495 INFO {vxmlDialog_0} <Interpretation tracking> [VoiceXML interpreter]
Interpreting <field> with name 'confirmHoraire'; line 200; column 3.

2021-Oct-28 21:27:00.495 INFO {vxmlDialog_0} <Interpretation tracking> [VoiceXML interpreter]
Waiting for user's input.

2021-Oct-28 21:27:08.513 INFO {vxmlDialog_0} <Interpretation tracking> [VoiceXML interpreter]
An event 'noinput' was added to the event queue

2021-Oct-28 21:27:08.513 INFO {vxmlDialog_0} <Interpretation tracking> [VoiceXML interpreter]
User's input collection completed.

2021-Oct-28 21:27:08.513 INFO {vxmlDialog_0} <Interpretation tracking> [VoiceXML interpreter]
Processing event 'noinput'.
  Event origin = document 'file:/C:/Users/hakim/Desktop/TP/AGENDA/gestion_agenda_v2.vxml'; line 200
  Handler location = document 'file:/C:/Users/hakim/Desktop/TP/AGENDA/gestion_agenda_v2.vxml'; line 208, column 10

2021-Oct-28 21:27:08.529 INFO {vxmlDialog_0} <Interpretation tracking> [VoiceXML interpreter]
Interpreting <field> with name 'confirmHoraire'; line 200; column 3.

2021-Oct-28 21:27:08.529 INFO {vxmlDialog_0} <Interpretation tracking> [VoiceXML interpreter]
Waiting for user's input.

2021-Oct-28 21:27:16.543 INFO {vxmlDialog_0} <Interpretation tracking> [VoiceXML interpreter]
An event 'noinput' was added to the event queue

2021-Oct-28 21:27:16.543 INFO {vxmlDialog_0} <Interpretation tracking> [VoiceXML interpreter]
User's input collection completed.

2021-Oct-28 21:27:16.543 INFO {vxmlDialog_0} <Interpretation tracking> [VoiceXML interpreter]
Processing event 'noinput'.
  Event origin = document 'file:/C:/Users/hakim/Desktop/TP/AGENDA/gestion_agenda_v2.vxml'; line 200
  Handler location = document 'file:/C:/Users/hakim/Desktop/TP/AGENDA/gestion_agenda_v2.vxml'; line 208, column 10

2021-Oct-28 21:27:16.566 INFO {vxmlDialog_0} <Interpretation tracking> [VoiceXML interpreter]
Interpreting <field> with name 'confirmHoraire'; line 200; column 3.

2021-Oct-28 21:27:16.566 INFO {vxmlDialog_0} <Interpretation tracking> [VoiceXML interpreter]
Waiting for user's input.

2021-Oct-28 21:27:24.588 INFO {vxmlDialog_0} <Interpretation tracking> [VoiceXML interpreter]
An event 'noinput' was added to the event queue

2021-Oct-28 21:27:24.588 INFO {vxmlDialog_0} <Interpretation tracking> [VoiceXML interpreter]
User's input collection completed.

2021-Oct-28 21:27:24.588 INFO {vxmlDialog_0} <Interpretation tracking> [VoiceXML interpreter]
Processing event 'noinput'.
  Event origin = document 'file:/C:/Users/hakim/Desktop/TP/AGENDA/gestion_agenda_v2.vxml'; line 200
  Handler location = document 'file:/C:/Users/hakim/Desktop/TP/AGENDA/gestion_agenda_v2.vxml'; line 208, column 10

2021-Oct-28 21:27:24.588 INFO {vxmlDialog_0} <Interpretation tracking> [VoiceXML interpreter]
Interpreting <field> with name 'confirmHoraire'; line 200; column 3.

2021-Oct-28 21:27:24.588 INFO {vxmlDialog_0} <Interpretation tracking> [VoiceXML interpreter]
Waiting for user's input.

2021-Oct-28 21:27:32.600 INFO {vxmlDialog_0} <Interpretation tracking> [VoiceXML interpreter]
An event 'noinput' was added to the event queue

2021-Oct-28 21:27:32.600 INFO {vxmlDialog_0} <Interpretation tracking> [VoiceXML interpreter]
User's input collection completed.

2021-Oct-28 21:27:32.600 INFO {vxmlDialog_0} <Interpretation tracking> [VoiceXML interpreter]
Processing event 'noinput'.
  Event origin = document 'file:/C:/Users/hakim/Desktop/TP/AGENDA/gestion_agenda_v2.vxml'; line 200
  Handler location = document 'file:/C:/Users/hakim/Desktop/TP/AGENDA/gestion_agenda_v2.vxml'; line 208, column 10

2021-Oct-28 21:27:32.616 INFO {vxmlDialog_0} <Interpretation tracking> [VoiceXML interpreter]
Interpreting <field> with name 'confirmHoraire'; line 200; column 3.

2021-Oct-28 21:27:32.616 INFO {vxmlDialog_0} <Interpretation tracking> [VoiceXML interpreter]
Waiting for user's input.

2021-Oct-28 21:27:40.654 INFO {vxmlDialog_0} <Interpretation tracking> [VoiceXML interpreter]
An event 'noinput' was added to the event queue

2021-Oct-28 21:27:40.654 INFO {vxmlDialog_0} <Interpretation tracking> [VoiceXML interpreter]
User's input collection completed.

2021-Oct-28 21:27:40.654 INFO {vxmlDialog_0} <Interpretation tracking> [VoiceXML interpreter]
Processing event 'noinput'.
  Event origin = document 'file:/C:/Users/hakim/Desktop/TP/AGENDA/gestion_agenda_v2.vxml'; line 200
  Handler location = document 'file:/C:/Users/hakim/Desktop/TP/AGENDA/gestion_agenda_v2.vxml'; line 208, column 10

2021-Oct-28 21:27:40.663 INFO {vxmlDialog_0} <Interpretation tracking> [VoiceXML interpreter]
Interpreting <field> with name 'confirmHoraire'; line 200; column 3.

2021-Oct-28 21:27:40.663 INFO {vxmlDialog_0} <Interpretation tracking> [VoiceXML interpreter]
Waiting for user's input.

2021-Oct-28 21:27:48.683 INFO {vxmlDialog_0} <Interpretation tracking> [VoiceXML interpreter]
An event 'noinput' was added to the event queue

2021-Oct-28 21:27:48.683 INFO {vxmlDialog_0} <Interpretation tracking> [VoiceXML interpreter]
User's input collection completed.

2021-Oct-28 21:27:48.683 INFO {vxmlDialog_0} <Interpretation tracking> [VoiceXML interpreter]
Processing event 'noinput'.
  Event origin = document 'file:/C:/Users/hakim/Desktop/TP/AGENDA/gestion_agenda_v2.vxml'; line 200
  Handler location = document 'file:/C:/Users/hakim/Desktop/TP/AGENDA/gestion_agenda_v2.vxml'; line 208, column 10

2021-Oct-28 21:27:48.700 INFO {vxmlDialog_0} <Interpretation tracking> [VoiceXML interpreter]
Interpreting <field> with name 'confirmHoraire'; line 200; column 3.

2021-Oct-28 21:27:48.700 INFO {vxmlDialog_0} <Interpretation tracking> [VoiceXML interpreter]
Waiting for user's input.

2021-Oct-28 21:27:56.713 INFO {vxmlDialog_0} <Interpretation tracking> [VoiceXML interpreter]
An event 'noinput' was added to the event queue

2021-Oct-28 21:27:56.713 INFO {vxmlDialog_0} <Interpretation tracking> [VoiceXML interpreter]
User's input collection completed.

2021-Oct-28 21:27:56.713 INFO {vxmlDialog_0} <Interpretation tracking> [VoiceXML interpreter]
Processing event 'noinput'.
  Event origin = document 'file:/C:/Users/hakim/Desktop/TP/AGENDA/gestion_agenda_v2.vxml'; line 200
  Handler location = document 'file:/C:/Users/hakim/Desktop/TP/AGENDA/gestion_agenda_v2.vxml'; line 208, column 10

2021-Oct-28 21:27:56.722 INFO {vxmlDialog_0} <Interpretation tracking> [VoiceXML interpreter]
Interpreting <field> with name 'confirmHoraire'; line 200; column 3.

2021-Oct-28 21:27:56.722 INFO {vxmlDialog_0} <Interpretation tracking> [VoiceXML interpreter]
Waiting for user's input.

2021-Oct-28 21:28:04.724 INFO {vxmlDialog_0} <Interpretation tracking> [VoiceXML interpreter]
An event 'noinput' was added to the event queue

2021-Oct-28 21:28:04.724 INFO {vxmlDialog_0} <Interpretation tracking> [VoiceXML interpreter]
User's input collection completed.

2021-Oct-28 21:28:04.724 INFO {vxmlDialog_0} <Interpretation tracking> [VoiceXML interpreter]
Processing event 'noinput'.
  Event origin = document 'file:/C:/Users/hakim/Desktop/TP/AGENDA/gestion_agenda_v2.vxml'; line 200
  Handler location = document 'file:/C:/Users/hakim/Desktop/TP/AGENDA/gestion_agenda_v2.vxml'; line 208, column 10

2021-Oct-28 21:28:04.732 INFO {vxmlDialog_0} <Interpretation tracking> [VoiceXML interpreter]
Interpreting <field> with name 'confirmHoraire'; line 200; column 3.

2021-Oct-28 21:28:04.732 INFO {vxmlDialog_0} <Interpretation tracking> [VoiceXML interpreter]
Waiting for user's input.

2021-Oct-28 21:28:12.737 INFO {vxmlDialog_0} <Interpretation tracking> [VoiceXML interpreter]
An event 'noinput' was added to the event queue

2021-Oct-28 21:28:12.737 INFO {vxmlDialog_0} <Interpretation tracking> [VoiceXML interpreter]
User's input collection completed.

2021-Oct-28 21:28:12.737 INFO {vxmlDialog_0} <Interpretation tracking> [VoiceXML interpreter]
Processing event 'noinput'.
  Event origin = document 'file:/C:/Users/hakim/Desktop/TP/AGENDA/gestion_agenda_v2.vxml'; line 200
  Handler location = document 'file:/C:/Users/hakim/Desktop/TP/AGENDA/gestion_agenda_v2.vxml'; line 208, column 10

2021-Oct-28 21:28:12.753 INFO {vxmlDialog_0} <Interpretation tracking> [VoiceXML interpreter]
Interpreting <field> with name 'confirmHoraire'; line 200; column 3.

2021-Oct-28 21:28:12.753 INFO {vxmlDialog_0} <Interpretation tracking> [VoiceXML interpreter]
Waiting for user's input.

2021-Oct-28 21:28:20.757 INFO {vxmlDialog_0} <Interpretation tracking> [VoiceXML interpreter]
An event 'noinput' was added to the event queue

2021-Oct-28 21:28:20.757 INFO {vxmlDialog_0} <Interpretation tracking> [VoiceXML interpreter]
User's input collection completed.

2021-Oct-28 21:28:20.757 INFO {vxmlDialog_0} <Interpretation tracking> [VoiceXML interpreter]
Processing event 'noinput'.
  Event origin = document 'file:/C:/Users/hakim/Desktop/TP/AGENDA/gestion_agenda_v2.vxml'; line 200
  Handler location = document 'file:/C:/Users/hakim/Desktop/TP/AGENDA/gestion_agenda_v2.vxml'; line 208, column 10

2021-Oct-28 21:28:20.757 INFO {vxmlDialog_0} <Interpretation tracking> [VoiceXML interpreter]
Interpreting <field> with name 'confirmHoraire'; line 200; column 3.

2021-Oct-28 21:28:20.765 INFO {vxmlDialog_0} <Interpretation tracking> [VoiceXML interpreter]
Waiting for user's input.

2021-Oct-28 21:28:28.771 INFO {vxmlDialog_0} <Interpretation tracking> [VoiceXML interpreter]
An event 'noinput' was added to the event queue

2021-Oct-28 21:28:28.771 INFO {vxmlDialog_0} <Interpretation tracking> [VoiceXML interpreter]
User's input collection completed.

2021-Oct-28 21:28:28.771 INFO {vxmlDialog_0} <Interpretation tracking> [VoiceXML interpreter]
Processing event 'noinput'.
  Event origin = document 'file:/C:/Users/hakim/Desktop/TP/AGENDA/gestion_agenda_v2.vxml'; line 200
  Handler location = document 'file:/C:/Users/hakim/Desktop/TP/AGENDA/gestion_agenda_v2.vxml'; line 208, column 10

2021-Oct-28 21:28:28.773 INFO {vxmlDialog_0} <Interpretation tracking> [VoiceXML interpreter]
Interpreting <field> with name 'confirmHoraire'; line 200; column 3.

2021-Oct-28 21:28:28.773 INFO {vxmlDialog_0} <Interpretation tracking> [VoiceXML interpreter]
Waiting for user's input.

2021-Oct-28 21:28:36.781 INFO {vxmlDialog_0} <Interpretation tracking> [VoiceXML interpreter]
An event 'noinput' was added to the event queue

2021-Oct-28 21:28:36.781 INFO {vxmlDialog_0} <Interpretation tracking> [VoiceXML interpreter]
User's input collection completed.

2021-Oct-28 21:28:36.781 INFO {vxmlDialog_0} <Interpretation tracking> [VoiceXML interpreter]
Processing event 'noinput'.
  Event origin = document 'file:/C:/Users/hakim/Desktop/TP/AGENDA/gestion_agenda_v2.vxml'; line 200
  Handler location = document 'file:/C:/Users/hakim/Desktop/TP/AGENDA/gestion_agenda_v2.vxml'; line 208, column 10

2021-Oct-28 21:28:36.790 INFO {vxmlDialog_0} <Interpretation tracking> [VoiceXML interpreter]
Interpreting <field> with name 'confirmHoraire'; line 200; column 3.

2021-Oct-28 21:28:36.790 INFO {vxmlDialog_0} <Interpretation tracking> [VoiceXML interpreter]
Waiting for user's input.

2021-Oct-28 21:28:44.801 INFO {vxmlDialog_0} <Interpretation tracking> [VoiceXML interpreter]
An event 'noinput' was added to the event queue

2021-Oct-28 21:28:44.801 INFO {vxmlDialog_0} <Interpretation tracking> [VoiceXML interpreter]
User's input collection completed.

2021-Oct-28 21:28:44.801 INFO {vxmlDialog_0} <Interpretation tracking> [VoiceXML interpreter]
Processing event 'noinput'.
  Event origin = document 'file:/C:/Users/hakim/Desktop/TP/AGENDA/gestion_agenda_v2.vxml'; line 200
  Handler location = document 'file:/C:/Users/hakim/Desktop/TP/AGENDA/gestion_agenda_v2.vxml'; line 208, column 10

2021-Oct-28 21:28:44.810 INFO {vxmlDialog_0} <Interpretation tracking> [VoiceXML interpreter]
Interpreting <field> with name 'confirmHoraire'; line 200; column 3.

2021-Oct-28 21:28:44.818 INFO {vxmlDialog_0} <Interpretation tracking> [VoiceXML interpreter]
Waiting for user's input.

2021-Oct-28 21:28:52.840 INFO {vxmlDialog_0} <Interpretation tracking> [VoiceXML interpreter]
An event 'noinput' was added to the event queue

2021-Oct-28 21:28:52.840 INFO {vxmlDialog_0} <Interpretation tracking> [VoiceXML interpreter]
User's input collection completed.

2021-Oct-28 21:28:52.840 INFO {vxmlDialog_0} <Interpretation tracking> [VoiceXML interpreter]
Processing event 'noinput'.
  Event origin = document 'file:/C:/Users/hakim/Desktop/TP/AGENDA/gestion_agenda_v2.vxml'; line 200
  Handler location = document 'file:/C:/Users/hakim/Desktop/TP/AGENDA/gestion_agenda_v2.vxml'; line 208, column 10

2021-Oct-28 21:28:52.865 INFO {vxmlDialog_0} <Interpretation tracking> [VoiceXML interpreter]
Interpreting <field> with name 'confirmHoraire'; line 200; column 3.

2021-Oct-28 21:28:52.873 INFO {vxmlDialog_0} <Interpretation tracking> [VoiceXML interpreter]
Waiting for user's input.

2021-Oct-28 21:28:59.535 INFO {vxmlDialog_0} <Interpretation tracking> [VoiceXML interpreter]
User has been disconnected.

2021-Oct-28 21:28:59.535 INFO {vxmlDialog_0} <Interpretation tracking> [VoiceXML interpreter]
An event 'connection.disconnect.hangup' was added to the event queue

2021-Oct-28 21:28:59.540 INFO {vxmlDialog_0} <Interpretation tracking> [VoiceXML interpreter]
User's input collection completed.

2021-Oct-28 21:28:59.540 INFO {vxmlDialog_0} <Interpretation tracking> [VoiceXML interpreter]
Processing event 'connection.disconnect.hangup'.
  Event origin = document 'file:/C:/Users/hakim/Desktop/TP/AGENDA/gestion_agenda_v2.vxml'
  Handler location = platform default handler

2021-Oct-28 21:28:59.556 INFO {vxmlDialog_0} <Interpretation tracking> [VoiceXML interpreter]
Interpretation finished.
  value returned by <exit> = 
{
}
  value returned by <disconnect> = 
undefined

2021-Oct-28 21:28:59.673 INFO {N/A} <N/A> [OptimComponents Core]
Deleted session with ID 'vxmlDialog_0'.

