Created from template: |append [ot_log-%y-%m-%d_%H_%M_%s.log] 
Number of records: 100000
Lifetime: unlimited
Log format:
date time severity {session id} <category> [source]
label: message
===================================================

2021-Oct-28 21:13:33.043 ALW {N/A} <N/A> [OptimComponents Core]
========== Log start ==========

2021-Oct-28 21:13:33.043 INFO {N/A} <N/A> [OptimComponents Core]
Created session with ID 'vxmlDialog_0'.

2021-Oct-28 21:13:33.430 INFO {vxmlDialog_0} <Interpretation tracking> [VoiceXML interpreter]
Preparing document 'file:/C:/Users/hakim/Desktop/TP/AGENDA/gestion_agenda_v1_bis.vxml'.

2021-Oct-28 21:13:33.475 INFO {vxmlDialog_0} <Interpretation tracking> [VoiceXML interpreter]
Preparing of document 'file:/C:/Users/hakim/Desktop/TP/AGENDA/gestion_agenda_v1_bis.vxml' completed.
  result = success

2021-Oct-28 21:13:33.476 INFO {vxmlDialog_0} <Interpretation tracking> [VoiceXML interpreter]
Interpreting document 'file:/C:/Users/hakim/Desktop/TP/AGENDA/gestion_agenda_v1_bis.vxml'

2021-Oct-28 21:13:33.484 INFO {vxmlDialog_0} <Interpretation tracking> [VoiceXML interpreter]
Interpreting <form> with id 'agenda'; line 34; column 1.

2021-Oct-28 21:13:33.484 INFO {vxmlDialog_0} <Interpretation tracking> [VoiceXML interpreter]
Interpreting <block>; line 51; column 1.

2021-Oct-28 21:13:33.509 INFO {vxmlDialog_0} <Interpretation tracking> [VoiceXML interpreter]
Interpreting <field> with name 'num_abonne'; line 59; column 1.

2021-Oct-28 21:13:33.587 INFO {vxmlDialog_0} <Interpretation tracking> [VoiceXML interpreter]
Waiting for user's input.

2021-Oct-28 21:13:35.906 INFO {vxmlDialog_0} <Interpretation tracking> [VoiceXML interpreter]
User's input collection completed.

2021-Oct-28 21:13:35.922 INFO {vxmlDialog_0} <Interpretation tracking> [VoiceXML interpreter]
The following input was collected:
  utterance = deux
  confidence = 1
  mode = voice

2021-Oct-28 21:13:35.930 INFO {vxmlDialog_0} <Interpretation tracking> [VoiceXML interpreter]
Interpreting <filled>; line 75; column 3.

2021-Oct-28 21:13:35.978 INFO {vxmlDialog_0} <Interpretation tracking> [VoiceXML interpreter]
Interpreting <field> with name 'confirm'; line 90; column 1.

2021-Oct-28 21:13:36.048 INFO {vxmlDialog_0} <Interpretation tracking> [VoiceXML interpreter]
Waiting for user's input.

2021-Oct-28 21:13:38.997 INFO {vxmlDialog_0} <Interpretation tracking> [VoiceXML interpreter]
User's input collection completed.

2021-Oct-28 21:13:39.003 INFO {vxmlDialog_0} <Interpretation tracking> [VoiceXML interpreter]
The following input was collected:
  utterance = oui
  confidence = 1
  mode = voice

2021-Oct-28 21:13:39.011 INFO {vxmlDialog_0} <Interpretation tracking> [VoiceXML interpreter]
Interpreting <filled>; line 105; column 10.

2021-Oct-28 21:13:39.026 INFO {vxmlDialog_0} <Interpretation tracking> [VoiceXML interpreter]
Interpreting <field> with name 'date_reservation'; line 121; column 1.

2021-Oct-28 21:13:39.112 INFO {vxmlDialog_0} <Interpretation tracking> [VoiceXML interpreter]
Waiting for user's input.

2021-Oct-28 21:13:47.137 INFO {vxmlDialog_0} <Interpretation tracking> [VoiceXML interpreter]
An event 'noinput' was added to the event queue

2021-Oct-28 21:13:47.137 INFO {vxmlDialog_0} <Interpretation tracking> [VoiceXML interpreter]
User's input collection completed.

2021-Oct-28 21:13:47.137 INFO {vxmlDialog_0} <Interpretation tracking> [VoiceXML interpreter]
Processing event 'noinput'.
  Event origin = document 'file:/C:/Users/hakim/Desktop/TP/AGENDA/gestion_agenda_v1_bis.vxml'; line 121
  Handler location = document 'file:/C:/Users/hakim/Desktop/TP/AGENDA/gestion_agenda_v1_bis.vxml'; line 129, column 8

2021-Oct-28 21:13:47.146 INFO {vxmlDialog_0} <Interpretation tracking> [VoiceXML interpreter]
Interpreting <field> with name 'date_reservation'; line 121; column 1.

2021-Oct-28 21:13:47.147 INFO {vxmlDialog_0} <Interpretation tracking> [VoiceXML interpreter]
Waiting for user's input.

2021-Oct-28 21:13:52.269 INFO {vxmlDialog_0} <Interpretation tracking> [VoiceXML interpreter]
User's input collection completed.

2021-Oct-28 21:13:52.292 INFO {vxmlDialog_0} <Interpretation tracking> [VoiceXML interpreter]
The following input was collected:
  utterance = premier janvier
  confidence = 1
  mode = voice

2021-Oct-28 21:13:52.308 INFO {vxmlDialog_0} <Interpretation tracking> [VoiceXML interpreter]
Interpreting <filled>; line 132; column 8.

2021-Oct-28 21:13:52.339 INFO {vxmlDialog_0} <Interpretation tracking> [VoiceXML interpreter]
Interpreting <field> with name 'confirm_date_BIS'; line 137; column 1.

2021-Oct-28 21:13:52.347 INFO {vxmlDialog_0} <Interpretation tracking> [VoiceXML interpreter]
An event 'error.badfetch' was added to the event queue

2021-Oct-28 21:13:52.347 ERR  {vxmlDialog_0} <System message> [VoiceXML interpreter]
An unhandled error event 'error.badfetch' occurred (It will be processed by a default platform error handler). The following message was associated with the event: document 'file:/C:/Users/hakim/Desktop/TP/AGENDA/gestion_agenda_v1_bis.vxml', line 141; Cannot load grammar 'file:/C:/Users/hakim/Desktop/TP/AGENDA/grammaire_confirmer_date_donner_horraire.grxml' since an error occurred in call to Resource Loader. Resource Loader reports: Cannot open stream. since an error occurred in call to file stream. file stream reports: Cannot open file "C:/Users/hakim/Desktop/TP/AGENDA/grammaire_confirmer_date_donner_horraire.grxml".

2021-Oct-28 21:13:52.347 WARN {vxmlDialog_0} <Alarm> [VoiceXML interpreter]
optimtalk.interpretationError: An unhandled error event 'error.badfetch' occurred (It will be processed by a default platform error handler). The following message was associated with the event: document 'file:/C:/Users/hakim/Desktop/TP/AGENDA/gestion_agenda_v1_bis.vxml', line 141; Cannot load grammar 'file:/C:/Users/hakim/Desktop/TP/AGENDA/grammaire_confirmer_date_donner_horraire.grxml' since an error occurred in call to Resource Loader. Resource Loader reports: Cannot open stream. since an error occurred in call to file stream. file stream reports: Cannot open file "C:/Users/hakim/Desktop/TP/AGENDA/grammaire_confirmer_date_donner_horraire.grxml".

2021-Oct-28 21:13:52.354 INFO {vxmlDialog_0} <Interpretation tracking> [VoiceXML interpreter]
Processing event 'error.badfetch'.
  Event origin = document 'file:/C:/Users/hakim/Desktop/TP/AGENDA/gestion_agenda_v1_bis.vxml'; line 141
  Handler location = platform default handler

2021-Oct-28 21:13:52.394 ERR  {vxmlDialog_0} <user's application> [VoiceXML interpreter]
Unhandled error event 'error.badfetch' occurred. Associated message: document 'file:/C:/Users/hakim/Desktop/TP/AGENDA/gestion_agenda_v1_bis.vxml', line 141; Cannot load grammar 'file:/C:/Users/hakim/Desktop/TP/AGENDA/grammaire_confirmer_date_donner_horraire.grxml' since an error occurred in call to Resource Loader. Resource Loader reports: Cannot open stream. since an error occurred in call to file stream. file stream reports: Cannot open file "C:/Users/hakim/Desktop/TP/AGENDA/grammaire_confirmer_date_donner_horraire.grxml".

2021-Oct-28 21:13:52.409 INFO {vxmlDialog_0} <Interpretation tracking> [VoiceXML interpreter]
Interpretation finished.
  value returned by <exit> = 
{
}
  value returned by <disconnect> = 
undefined

2021-Oct-28 21:13:52.494 INFO {N/A} <N/A> [OptimComponents Core]
Deleted session with ID 'vxmlDialog_0'.

