Created from template: |append [ot_log-%y-%m-%d_%H_%M_%s.log] 
Number of records: 100000
Lifetime: unlimited
Log format:
date time severity {session id} <category> [source]
label: message
===================================================

2021-Nov-13 02:47:34.679 ALW {N/A} <N/A> [OptimComponents Core]
========== Log start ==========

2021-Nov-13 02:47:34.679 INFO {N/A} <N/A> [OptimComponents Core]
Created session with ID 'vxmlDialog_0'.

2021-Nov-13 02:47:35.008 INFO {vxmlDialog_0} <Interpretation tracking> [VoiceXML interpreter]
Preparing document 'file:/C:/Users/hakim/Desktop/TP/AGENDA/gestion_agenda_v1_bis.vxml'.

2021-Nov-13 02:47:35.038 INFO {vxmlDialog_0} <Interpretation tracking> [VoiceXML interpreter]
Preparing of document 'file:/C:/Users/hakim/Desktop/TP/AGENDA/gestion_agenda_v1_bis.vxml' completed.
  result = success

2021-Nov-13 02:47:35.038 INFO {vxmlDialog_0} <Interpretation tracking> [VoiceXML interpreter]
Interpreting document 'file:/C:/Users/hakim/Desktop/TP/AGENDA/gestion_agenda_v1_bis.vxml'

2021-Nov-13 02:47:35.038 INFO {vxmlDialog_0} <Interpretation tracking> [VoiceXML interpreter]
Interpreting <form> with id 'agenda'; line 34; column 1.

2021-Nov-13 02:47:35.038 INFO {vxmlDialog_0} <Interpretation tracking> [VoiceXML interpreter]
Interpreting <block>; line 51; column 1.

2021-Nov-13 02:47:35.055 INFO {vxmlDialog_0} <Interpretation tracking> [VoiceXML interpreter]
Interpreting <field> with name 'num_abonne'; line 59; column 1.

2021-Nov-13 02:47:35.102 INFO {vxmlDialog_0} <Interpretation tracking> [VoiceXML interpreter]
Waiting for user's input.

2021-Nov-13 02:47:36.848 INFO {vxmlDialog_0} <Interpretation tracking> [VoiceXML interpreter]
User's input collection completed.

2021-Nov-13 02:47:36.848 INFO {vxmlDialog_0} <Interpretation tracking> [VoiceXML interpreter]
The following input was collected:
  utterance = deux
  confidence = 1
  mode = voice

2021-Nov-13 02:47:36.848 INFO {vxmlDialog_0} <Interpretation tracking> [VoiceXML interpreter]
Interpreting <filled>; line 75; column 3.

2021-Nov-13 02:47:36.880 INFO {vxmlDialog_0} <Interpretation tracking> [VoiceXML interpreter]
Interpreting <subdialog> with name 'confirm_num_abo'; line 90; column 2.

2021-Nov-13 02:47:36.926 INFO {vxmlDialog_0} <Interpretation tracking> [VoiceXML interpreter]
Preparing document 'file:/C:/Users/hakim/Desktop/TP/AGENDA/confirmation_user.vxml#confirmation_form'.

2021-Nov-13 02:47:36.926 INFO {vxmlDialog_0} <Interpretation tracking> [VoiceXML interpreter]
Preparing of document 'file:/C:/Users/hakim/Desktop/TP/AGENDA/confirmation_user.vxml#confirmation_form' completed.
  result = success

2021-Nov-13 02:47:36.926 INFO {vxmlDialog_0} <Interpretation tracking> [VoiceXML interpreter]
Interpreting document 'file:/C:/Users/hakim/Desktop/TP/AGENDA/confirmation_user.vxml#confirmation_form'

2021-Nov-13 02:47:36.942 INFO {vxmlDialog_0} <Interpretation tracking> [VoiceXML interpreter]
Interpreting <form> with id 'confirmation_form'; line 28; column 1.

2021-Nov-13 02:47:36.942 INFO {vxmlDialog_0} <Interpretation tracking> [VoiceXML interpreter]
Interpreting <field> with name 'confirmation'; line 29; column 1.

2021-Nov-13 02:47:36.949 INFO {vxmlDialog_0} <Interpretation tracking> [VoiceXML interpreter]
Waiting for user's input.

2021-Nov-13 02:47:38.020 INFO {vxmlDialog_0} <Interpretation tracking> [VoiceXML interpreter]
User's input collection completed.

2021-Nov-13 02:47:38.033 INFO {vxmlDialog_0} <Interpretation tracking> [VoiceXML interpreter]
The following input was collected:
  utterance = oui
  confidence = 1
  mode = voice

2021-Nov-13 02:47:38.033 INFO {vxmlDialog_0} <Interpretation tracking> [VoiceXML interpreter]
Interpreting <filled>; line 39; column 3.

2021-Nov-13 02:47:38.033 INFO {vxmlDialog_0} <Interpretation tracking> [VoiceXML interpreter]
Back from a subdialog.

2021-Nov-13 02:47:38.033 INFO {vxmlDialog_0} <Interpretation tracking> [VoiceXML interpreter]
Interpreting <filled>; line 92; column 10.

2021-Nov-13 02:47:38.054 INFO {vxmlDialog_0} <Interpretation tracking> [VoiceXML interpreter]
Interpreting <block>; line 107; column 1.

2021-Nov-13 02:47:38.054 INFO {vxmlDialog_0} <Interpretation tracking> [VoiceXML interpreter]
Interpreting <field> with name 'date_resa'; line 113; column 1.

2021-Nov-13 02:47:38.102 INFO {vxmlDialog_0} <Interpretation tracking> [VoiceXML interpreter]
Waiting for user's input.

2021-Nov-13 02:47:41.144 INFO {vxmlDialog_0} <Interpretation tracking> [VoiceXML interpreter]
User's input collection completed.

2021-Nov-13 02:47:41.173 INFO {vxmlDialog_0} <Interpretation tracking> [VoiceXML interpreter]
The following input was collected:
  utterance = deux aout
  confidence = 1
  mode = voice

2021-Nov-13 02:47:41.179 INFO {vxmlDialog_0} <Interpretation tracking> [VoiceXML interpreter]
Interpreting <field> with name 'confirm_date_BIS'; line 127; column 1.

2021-Nov-13 02:47:41.241 INFO {vxmlDialog_0} <Interpretation tracking> [VoiceXML interpreter]
Waiting for user's input.

2021-Nov-13 02:47:44.375 INFO {vxmlDialog_0} <Interpretation tracking> [VoiceXML interpreter]
User's input collection completed.

2021-Nov-13 02:47:44.387 INFO {vxmlDialog_0} <Interpretation tracking> [VoiceXML interpreter]
The following input was collected:
  utterance = midi
  confidence = 1
  mode = voice

2021-Nov-13 02:47:44.387 INFO {vxmlDialog_0} <Interpretation tracking> [VoiceXML interpreter]
Interpreting <filled>; line 139; column 5.

2021-Nov-13 02:47:44.409 INFO {vxmlDialog_0} <Interpretation tracking> [VoiceXML interpreter]
Interpreting <subdialog> with name 'confirm_horaire'; line 193; column 1.

2021-Nov-13 02:47:44.440 INFO {vxmlDialog_0} <Interpretation tracking> [VoiceXML interpreter]
Preparing document 'file:/C:/Users/hakim/Desktop/TP/AGENDA/confirmation_user.vxml#confirmation_form'.

2021-Nov-13 02:47:44.457 INFO {vxmlDialog_0} <Interpretation tracking> [VoiceXML interpreter]
Preparing of document 'file:/C:/Users/hakim/Desktop/TP/AGENDA/confirmation_user.vxml#confirmation_form' completed.
  result = success

2021-Nov-13 02:47:44.457 INFO {vxmlDialog_0} <Interpretation tracking> [VoiceXML interpreter]
Interpreting document 'file:/C:/Users/hakim/Desktop/TP/AGENDA/confirmation_user.vxml#confirmation_form'

2021-Nov-13 02:47:44.472 INFO {vxmlDialog_0} <Interpretation tracking> [VoiceXML interpreter]
Interpreting <form> with id 'confirmation_form'; line 28; column 1.

2021-Nov-13 02:47:44.472 INFO {vxmlDialog_0} <Interpretation tracking> [VoiceXML interpreter]
Interpreting <field> with name 'confirmation'; line 29; column 1.

2021-Nov-13 02:47:44.487 INFO {vxmlDialog_0} <Interpretation tracking> [VoiceXML interpreter]
Waiting for user's input.

2021-Nov-13 02:47:46.218 INFO {vxmlDialog_0} <Interpretation tracking> [VoiceXML interpreter]
User's input collection completed.

2021-Nov-13 02:47:46.218 INFO {vxmlDialog_0} <Interpretation tracking> [VoiceXML interpreter]
The following input was collected:
  utterance = oui
  confidence = 1
  mode = voice

2021-Nov-13 02:47:46.218 INFO {vxmlDialog_0} <Interpretation tracking> [VoiceXML interpreter]
Interpreting <filled>; line 39; column 3.

2021-Nov-13 02:47:46.234 INFO {vxmlDialog_0} <Interpretation tracking> [VoiceXML interpreter]
Back from a subdialog.

2021-Nov-13 02:47:46.234 INFO {vxmlDialog_0} <Interpretation tracking> [VoiceXML interpreter]
Interpreting <filled>; line 194; column 10.

2021-Nov-13 02:47:46.250 INFO {vxmlDialog_0} <Interpretation tracking> [VoiceXML interpreter]
Interpreting <field> with name 'duree_resa'; line 210; column 1.

2021-Nov-13 02:47:46.312 INFO {vxmlDialog_0} <Interpretation tracking> [VoiceXML interpreter]
Waiting for user's input.

2021-Nov-13 02:47:52.221 INFO {vxmlDialog_0} <Interpretation tracking> [VoiceXML interpreter]
User's input collection completed.

2021-Nov-13 02:47:52.221 INFO {vxmlDialog_0} <Interpretation tracking> [VoiceXML interpreter]
The following input was collected:
  utterance = une heure
  confidence = 1
  mode = voice

2021-Nov-13 02:47:52.221 INFO {vxmlDialog_0} <Interpretation tracking> [VoiceXML interpreter]
Interpreting <filled>; line 221; column 8.

2021-Nov-13 02:47:52.221 INFO {vxmlDialog_0} <Interpretation tracking> [VoiceXML interpreter]
Interpreting <subdialog> with name 'confirm_duree'; line 228; column 1.

2021-Nov-13 02:47:52.268 INFO {vxmlDialog_0} <Interpretation tracking> [VoiceXML interpreter]
Preparing document 'file:/C:/Users/hakim/Desktop/TP/AGENDA/confirmation_user.vxml#confirmation_form'.

2021-Nov-13 02:47:52.268 INFO {vxmlDialog_0} <Interpretation tracking> [VoiceXML interpreter]
Preparing of document 'file:/C:/Users/hakim/Desktop/TP/AGENDA/confirmation_user.vxml#confirmation_form' completed.
  result = success

2021-Nov-13 02:47:52.268 INFO {vxmlDialog_0} <Interpretation tracking> [VoiceXML interpreter]
Interpreting document 'file:/C:/Users/hakim/Desktop/TP/AGENDA/confirmation_user.vxml#confirmation_form'

2021-Nov-13 02:47:52.284 INFO {vxmlDialog_0} <Interpretation tracking> [VoiceXML interpreter]
Interpreting <form> with id 'confirmation_form'; line 28; column 1.

2021-Nov-13 02:47:52.284 INFO {vxmlDialog_0} <Interpretation tracking> [VoiceXML interpreter]
Interpreting <field> with name 'confirmation'; line 29; column 1.

2021-Nov-13 02:47:52.290 INFO {vxmlDialog_0} <Interpretation tracking> [VoiceXML interpreter]
Waiting for user's input.

2021-Nov-13 02:47:53.921 INFO {vxmlDialog_0} <Interpretation tracking> [VoiceXML interpreter]
User's input collection completed.

2021-Nov-13 02:47:53.932 INFO {vxmlDialog_0} <Interpretation tracking> [VoiceXML interpreter]
The following input was collected:
  utterance = oui
  confidence = 1
  mode = voice

2021-Nov-13 02:47:53.932 INFO {vxmlDialog_0} <Interpretation tracking> [VoiceXML interpreter]
Interpreting <filled>; line 39; column 3.

2021-Nov-13 02:47:53.932 INFO {vxmlDialog_0} <Interpretation tracking> [VoiceXML interpreter]
Back from a subdialog.

2021-Nov-13 02:47:53.932 INFO {vxmlDialog_0} <Interpretation tracking> [VoiceXML interpreter]
Interpreting <filled>; line 229; column 10.

2021-Nov-13 02:47:53.950 INFO {vxmlDialog_0} <Interpretation tracking> [VoiceXML interpreter]
Interpreting <field> with name 'salle_resa'; line 245; column 1.

2021-Nov-13 02:47:53.964 INFO {vxmlDialog_0} <Interpretation tracking> [VoiceXML interpreter]
Waiting for user's input.

2021-Nov-13 02:47:58.358 INFO {vxmlDialog_0} <Interpretation tracking> [VoiceXML interpreter]
User's input collection completed.

2021-Nov-13 02:47:58.373 INFO {vxmlDialog_0} <Interpretation tracking> [VoiceXML interpreter]
The following input was collected:
  utterance = 101 batiment u3
  confidence = 1
  mode = voice

2021-Nov-13 02:47:58.373 INFO {vxmlDialog_0} <Interpretation tracking> [VoiceXML interpreter]
Interpreting <filled>; line 256; column 8.

2021-Nov-13 02:47:58.373 INFO {vxmlDialog_0} <Interpretation tracking> [VoiceXML interpreter]
Interpreting <subdialog> with name 'confirm_lieu'; line 263; column 1.

2021-Nov-13 02:47:58.404 INFO {vxmlDialog_0} <Interpretation tracking> [VoiceXML interpreter]
Preparing document 'file:/C:/Users/hakim/Desktop/TP/AGENDA/confirmation_user.vxml#confirmation_form'.

2021-Nov-13 02:47:58.404 INFO {vxmlDialog_0} <Interpretation tracking> [VoiceXML interpreter]
Preparing of document 'file:/C:/Users/hakim/Desktop/TP/AGENDA/confirmation_user.vxml#confirmation_form' completed.
  result = success

2021-Nov-13 02:47:58.404 INFO {vxmlDialog_0} <Interpretation tracking> [VoiceXML interpreter]
Interpreting document 'file:/C:/Users/hakim/Desktop/TP/AGENDA/confirmation_user.vxml#confirmation_form'

2021-Nov-13 02:47:58.421 INFO {vxmlDialog_0} <Interpretation tracking> [VoiceXML interpreter]
Interpreting <form> with id 'confirmation_form'; line 28; column 1.

2021-Nov-13 02:47:58.421 INFO {vxmlDialog_0} <Interpretation tracking> [VoiceXML interpreter]
Interpreting <field> with name 'confirmation'; line 29; column 1.

2021-Nov-13 02:47:58.442 INFO {vxmlDialog_0} <Interpretation tracking> [VoiceXML interpreter]
Waiting for user's input.

2021-Nov-13 02:47:59.724 INFO {vxmlDialog_0} <Interpretation tracking> [VoiceXML interpreter]
User's input collection completed.

2021-Nov-13 02:47:59.735 INFO {vxmlDialog_0} <Interpretation tracking> [VoiceXML interpreter]
The following input was collected:
  utterance = oui
  confidence = 1
  mode = voice

2021-Nov-13 02:47:59.737 INFO {vxmlDialog_0} <Interpretation tracking> [VoiceXML interpreter]
Interpreting <filled>; line 39; column 3.

2021-Nov-13 02:47:59.737 INFO {vxmlDialog_0} <Interpretation tracking> [VoiceXML interpreter]
Back from a subdialog.

2021-Nov-13 02:47:59.737 INFO {vxmlDialog_0} <Interpretation tracking> [VoiceXML interpreter]
Interpreting <filled>; line 264; column 10.

2021-Nov-13 02:47:59.759 INFO {vxmlDialog_0} <Interpretation tracking> [VoiceXML interpreter]
Interpreting <field> with name 'motif_resa'; line 282; column 1.

2021-Nov-13 02:47:59.759 INFO {vxmlDialog_0} <Interpretation tracking> [VoiceXML interpreter]
Waiting for user's input.

2021-Nov-13 02:48:02.886 INFO {vxmlDialog_0} <Interpretation tracking> [VoiceXML interpreter]
User's input collection completed.

2021-Nov-13 02:48:02.886 INFO {vxmlDialog_0} <Interpretation tracking> [VoiceXML interpreter]
The following input was collected:
  utterance = aucun
  confidence = 1
  mode = voice

2021-Nov-13 02:48:02.902 INFO {vxmlDialog_0} <Interpretation tracking> [VoiceXML interpreter]
Interpreting <filled>; line 298; column 8.

2021-Nov-13 02:48:02.918 INFO {vxmlDialog_0} <Interpretation tracking> [VoiceXML interpreter]
Interpreting <subdialog> with name 'confirm_motif'; line 307; column 1.

2021-Nov-13 02:48:02.950 INFO {vxmlDialog_0} <Interpretation tracking> [VoiceXML interpreter]
Preparing document 'file:/C:/Users/hakim/Desktop/TP/AGENDA/confirmation_user.vxml#confirmation_form'.

2021-Nov-13 02:48:02.965 INFO {vxmlDialog_0} <Interpretation tracking> [VoiceXML interpreter]
Preparing of document 'file:/C:/Users/hakim/Desktop/TP/AGENDA/confirmation_user.vxml#confirmation_form' completed.
  result = success

2021-Nov-13 02:48:02.965 INFO {vxmlDialog_0} <Interpretation tracking> [VoiceXML interpreter]
Interpreting document 'file:/C:/Users/hakim/Desktop/TP/AGENDA/confirmation_user.vxml#confirmation_form'

2021-Nov-13 02:48:02.965 INFO {vxmlDialog_0} <Interpretation tracking> [VoiceXML interpreter]
Interpreting <form> with id 'confirmation_form'; line 28; column 1.

2021-Nov-13 02:48:02.965 INFO {vxmlDialog_0} <Interpretation tracking> [VoiceXML interpreter]
Interpreting <field> with name 'confirmation'; line 29; column 1.

2021-Nov-13 02:48:02.987 INFO {vxmlDialog_0} <Interpretation tracking> [VoiceXML interpreter]
Waiting for user's input.

2021-Nov-13 02:48:05.470 INFO {vxmlDialog_0} <Interpretation tracking> [VoiceXML interpreter]
User's input collection completed.

2021-Nov-13 02:48:05.470 INFO {vxmlDialog_0} <Interpretation tracking> [VoiceXML interpreter]
The following input was collected:
  utterance = non
  confidence = 1
  mode = voice

2021-Nov-13 02:48:05.470 INFO {vxmlDialog_0} <Interpretation tracking> [VoiceXML interpreter]
Interpreting <filled>; line 39; column 3.

2021-Nov-13 02:48:05.487 INFO {vxmlDialog_0} <Interpretation tracking> [VoiceXML interpreter]
Back from a subdialog.

2021-Nov-13 02:48:05.487 INFO {vxmlDialog_0} <Interpretation tracking> [VoiceXML interpreter]
Interpreting <filled>; line 308; column 10.

2021-Nov-13 02:48:05.506 INFO {vxmlDialog_0} <Interpretation tracking> [VoiceXML interpreter]
Interpreting <field> with name 'motif_resa'; line 282; column 1.

2021-Nov-13 02:48:05.506 INFO {vxmlDialog_0} <Interpretation tracking> [VoiceXML interpreter]
Waiting for user's input.

2021-Nov-13 02:48:08.756 INFO {vxmlDialog_0} <Interpretation tracking> [VoiceXML interpreter]
User's input collection completed.

2021-Nov-13 02:48:08.768 INFO {vxmlDialog_0} <Interpretation tracking> [VoiceXML interpreter]
The following input was collected:
  utterance = reunion
  confidence = 1
  mode = voice

2021-Nov-13 02:48:08.768 INFO {vxmlDialog_0} <Interpretation tracking> [VoiceXML interpreter]
Interpreting <filled>; line 298; column 8.

2021-Nov-13 02:48:08.799 INFO {vxmlDialog_0} <Interpretation tracking> [VoiceXML interpreter]
Interpreting <subdialog> with name 'confirm_motif'; line 307; column 1.

2021-Nov-13 02:48:08.817 INFO {vxmlDialog_0} <Interpretation tracking> [VoiceXML interpreter]
Preparing document 'file:/C:/Users/hakim/Desktop/TP/AGENDA/confirmation_user.vxml#confirmation_form'.

2021-Nov-13 02:48:08.830 INFO {vxmlDialog_0} <Interpretation tracking> [VoiceXML interpreter]
Preparing of document 'file:/C:/Users/hakim/Desktop/TP/AGENDA/confirmation_user.vxml#confirmation_form' completed.
  result = success

2021-Nov-13 02:48:08.830 INFO {vxmlDialog_0} <Interpretation tracking> [VoiceXML interpreter]
Interpreting document 'file:/C:/Users/hakim/Desktop/TP/AGENDA/confirmation_user.vxml#confirmation_form'

2021-Nov-13 02:48:08.836 INFO {vxmlDialog_0} <Interpretation tracking> [VoiceXML interpreter]
Interpreting <form> with id 'confirmation_form'; line 28; column 1.

2021-Nov-13 02:48:08.836 INFO {vxmlDialog_0} <Interpretation tracking> [VoiceXML interpreter]
Interpreting <field> with name 'confirmation'; line 29; column 1.

2021-Nov-13 02:48:08.852 INFO {vxmlDialog_0} <Interpretation tracking> [VoiceXML interpreter]
Waiting for user's input.

2021-Nov-13 02:48:10.087 INFO {vxmlDialog_0} <Interpretation tracking> [VoiceXML interpreter]
User's input collection completed.

2021-Nov-13 02:48:10.100 INFO {vxmlDialog_0} <Interpretation tracking> [VoiceXML interpreter]
The following input was collected:
  utterance = oui
  confidence = 1
  mode = voice

2021-Nov-13 02:48:10.100 INFO {vxmlDialog_0} <Interpretation tracking> [VoiceXML interpreter]
Interpreting <filled>; line 39; column 3.

2021-Nov-13 02:48:10.116 INFO {vxmlDialog_0} <Interpretation tracking> [VoiceXML interpreter]
Back from a subdialog.

2021-Nov-13 02:48:10.116 INFO {vxmlDialog_0} <Interpretation tracking> [VoiceXML interpreter]
Interpreting <filled>; line 308; column 10.

2021-Nov-13 02:48:10.131 INFO {vxmlDialog_0} <Interpretation tracking> [VoiceXML interpreter]
Interpreting <block>; line 324; column 1.

2021-Nov-13 02:48:10.154 INFO {vxmlDialog_0} <Interpretation tracking> [VoiceXML interpreter]
Interpretation finished.
  value returned by <exit> = undefined
  value returned by <disconnect> = 
undefined

2021-Nov-13 02:48:10.232 INFO {N/A} <N/A> [OptimComponents Core]
Deleted session with ID 'vxmlDialog_0'.

