Created from template: |append [ot_log-%y-%m-%d_%H_%M_%s.log] 
Number of records: 100000
Lifetime: unlimited
Log format:
date time severity {session id} <category> [source]
label: message
===================================================

2021-Nov-13 02:38:25.795 ALW {N/A} <N/A> [OptimComponents Core]
========== Log start ==========

2021-Nov-13 02:38:25.795 INFO {N/A} <N/A> [OptimComponents Core]
Created session with ID 'vxmlDialog_0'.

2021-Nov-13 02:38:25.873 INFO {vxmlDialog_0} <Interpretation tracking> [VoiceXML interpreter]
Preparing document 'file:/C:/Users/hakim/Desktop/TP/AGENDA/gestion_agenda_v1_bis.vxml'.

2021-Nov-13 02:38:25.873 INFO {vxmlDialog_0} <Interpretation tracking> [VoiceXML interpreter]
Preparing of document 'file:/C:/Users/hakim/Desktop/TP/AGENDA/gestion_agenda_v1_bis.vxml' completed.
  result = success

2021-Nov-13 02:38:25.873 INFO {vxmlDialog_0} <Interpretation tracking> [VoiceXML interpreter]
Interpreting document 'file:/C:/Users/hakim/Desktop/TP/AGENDA/gestion_agenda_v1_bis.vxml'

2021-Nov-13 02:38:25.873 INFO {vxmlDialog_0} <Interpretation tracking> [VoiceXML interpreter]
Interpreting <form> with id 'agenda'; line 34; column 1.

2021-Nov-13 02:38:25.873 INFO {vxmlDialog_0} <Interpretation tracking> [VoiceXML interpreter]
Interpreting <block>; line 51; column 1.

2021-Nov-13 02:38:25.873 INFO {vxmlDialog_0} <Interpretation tracking> [VoiceXML interpreter]
Interpreting <field> with name 'num_abonne'; line 59; column 1.

2021-Nov-13 02:38:26.008 INFO {vxmlDialog_0} <Interpretation tracking> [VoiceXML interpreter]
Waiting for user's input.

2021-Nov-13 02:38:27.189 INFO {vxmlDialog_0} <Interpretation tracking> [VoiceXML interpreter]
User's input collection completed.

2021-Nov-13 02:38:27.189 INFO {vxmlDialog_0} <Interpretation tracking> [VoiceXML interpreter]
The following input was collected:
  utterance = deux
  confidence = 1
  mode = voice

2021-Nov-13 02:38:27.207 INFO {vxmlDialog_0} <Interpretation tracking> [VoiceXML interpreter]
Interpreting <filled>; line 75; column 3.

2021-Nov-13 02:38:27.221 INFO {vxmlDialog_0} <Interpretation tracking> [VoiceXML interpreter]
Interpreting <subdialog> with name 'confirm_num_abo'; line 90; column 2.

2021-Nov-13 02:38:27.237 INFO {vxmlDialog_0} <Interpretation tracking> [VoiceXML interpreter]
Preparing document 'file:/C:/Users/hakim/Desktop/TP/AGENDA/confirmation_user.vxml#confirmation_form'.

2021-Nov-13 02:38:27.237 INFO {vxmlDialog_0} <Interpretation tracking> [VoiceXML interpreter]
Preparing of document 'file:/C:/Users/hakim/Desktop/TP/AGENDA/confirmation_user.vxml#confirmation_form' completed.
  result = success

2021-Nov-13 02:38:27.252 INFO {vxmlDialog_0} <Interpretation tracking> [VoiceXML interpreter]
Interpreting document 'file:/C:/Users/hakim/Desktop/TP/AGENDA/confirmation_user.vxml#confirmation_form'

2021-Nov-13 02:38:27.252 INFO {vxmlDialog_0} <Interpretation tracking> [VoiceXML interpreter]
Interpreting <form> with id 'confirmation_form'; line 28; column 1.

2021-Nov-13 02:38:27.252 INFO {vxmlDialog_0} <Interpretation tracking> [VoiceXML interpreter]
Interpreting <field> with name 'confirmation'; line 29; column 1.

2021-Nov-13 02:38:27.269 INFO {vxmlDialog_0} <Interpretation tracking> [VoiceXML interpreter]
Waiting for user's input.

2021-Nov-13 02:38:28.095 INFO {vxmlDialog_0} <Interpretation tracking> [VoiceXML interpreter]
User's input collection completed.

2021-Nov-13 02:38:28.095 INFO {vxmlDialog_0} <Interpretation tracking> [VoiceXML interpreter]
The following input was collected:
  utterance = oui
  confidence = 1
  mode = voice

2021-Nov-13 02:38:28.110 INFO {vxmlDialog_0} <Interpretation tracking> [VoiceXML interpreter]
Interpreting <filled>; line 39; column 3.

2021-Nov-13 02:38:28.110 INFO {vxmlDialog_0} <Interpretation tracking> [VoiceXML interpreter]
Back from a subdialog.

2021-Nov-13 02:38:28.126 INFO {vxmlDialog_0} <Interpretation tracking> [VoiceXML interpreter]
Interpreting <filled>; line 92; column 10.

2021-Nov-13 02:38:28.126 INFO {vxmlDialog_0} <Interpretation tracking> [VoiceXML interpreter]
Interpreting <block>; line 107; column 1.

2021-Nov-13 02:38:28.142 INFO {vxmlDialog_0} <Interpretation tracking> [VoiceXML interpreter]
Interpreting <field> with name 'date_resa'; line 113; column 1.

2021-Nov-13 02:38:28.195 INFO {vxmlDialog_0} <Interpretation tracking> [VoiceXML interpreter]
Waiting for user's input.

2021-Nov-13 02:38:30.189 INFO {vxmlDialog_0} <Interpretation tracking> [VoiceXML interpreter]
User's input collection completed.

2021-Nov-13 02:38:30.210 INFO {vxmlDialog_0} <Interpretation tracking> [VoiceXML interpreter]
The following input was collected:
  utterance = deux aout
  confidence = 1
  mode = voice

2021-Nov-13 02:38:30.210 INFO {vxmlDialog_0} <Interpretation tracking> [VoiceXML interpreter]
Interpreting <field> with name 'confirm_date_BIS'; line 127; column 1.

2021-Nov-13 02:38:30.288 INFO {vxmlDialog_0} <Interpretation tracking> [VoiceXML interpreter]
Waiting for user's input.

2021-Nov-13 02:38:33.533 INFO {vxmlDialog_0} <Interpretation tracking> [VoiceXML interpreter]
User's input collection completed.

2021-Nov-13 02:38:33.549 INFO {vxmlDialog_0} <Interpretation tracking> [VoiceXML interpreter]
The following input was collected:
  utterance = midi
  confidence = 1
  mode = voice

2021-Nov-13 02:38:33.549 INFO {vxmlDialog_0} <Interpretation tracking> [VoiceXML interpreter]
Interpreting <filled>; line 139; column 5.

2021-Nov-13 02:38:33.581 INFO {vxmlDialog_0} <Interpretation tracking> [VoiceXML interpreter]
Interpreting <subdialog> with name 'confirm_horaire'; line 193; column 1.

2021-Nov-13 02:38:33.596 INFO {vxmlDialog_0} <Interpretation tracking> [VoiceXML interpreter]
Preparing document 'file:/C:/Users/hakim/Desktop/TP/AGENDA/confirmation_user.vxml#confirmation_form'.

2021-Nov-13 02:38:33.612 INFO {vxmlDialog_0} <Interpretation tracking> [VoiceXML interpreter]
Preparing of document 'file:/C:/Users/hakim/Desktop/TP/AGENDA/confirmation_user.vxml#confirmation_form' completed.
  result = success

2021-Nov-13 02:38:33.612 INFO {vxmlDialog_0} <Interpretation tracking> [VoiceXML interpreter]
Interpreting document 'file:/C:/Users/hakim/Desktop/TP/AGENDA/confirmation_user.vxml#confirmation_form'

2021-Nov-13 02:38:33.612 INFO {vxmlDialog_0} <Interpretation tracking> [VoiceXML interpreter]
Interpreting <form> with id 'confirmation_form'; line 28; column 1.

2021-Nov-13 02:38:33.612 INFO {vxmlDialog_0} <Interpretation tracking> [VoiceXML interpreter]
Interpreting <field> with name 'confirmation'; line 29; column 1.

2021-Nov-13 02:38:33.634 INFO {vxmlDialog_0} <Interpretation tracking> [VoiceXML interpreter]
Waiting for user's input.

2021-Nov-13 02:38:35.851 INFO {vxmlDialog_0} <Interpretation tracking> [VoiceXML interpreter]
User's input collection completed.

2021-Nov-13 02:38:35.866 INFO {vxmlDialog_0} <Interpretation tracking> [VoiceXML interpreter]
The following input was collected:
  utterance = non
  confidence = 1
  mode = voice

2021-Nov-13 02:38:35.866 INFO {vxmlDialog_0} <Interpretation tracking> [VoiceXML interpreter]
Interpreting <filled>; line 39; column 3.

2021-Nov-13 02:38:35.872 INFO {vxmlDialog_0} <Interpretation tracking> [VoiceXML interpreter]
Back from a subdialog.

2021-Nov-13 02:38:35.872 INFO {vxmlDialog_0} <Interpretation tracking> [VoiceXML interpreter]
Interpreting <filled>; line 194; column 10.

2021-Nov-13 02:38:35.872 INFO {vxmlDialog_0} <Interpretation tracking> [VoiceXML interpreter]
Interpreting <field> with name 'confirm_date_BIS'; line 127; column 1.

2021-Nov-13 02:38:35.888 INFO {vxmlDialog_0} <Interpretation tracking> [VoiceXML interpreter]
Waiting for user's input.

2021-Nov-13 02:38:41.699 INFO {vxmlDialog_0} <Interpretation tracking> [VoiceXML interpreter]
User's input collection completed.

2021-Nov-13 02:38:41.713 INFO {vxmlDialog_0} <Interpretation tracking> [VoiceXML interpreter]
The following input was collected:
  utterance = treize heures
  confidence = 1
  mode = voice

2021-Nov-13 02:38:41.713 INFO {vxmlDialog_0} <Interpretation tracking> [VoiceXML interpreter]
Interpreting <filled>; line 139; column 5.

2021-Nov-13 02:38:41.735 INFO {vxmlDialog_0} <Interpretation tracking> [VoiceXML interpreter]
Interpreting <field> with name 'duree_resa'; line 210; column 1.

2021-Nov-13 02:38:41.767 INFO {vxmlDialog_0} <Interpretation tracking> [VoiceXML interpreter]
Waiting for user's input.

2021-Nov-13 02:38:49.770 INFO {vxmlDialog_0} <Interpretation tracking> [VoiceXML interpreter]
An event 'noinput' was added to the event queue

2021-Nov-13 02:38:49.770 INFO {vxmlDialog_0} <Interpretation tracking> [VoiceXML interpreter]
User's input collection completed.

2021-Nov-13 02:38:49.770 INFO {vxmlDialog_0} <Interpretation tracking> [VoiceXML interpreter]
Processing event 'noinput'.
  Event origin = document 'file:/C:/Users/hakim/Desktop/TP/AGENDA/gestion_agenda_v1_bis.vxml'; line 210
  Handler location = document 'file:/C:/Users/hakim/Desktop/TP/AGENDA/gestion_agenda_v1_bis.vxml'; line 218, column 8

2021-Nov-13 02:38:49.770 INFO {vxmlDialog_0} <Interpretation tracking> [VoiceXML interpreter]
Interpreting <field> with name 'duree_resa'; line 210; column 1.

2021-Nov-13 02:38:49.770 INFO {vxmlDialog_0} <Interpretation tracking> [VoiceXML interpreter]
Waiting for user's input.

2021-Nov-13 02:38:57.796 INFO {vxmlDialog_0} <Interpretation tracking> [VoiceXML interpreter]
An event 'noinput' was added to the event queue

2021-Nov-13 02:38:57.796 INFO {vxmlDialog_0} <Interpretation tracking> [VoiceXML interpreter]
User's input collection completed.

2021-Nov-13 02:38:57.796 INFO {vxmlDialog_0} <Interpretation tracking> [VoiceXML interpreter]
Processing event 'noinput'.
  Event origin = document 'file:/C:/Users/hakim/Desktop/TP/AGENDA/gestion_agenda_v1_bis.vxml'; line 210
  Handler location = document 'file:/C:/Users/hakim/Desktop/TP/AGENDA/gestion_agenda_v1_bis.vxml'; line 218, column 8

2021-Nov-13 02:38:57.796 INFO {vxmlDialog_0} <Interpretation tracking> [VoiceXML interpreter]
Interpreting <field> with name 'duree_resa'; line 210; column 1.

2021-Nov-13 02:38:57.796 INFO {vxmlDialog_0} <Interpretation tracking> [VoiceXML interpreter]
Waiting for user's input.

2021-Nov-13 02:39:05.837 INFO {vxmlDialog_0} <Interpretation tracking> [VoiceXML interpreter]
An event 'noinput' was added to the event queue

2021-Nov-13 02:39:05.837 INFO {vxmlDialog_0} <Interpretation tracking> [VoiceXML interpreter]
User's input collection completed.

2021-Nov-13 02:39:05.837 INFO {vxmlDialog_0} <Interpretation tracking> [VoiceXML interpreter]
Processing event 'noinput'.
  Event origin = document 'file:/C:/Users/hakim/Desktop/TP/AGENDA/gestion_agenda_v1_bis.vxml'; line 210
  Handler location = document 'file:/C:/Users/hakim/Desktop/TP/AGENDA/gestion_agenda_v1_bis.vxml'; line 218, column 8

2021-Nov-13 02:39:05.837 INFO {vxmlDialog_0} <Interpretation tracking> [VoiceXML interpreter]
Interpreting <field> with name 'duree_resa'; line 210; column 1.

2021-Nov-13 02:39:05.837 INFO {vxmlDialog_0} <Interpretation tracking> [VoiceXML interpreter]
Waiting for user's input.

2021-Nov-13 02:39:13.852 INFO {vxmlDialog_0} <Interpretation tracking> [VoiceXML interpreter]
An event 'noinput' was added to the event queue

2021-Nov-13 02:39:13.852 INFO {vxmlDialog_0} <Interpretation tracking> [VoiceXML interpreter]
User's input collection completed.

2021-Nov-13 02:39:13.852 INFO {vxmlDialog_0} <Interpretation tracking> [VoiceXML interpreter]
Processing event 'noinput'.
  Event origin = document 'file:/C:/Users/hakim/Desktop/TP/AGENDA/gestion_agenda_v1_bis.vxml'; line 210
  Handler location = document 'file:/C:/Users/hakim/Desktop/TP/AGENDA/gestion_agenda_v1_bis.vxml'; line 218, column 8

2021-Nov-13 02:39:13.867 INFO {vxmlDialog_0} <Interpretation tracking> [VoiceXML interpreter]
Interpreting <field> with name 'duree_resa'; line 210; column 1.

2021-Nov-13 02:39:13.867 INFO {vxmlDialog_0} <Interpretation tracking> [VoiceXML interpreter]
Waiting for user's input.

2021-Nov-13 02:39:21.873 INFO {vxmlDialog_0} <Interpretation tracking> [VoiceXML interpreter]
An event 'noinput' was added to the event queue

2021-Nov-13 02:39:21.873 INFO {vxmlDialog_0} <Interpretation tracking> [VoiceXML interpreter]
User's input collection completed.

2021-Nov-13 02:39:21.873 INFO {vxmlDialog_0} <Interpretation tracking> [VoiceXML interpreter]
Processing event 'noinput'.
  Event origin = document 'file:/C:/Users/hakim/Desktop/TP/AGENDA/gestion_agenda_v1_bis.vxml'; line 210
  Handler location = document 'file:/C:/Users/hakim/Desktop/TP/AGENDA/gestion_agenda_v1_bis.vxml'; line 218, column 8

2021-Nov-13 02:39:21.873 INFO {vxmlDialog_0} <Interpretation tracking> [VoiceXML interpreter]
Interpreting <field> with name 'duree_resa'; line 210; column 1.

2021-Nov-13 02:39:21.873 INFO {vxmlDialog_0} <Interpretation tracking> [VoiceXML interpreter]
Waiting for user's input.

2021-Nov-13 02:39:29.891 INFO {vxmlDialog_0} <Interpretation tracking> [VoiceXML interpreter]
An event 'noinput' was added to the event queue

2021-Nov-13 02:39:29.891 INFO {vxmlDialog_0} <Interpretation tracking> [VoiceXML interpreter]
User's input collection completed.

2021-Nov-13 02:39:29.891 INFO {vxmlDialog_0} <Interpretation tracking> [VoiceXML interpreter]
Processing event 'noinput'.
  Event origin = document 'file:/C:/Users/hakim/Desktop/TP/AGENDA/gestion_agenda_v1_bis.vxml'; line 210
  Handler location = document 'file:/C:/Users/hakim/Desktop/TP/AGENDA/gestion_agenda_v1_bis.vxml'; line 218, column 8

2021-Nov-13 02:39:29.891 INFO {vxmlDialog_0} <Interpretation tracking> [VoiceXML interpreter]
Interpreting <field> with name 'duree_resa'; line 210; column 1.

2021-Nov-13 02:39:29.891 INFO {vxmlDialog_0} <Interpretation tracking> [VoiceXML interpreter]
Waiting for user's input.

2021-Nov-13 02:39:37.935 INFO {vxmlDialog_0} <Interpretation tracking> [VoiceXML interpreter]
An event 'noinput' was added to the event queue

2021-Nov-13 02:39:37.935 INFO {vxmlDialog_0} <Interpretation tracking> [VoiceXML interpreter]
User's input collection completed.

2021-Nov-13 02:39:37.935 INFO {vxmlDialog_0} <Interpretation tracking> [VoiceXML interpreter]
Processing event 'noinput'.
  Event origin = document 'file:/C:/Users/hakim/Desktop/TP/AGENDA/gestion_agenda_v1_bis.vxml'; line 210
  Handler location = document 'file:/C:/Users/hakim/Desktop/TP/AGENDA/gestion_agenda_v1_bis.vxml'; line 218, column 8

2021-Nov-13 02:39:37.956 INFO {vxmlDialog_0} <Interpretation tracking> [VoiceXML interpreter]
Interpreting <field> with name 'duree_resa'; line 210; column 1.

2021-Nov-13 02:39:37.956 INFO {vxmlDialog_0} <Interpretation tracking> [VoiceXML interpreter]
Waiting for user's input.

2021-Nov-13 02:39:45.972 INFO {vxmlDialog_0} <Interpretation tracking> [VoiceXML interpreter]
An event 'noinput' was added to the event queue

2021-Nov-13 02:39:45.972 INFO {vxmlDialog_0} <Interpretation tracking> [VoiceXML interpreter]
User's input collection completed.

2021-Nov-13 02:39:45.972 INFO {vxmlDialog_0} <Interpretation tracking> [VoiceXML interpreter]
Processing event 'noinput'.
  Event origin = document 'file:/C:/Users/hakim/Desktop/TP/AGENDA/gestion_agenda_v1_bis.vxml'; line 210
  Handler location = document 'file:/C:/Users/hakim/Desktop/TP/AGENDA/gestion_agenda_v1_bis.vxml'; line 218, column 8

2021-Nov-13 02:39:45.972 INFO {vxmlDialog_0} <Interpretation tracking> [VoiceXML interpreter]
Interpreting <field> with name 'duree_resa'; line 210; column 1.

2021-Nov-13 02:39:45.972 INFO {vxmlDialog_0} <Interpretation tracking> [VoiceXML interpreter]
Waiting for user's input.

2021-Nov-13 02:39:52.416 INFO {vxmlDialog_0} <Interpretation tracking> [VoiceXML interpreter]
User has been disconnected.

2021-Nov-13 02:39:52.416 INFO {vxmlDialog_0} <Interpretation tracking> [VoiceXML interpreter]
An event 'connection.disconnect.hangup' was added to the event queue

2021-Nov-13 02:39:52.432 INFO {vxmlDialog_0} <Interpretation tracking> [VoiceXML interpreter]
User's input collection completed.

2021-Nov-13 02:39:52.432 INFO {vxmlDialog_0} <Interpretation tracking> [VoiceXML interpreter]
Processing event 'connection.disconnect.hangup'.
  Event origin = document 'file:/C:/Users/hakim/Desktop/TP/AGENDA/gestion_agenda_v1_bis.vxml'
  Handler location = platform default handler

2021-Nov-13 02:39:52.448 INFO {vxmlDialog_0} <Interpretation tracking> [VoiceXML interpreter]
Interpretation finished.
  value returned by <exit> = 
{
}
  value returned by <disconnect> = 
undefined

2021-Nov-13 02:39:52.501 INFO {N/A} <N/A> [OptimComponents Core]
Deleted session with ID 'vxmlDialog_0'.

