Created from template: |append [ot_log-ERR-%y-%m-%d_%H_%M_%s.log] 
Number of records: unlimited
Lifetime: unlimited
Log format:
date time severity {session id} <category> [source]
label: message
===================================================

2021-Oct-11 19:47:25.535 ERR  {ccxmlSessionManager} <Interpretation tracking> [CCXML Session Manager]
Event to platform: {
  name: "error.createccxml",
  eventid: "ccxmlEvent_2",
  eventsource: "0",
  eventsourcetype: "ccxml",
  eventtarget: "",
  eventtargettype: "ccxml",
  delay: "0s",
  sessionid: "ccxmlSession_0",
  reason: "CCXML interpreter reports: Cannot load document 'file:/D:/3ASRI/DialogueOralHM/TP1/Optimtalk/gestion_agenda_v1modif.vxml' since an error occurred in call to Resource Loader..
Resource Loader reports: Cannot open stream. since an error occurred in call to file stream..
file stream reports: Cannot open file "D:/3ASRI/DialogueOralHM/TP1/Optimtalk/gestion_agenda_v1modif.vxml"..
"
}

