Created from template: |append [ot_log-%y-%m-%d_%H_%M_%s.log] 
Number of records: 100000
Lifetime: unlimited
Log format:
date time severity {session id} <category> [source]
label: message
===================================================

2021-Oct-19 10:33:53.148 ALW {N/A} <N/A> [OptimComponents Core]
========== Log start ==========

2021-Oct-19 10:33:53.148 INFO {N/A} <N/A> [OptimComponents Core]
Created session with ID 'vxmlDialog_0'.

2021-Oct-19 10:33:53.764 INFO {vxmlDialog_0} <Interpretation tracking> [VoiceXML interpreter]
Preparing document 'file:/D:/3ASRI/DialogueOralHM/TP1/AGENDA_V0/gestion_agenda_v1modif.vxml'.

2021-Oct-19 10:33:53.813 INFO {vxmlDialog_0} <Interpretation tracking> [VoiceXML interpreter]
Preparing of document 'file:/D:/3ASRI/DialogueOralHM/TP1/AGENDA_V0/gestion_agenda_v1modif.vxml' completed.
  result = success

2021-Oct-19 10:33:53.814 INFO {vxmlDialog_0} <Interpretation tracking> [VoiceXML interpreter]
Interpreting document 'file:/D:/3ASRI/DialogueOralHM/TP1/AGENDA_V0/gestion_agenda_v1modif.vxml'

2021-Oct-19 10:33:53.822 INFO {vxmlDialog_0} <Interpretation tracking> [VoiceXML interpreter]
Interpreting <form> with id 'agenda'; line 34; column 1.

2021-Oct-19 10:33:53.822 INFO {vxmlDialog_0} <Interpretation tracking> [VoiceXML interpreter]
Interpreting <block>; line 51; column 1.

2021-Oct-19 10:33:53.838 INFO {vxmlDialog_0} <Interpretation tracking> [VoiceXML interpreter]
Interpreting <field> with name 'num_abonne'; line 59; column 1.

2021-Oct-19 10:33:53.910 INFO {vxmlDialog_0} <Interpretation tracking> [VoiceXML interpreter]
Waiting for user's input.

2021-Oct-19 10:33:56.110 INFO {vxmlDialog_0} <Interpretation tracking> [VoiceXML interpreter]
User's input collection completed.

2021-Oct-19 10:33:56.113 INFO {vxmlDialog_0} <Interpretation tracking> [VoiceXML interpreter]
The following input was collected:
  utterance = un
  confidence = 1
  mode = voice

2021-Oct-19 10:33:56.113 INFO {vxmlDialog_0} <Interpretation tracking> [VoiceXML interpreter]
Interpreting <filled>; line 75; column 3.

2021-Oct-19 10:33:56.131 INFO {vxmlDialog_0} <Interpretation tracking> [VoiceXML interpreter]
Interpreting <field> with name 'confirm'; line 90; column 3.

2021-Oct-19 10:33:56.149 INFO {vxmlDialog_0} <Interpretation tracking> [VoiceXML interpreter]
Waiting for user's input.

2021-Oct-19 10:33:57.427 INFO {vxmlDialog_0} <Interpretation tracking> [VoiceXML interpreter]
User's input collection completed.

2021-Oct-19 10:33:57.429 INFO {vxmlDialog_0} <Interpretation tracking> [VoiceXML interpreter]
The following input was collected:
  utterance = oui
  confidence = 1
  mode = voice

2021-Oct-19 10:33:57.429 INFO {vxmlDialog_0} <Interpretation tracking> [VoiceXML interpreter]
Interpreting <filled>; line 105; column 10.

2021-Oct-19 10:33:57.437 INFO {vxmlDialog_0} <Interpretation tracking> [VoiceXML interpreter]
Interpreting <field> with name 'date_resa'; line 122; column 1.

2021-Oct-19 10:33:57.520 INFO {vxmlDialog_0} <Interpretation tracking> [VoiceXML interpreter]
Waiting for user's input.

2021-Oct-19 10:34:01.712 INFO {vxmlDialog_0} <Interpretation tracking> [VoiceXML interpreter]
User's input collection completed.

2021-Oct-19 10:34:01.722 INFO {vxmlDialog_0} <Interpretation tracking> [VoiceXML interpreter]
The following input was collected:
  utterance = premier septembre
  confidence = 1
  mode = voice

2021-Oct-19 10:34:01.722 INFO {vxmlDialog_0} <Interpretation tracking> [VoiceXML interpreter]
Interpreting <filled>; line 133; column 8.

2021-Oct-19 10:34:01.732 INFO {vxmlDialog_0} <Interpretation tracking> [VoiceXML interpreter]
Interpreting <field> with name 'confirmDate'; line 140; column 3.

2021-Oct-19 10:34:01.732 INFO {vxmlDialog_0} <Interpretation tracking> [VoiceXML interpreter]
Waiting for user's input.

2021-Oct-19 10:34:02.935 INFO {vxmlDialog_0} <Interpretation tracking> [VoiceXML interpreter]
User's input collection completed.

2021-Oct-19 10:34:02.935 INFO {vxmlDialog_0} <Interpretation tracking> [VoiceXML interpreter]
The following input was collected:
  utterance = oui
  confidence = 1
  mode = voice

2021-Oct-19 10:34:02.943 INFO {vxmlDialog_0} <Interpretation tracking> [VoiceXML interpreter]
Interpreting <filled>; line 155; column 10.

2021-Oct-19 10:34:02.951 INFO {vxmlDialog_0} <Interpretation tracking> [VoiceXML interpreter]
Interpreting <field> with name 'horraire_resa'; line 172; column 1.

2021-Oct-19 10:34:03.063 INFO {vxmlDialog_0} <Interpretation tracking> [VoiceXML interpreter]
Waiting for user's input.

2021-Oct-19 10:34:13.463 INFO {vxmlDialog_0} <Interpretation tracking> [VoiceXML interpreter]
User's input collection completed.

2021-Oct-19 10:34:13.543 INFO {vxmlDialog_0} <Interpretation tracking> [VoiceXML interpreter]
The following input was collected:
  utterance = huit heure quatre vingts
  confidence = 1
  mode = voice

2021-Oct-19 10:34:13.543 INFO {vxmlDialog_0} <Interpretation tracking> [VoiceXML interpreter]
An event 'nomatch' was added to the event queue

2021-Oct-19 10:34:13.551 INFO {vxmlDialog_0} <Interpretation tracking> [VoiceXML interpreter]
Processing event 'nomatch'.
  Event origin = document 'file:/D:/3ASRI/DialogueOralHM/TP1/AGENDA_V0/gestion_agenda_v1modif.vxml'; line 172
  Handler location = document 'file:/D:/3ASRI/DialogueOralHM/TP1/AGENDA_V0/gestion_agenda_v1modif.vxml'; line 181, column 8

2021-Oct-19 10:34:13.559 INFO {vxmlDialog_0} <Interpretation tracking> [VoiceXML interpreter]
Interpreting <field> with name 'horraire_resa'; line 172; column 1.

2021-Oct-19 10:34:13.559 INFO {vxmlDialog_0} <Interpretation tracking> [VoiceXML interpreter]
Waiting for user's input.

2021-Oct-19 10:34:19.478 INFO {vxmlDialog_0} <Interpretation tracking> [VoiceXML interpreter]
User's input collection completed.

2021-Oct-19 10:34:19.499 INFO {vxmlDialog_0} <Interpretation tracking> [VoiceXML interpreter]
The following input was collected:
  utterance = huit heures quatre vingts
  confidence = 1
  mode = voice

2021-Oct-19 10:34:19.499 INFO {vxmlDialog_0} <Interpretation tracking> [VoiceXML interpreter]
Interpreting <filled>; line 183; column 8.

2021-Oct-19 10:34:19.504 INFO {vxmlDialog_0} <Interpretation tracking> [VoiceXML interpreter]
Interpreting <field> with name 'horraire_resa'; line 172; column 1.

2021-Oct-19 10:34:19.504 INFO {vxmlDialog_0} <Interpretation tracking> [VoiceXML interpreter]
Waiting for user's input.

2021-Oct-19 10:34:27.521 INFO {vxmlDialog_0} <Interpretation tracking> [VoiceXML interpreter]
An event 'noinput' was added to the event queue

2021-Oct-19 10:34:27.521 INFO {vxmlDialog_0} <Interpretation tracking> [VoiceXML interpreter]
User's input collection completed.

2021-Oct-19 10:34:27.521 INFO {vxmlDialog_0} <Interpretation tracking> [VoiceXML interpreter]
Processing event 'noinput'.
  Event origin = document 'file:/D:/3ASRI/DialogueOralHM/TP1/AGENDA_V0/gestion_agenda_v1modif.vxml'; line 172
  Handler location = document 'file:/D:/3ASRI/DialogueOralHM/TP1/AGENDA_V0/gestion_agenda_v1modif.vxml'; line 180, column 8

2021-Oct-19 10:34:27.529 INFO {vxmlDialog_0} <Interpretation tracking> [VoiceXML interpreter]
Interpreting <field> with name 'horraire_resa'; line 172; column 1.

2021-Oct-19 10:34:27.529 INFO {vxmlDialog_0} <Interpretation tracking> [VoiceXML interpreter]
Waiting for user's input.

2021-Oct-19 10:34:29.350 INFO {vxmlDialog_0} <Interpretation tracking> [VoiceXML interpreter]
User has been disconnected.

2021-Oct-19 10:34:29.350 INFO {vxmlDialog_0} <Interpretation tracking> [VoiceXML interpreter]
An event 'connection.disconnect.hangup' was added to the event queue

2021-Oct-19 10:34:29.350 INFO {vxmlDialog_0} <Interpretation tracking> [VoiceXML interpreter]
User's input collection completed.

2021-Oct-19 10:34:29.350 INFO {vxmlDialog_0} <Interpretation tracking> [VoiceXML interpreter]
Processing event 'connection.disconnect.hangup'.
  Event origin = document 'file:/D:/3ASRI/DialogueOralHM/TP1/AGENDA_V0/gestion_agenda_v1modif.vxml'
  Handler location = platform default handler

2021-Oct-19 10:34:29.366 INFO {vxmlDialog_0} <Interpretation tracking> [VoiceXML interpreter]
Interpretation finished.
  value returned by <exit> = 
{
}
  value returned by <disconnect> = 
undefined

2021-Oct-19 10:34:29.486 INFO {N/A} <N/A> [OptimComponents Core]
Deleted session with ID 'vxmlDialog_0'.

