Created from template: |append [ot_log-%y-%m-%d_%H_%M_%s.log] 
Number of records: 100000
Lifetime: unlimited
Log format:
date time severity {session id} <category> [source]
label: message
===================================================

2021-Oct-11 19:46:53.285 ALW {N/A} <N/A> [OptimComponents Core]
========== Log start ==========

2021-Oct-11 19:46:53.286 INFO {N/A} <N/A> [OptimComponents Core]
Created session with ID 'ccxmlSessionManager'.

2021-Oct-11 19:46:53.324 INFO {N/A} <System message> [CCXML BasicHttp I/O processor]
ccxml.basichttp_processor.variant_depth config item was not defined, default value 10 will be used.

2021-Oct-11 19:46:53.324 INFO {N/A} <System message> [CCXML BasicHttp I/O processor]
optimtalk.security.ccxml.event_denied_count config item was not defined, default value 1000 will be used.

2021-Oct-11 19:46:53.359 INFO {N/A} <System message> [CCXML BasicHttp I/O processor]
optimtalk.security.ccxml.event_not_found_count config item was not defined, default value 1000 will be used.

2021-Oct-11 19:46:53.359 INFO {N/A} <System message> [CCXML BasicHttp I/O processor]
ccxml.basichttp_processor.server_path config item was not defined, default value / will be used.

2021-Oct-11 19:46:53.365 INFO {ccxmlSessionManager} <Interpretation tracking> [CCXML Session Manager]
Interpreting CCXML document specified by configuration item ccxml.start_session: file:/D:/3ASRI/DialogueOralHM/TP1/AGENDA_V0/gestion_agenda_v1modif.vxml.

2021-Oct-11 19:46:53.366 INFO {N/A} <N/A> [OptimComponents Core]
Created session with ID 'ccxmlSession_0'.

2021-Oct-11 19:46:53.396 ERR  {ccxmlSessionManager} <Interpretation tracking> [CCXML Session Manager]
Event to platform: {
  name: "error.createccxml",
  eventid: "ccxmlEvent_2",
  eventsource: "0",
  eventsourcetype: "ccxml",
  eventtarget: "",
  eventtargettype: "ccxml",
  delay: "0s",
  sessionid: "ccxmlSession_0",
  reason: "CCXML interpreter reports: Cannot load document 'file:/D:/3ASRI/DialogueOralHM/TP1/AGENDA_V0/gestion_agenda_v1modif.vxml' since an error occurred in call to CCXML Document Processor..
CCXML Document Processor reports: line 5, column 1; Unknown tag <vxml>..
"
}

2021-Oct-11 19:46:53.397 INFO {ccxmlSessionManager} <Interpretation tracking> [CCXML Session Manager]
Event to platform: {
  name: "send.successful",
  eventid: "ccxmlEvent_3",
  eventsource: "0",
  eventsourcetype: "ccxml",
  eventtarget: "0",
  eventtargettype: "ccxml",
  delay: "0s",
  sendid: "ccxmlEvent_2"
}

2021-Oct-11 19:46:53.399 INFO {N/A} <N/A> [OptimComponents Core]
Deleted session with ID 'ccxmlSession_0'.

2021-Oct-11 19:46:57.122 INFO {ccxmlSessionManager} <System message> [CCXML Session Manager]
Terminating CCXML session manager.

2021-Oct-11 19:46:57.123 INFO {ccxmlSessionManager} <Interpretation tracking> [CCXML Session Manager]
All CCXML sessions exited. Exiting session manager.

2021-Oct-11 19:46:57.271 INFO {ccxmlSessionManager} <System message> [CCXML Session Manager]
Maximum number of connections: 0

2021-Oct-11 19:46:57.271 INFO {N/A} <N/A> [OptimComponents Core]
Deleted session with ID 'ccxmlSessionManager'.

