Created from template: |append [ot_log-%y-%m-%d_%H_%M_%s.log] 
Number of records: 100000
Lifetime: unlimited
Log format:
date time severity {session id} <category> [source]
label: message
===================================================

2021-Sep-28 08:04:21.170 ALW {N/A} <N/A> [OptimComponents Core]
========== Log start ==========

2021-Sep-28 08:04:21.171 INFO {N/A} <N/A> [OptimComponents Core]
Created session with ID 'vxmlDialog_0'.

2021-Sep-28 08:04:21.831 INFO {vxmlDialog_0} <Interpretation tracking> [VoiceXML interpreter]
Preparing document 'file:/D:/3ASRI/DialogueOralHM/TP1/AGENDA_V0/gestion_agenda_v0.vxml'.

2021-Sep-28 08:04:21.848 INFO {vxmlDialog_0} <Interpretation tracking> [VoiceXML interpreter]
Preparing of document 'file:/D:/3ASRI/DialogueOralHM/TP1/AGENDA_V0/gestion_agenda_v0.vxml' completed.
  result = success

2021-Sep-28 08:04:21.850 INFO {vxmlDialog_0} <Interpretation tracking> [VoiceXML interpreter]
Interpreting document 'file:/D:/3ASRI/DialogueOralHM/TP1/AGENDA_V0/gestion_agenda_v0.vxml'

2021-Sep-28 08:04:21.865 INFO {vxmlDialog_0} <Interpretation tracking> [VoiceXML interpreter]
Interpreting <form> with id 'agenda'; line 23; column 1.

2021-Sep-28 08:04:21.866 INFO {vxmlDialog_0} <Interpretation tracking> [VoiceXML interpreter]
Interpreting <block>; line 40; column 1.

2021-Sep-28 08:04:21.880 INFO {vxmlDialog_0} <Interpretation tracking> [VoiceXML interpreter]
Interpreting <field> with name 'num_abonne'; line 48; column 1.

2021-Sep-28 08:04:21.976 INFO {vxmlDialog_0} <Interpretation tracking> [VoiceXML interpreter]
Waiting for user's input.

2021-Sep-28 08:04:28.527 INFO {vxmlDialog_0} <Interpretation tracking> [VoiceXML interpreter]
User's input collection completed.

2021-Sep-28 08:04:28.578 INFO {vxmlDialog_0} <Interpretation tracking> [VoiceXML interpreter]
The following input was collected:
  utterance = un million
  confidence = 1
  mode = voice

2021-Sep-28 08:04:28.578 INFO {vxmlDialog_0} <Interpretation tracking> [VoiceXML interpreter]
An event 'nomatch' was added to the event queue

2021-Sep-28 08:04:28.579 INFO {vxmlDialog_0} <Interpretation tracking> [VoiceXML interpreter]
Processing event 'nomatch'.
  Event origin = document 'file:/D:/3ASRI/DialogueOralHM/TP1/AGENDA_V0/gestion_agenda_v0.vxml'; line 48
  Handler location = document 'file:/D:/3ASRI/DialogueOralHM/TP1/AGENDA_V0/gestion_agenda_v0.vxml'; line 58, column 3

2021-Sep-28 08:04:28.586 INFO {vxmlDialog_0} <Interpretation tracking> [VoiceXML interpreter]
Interpreting <field> with name 'num_abonne'; line 48; column 1.

2021-Sep-28 08:04:28.587 INFO {vxmlDialog_0} <Interpretation tracking> [VoiceXML interpreter]
Waiting for user's input.

2021-Sep-28 08:04:35.753 INFO {vxmlDialog_0} <Interpretation tracking> [VoiceXML interpreter]
User's input collection completed.

2021-Sep-28 08:04:35.798 INFO {vxmlDialog_0} <Interpretation tracking> [VoiceXML interpreter]
The following input was collected:
  utterance = neuf cent milles
  confidence = 1
  mode = voice

2021-Sep-28 08:04:35.798 INFO {vxmlDialog_0} <Interpretation tracking> [VoiceXML interpreter]
An event 'nomatch' was added to the event queue

2021-Sep-28 08:04:35.799 INFO {vxmlDialog_0} <Interpretation tracking> [VoiceXML interpreter]
Processing event 'nomatch'.
  Event origin = document 'file:/D:/3ASRI/DialogueOralHM/TP1/AGENDA_V0/gestion_agenda_v0.vxml'; line 48
  Handler location = document 'file:/D:/3ASRI/DialogueOralHM/TP1/AGENDA_V0/gestion_agenda_v0.vxml'; line 58, column 3

2021-Sep-28 08:04:35.805 INFO {vxmlDialog_0} <Interpretation tracking> [VoiceXML interpreter]
Interpreting <field> with name 'num_abonne'; line 48; column 1.

2021-Sep-28 08:04:35.805 INFO {vxmlDialog_0} <Interpretation tracking> [VoiceXML interpreter]
Waiting for user's input.

2021-Sep-28 08:04:39.024 INFO {vxmlDialog_0} <Interpretation tracking> [VoiceXML interpreter]
User's input collection completed.

2021-Sep-28 08:04:39.069 INFO {vxmlDialog_0} <Interpretation tracking> [VoiceXML interpreter]
The following input was collected:
  utterance = neuf cent mille
  confidence = 1
  mode = voice

2021-Sep-28 08:04:39.072 INFO {vxmlDialog_0} <Interpretation tracking> [VoiceXML interpreter]
Interpreting <filled>; line 61; column 3.

2021-Sep-28 08:04:39.081 INFO {vxmlDialog_0} <Interpretation tracking> [VoiceXML interpreter]
Interpreting <field> with name 'confirm'; line 70; column 3.

2021-Sep-28 08:04:39.140 INFO {vxmlDialog_0} <Interpretation tracking> [VoiceXML interpreter]
Waiting for user's input.

2021-Sep-28 08:04:47.145 INFO {vxmlDialog_0} <Interpretation tracking> [VoiceXML interpreter]
An event 'noinput' was added to the event queue

2021-Sep-28 08:04:47.145 INFO {vxmlDialog_0} <Interpretation tracking> [VoiceXML interpreter]
User's input collection completed.

2021-Sep-28 08:04:47.146 INFO {vxmlDialog_0} <Interpretation tracking> [VoiceXML interpreter]
Processing event 'noinput'.
  Event origin = document 'file:/D:/3ASRI/DialogueOralHM/TP1/AGENDA_V0/gestion_agenda_v0.vxml'; line 70
  Handler location = document 'file:/D:/3ASRI/DialogueOralHM/TP1/AGENDA_V0/gestion_agenda_v0.vxml'; line 78, column 10

2021-Sep-28 08:04:47.164 INFO {vxmlDialog_0} <Interpretation tracking> [VoiceXML interpreter]
Interpreting <field> with name 'confirm'; line 70; column 3.

2021-Sep-28 08:04:47.165 INFO {vxmlDialog_0} <Interpretation tracking> [VoiceXML interpreter]
Waiting for user's input.

2021-Sep-28 08:04:50.502 INFO {vxmlDialog_0} <Interpretation tracking> [VoiceXML interpreter]
User has been disconnected.

2021-Sep-28 08:04:50.502 INFO {vxmlDialog_0} <Interpretation tracking> [VoiceXML interpreter]
An event 'connection.disconnect.hangup' was added to the event queue

2021-Sep-28 08:04:50.504 INFO {vxmlDialog_0} <Interpretation tracking> [VoiceXML interpreter]
User's input collection completed.

2021-Sep-28 08:04:50.505 INFO {vxmlDialog_0} <Interpretation tracking> [VoiceXML interpreter]
Processing event 'connection.disconnect.hangup'.
  Event origin = document 'file:/D:/3ASRI/DialogueOralHM/TP1/AGENDA_V0/gestion_agenda_v0.vxml'
  Handler location = platform default handler

2021-Sep-28 08:04:50.520 INFO {vxmlDialog_0} <Interpretation tracking> [VoiceXML interpreter]
Interpretation finished.
  value returned by <exit> = 
{
}
  value returned by <disconnect> = 
undefined

2021-Sep-28 08:04:50.649 INFO {N/A} <N/A> [OptimComponents Core]
Deleted session with ID 'vxmlDialog_0'.

