Created from template: |append [ot_log-%y-%m-%d_%H_%M_%s.log] 
Number of records: 100000
Lifetime: unlimited
Log format:
date time severity {session id} <category> [source]
label: message
===================================================

2021-Oct-12 09:15:34.321 ALW {N/A} <N/A> [OptimComponents Core]
========== Log start ==========

2021-Oct-12 09:15:34.321 INFO {N/A} <N/A> [OptimComponents Core]
Created session with ID 'vxmlDialog_0'.

2021-Oct-12 09:15:34.643 INFO {vxmlDialog_0} <Interpretation tracking> [VoiceXML interpreter]
Preparing document 'file:/D:/3ASRI/DialogueOralHM/TP1/AGENDA_V0/gestion_agenda_v1modif.vxml'.

2021-Oct-12 09:15:34.659 INFO {vxmlDialog_0} <Interpretation tracking> [VoiceXML interpreter]
Preparing of document 'file:/D:/3ASRI/DialogueOralHM/TP1/AGENDA_V0/gestion_agenda_v1modif.vxml' completed.
  result = success

2021-Oct-12 09:15:34.699 INFO {vxmlDialog_0} <Interpretation tracking> [VoiceXML interpreter]
Interpreting document 'file:/D:/3ASRI/DialogueOralHM/TP1/AGENDA_V0/gestion_agenda_v1modif.vxml'

2021-Oct-12 09:15:34.731 INFO {vxmlDialog_0} <Interpretation tracking> [VoiceXML interpreter]
Interpreting <form> with id 'agenda'; line 34; column 1.

2021-Oct-12 09:15:34.731 INFO {vxmlDialog_0} <Interpretation tracking> [VoiceXML interpreter]
Interpreting <block>; line 51; column 1.

2021-Oct-12 09:15:34.755 INFO {vxmlDialog_0} <Interpretation tracking> [VoiceXML interpreter]
Interpreting <field> with name 'num_abonne'; line 59; column 1.

2021-Oct-12 09:15:34.884 INFO {vxmlDialog_0} <Interpretation tracking> [VoiceXML interpreter]
Waiting for user's input.

2021-Oct-12 09:15:36.097 INFO {vxmlDialog_0} <Interpretation tracking> [VoiceXML interpreter]
User's input collection completed.

2021-Oct-12 09:15:36.105 INFO {vxmlDialog_0} <Interpretation tracking> [VoiceXML interpreter]
The following input was collected:
  utterance = un
  confidence = 1
  mode = voice

2021-Oct-12 09:15:36.105 INFO {vxmlDialog_0} <Interpretation tracking> [VoiceXML interpreter]
Interpreting <filled>; line 75; column 3.

2021-Oct-12 09:15:36.121 INFO {vxmlDialog_0} <Interpretation tracking> [VoiceXML interpreter]
Interpreting <field> with name 'confirm'; line 90; column 3.

2021-Oct-12 09:15:36.161 INFO {vxmlDialog_0} <Interpretation tracking> [VoiceXML interpreter]
Waiting for user's input.

2021-Oct-12 09:15:36.965 INFO {vxmlDialog_0} <Interpretation tracking> [VoiceXML interpreter]
User's input collection completed.

2021-Oct-12 09:15:36.965 INFO {vxmlDialog_0} <Interpretation tracking> [VoiceXML interpreter]
The following input was collected:
  utterance = oui
  confidence = 1
  mode = voice

2021-Oct-12 09:15:36.973 INFO {vxmlDialog_0} <Interpretation tracking> [VoiceXML interpreter]
Interpreting <filled>; line 105; column 10.

2021-Oct-12 09:15:36.973 INFO {vxmlDialog_0} <Interpretation tracking> [VoiceXML interpreter]
Interpreting <field> with name 'date_resa'; line 121; column 1.

2021-Oct-12 09:15:37.109 INFO {vxmlDialog_0} <Interpretation tracking> [VoiceXML interpreter]
Waiting for user's input.

2021-Oct-12 09:15:40.861 INFO {vxmlDialog_0} <Interpretation tracking> [VoiceXML interpreter]
User's input collection completed.

2021-Oct-12 09:15:40.861 INFO {vxmlDialog_0} <Interpretation tracking> [VoiceXML interpreter]
The following input was collected:
  utterance = premier septembre
  confidence = 1
  mode = voice

2021-Oct-12 09:15:40.869 INFO {vxmlDialog_0} <Interpretation tracking> [VoiceXML interpreter]
Interpreting <filled>; line 132; column 8.

2021-Oct-12 09:15:40.869 INFO {vxmlDialog_0} <Interpretation tracking> [VoiceXML interpreter]
Interpreting <block>; line 140; column 1.

2021-Oct-12 09:15:40.885 INFO {vxmlDialog_0} <Interpretation tracking> [VoiceXML interpreter]
Interpretation finished.
  value returned by <exit> = undefined
  value returned by <disconnect> = 
undefined

2021-Oct-12 09:15:40.982 INFO {N/A} <N/A> [OptimComponents Core]
Deleted session with ID 'vxmlDialog_0'.

