Created from template: |append [ot_log-%y-%m-%d_%H_%M_%s.log] 
Number of records: 100000
Lifetime: unlimited
Log format:
date time severity {session id} <category> [source]
label: message
===================================================

2021-Oct-11 19:44:33.130 ALW {N/A} <N/A> [OptimComponents Core]
========== Log start ==========

2021-Oct-11 19:44:33.130 INFO {N/A} <N/A> [OptimComponents Core]
Created session with ID 'ccxmlSessionManager'.

2021-Oct-11 19:44:33.165 INFO {N/A} <System message> [CCXML BasicHttp I/O processor]
ccxml.basichttp_processor.variant_depth config item was not defined, default value 10 will be used.

2021-Oct-11 19:44:33.166 INFO {N/A} <System message> [CCXML BasicHttp I/O processor]
optimtalk.security.ccxml.event_denied_count config item was not defined, default value 1000 will be used.

2021-Oct-11 19:44:33.166 INFO {N/A} <System message> [CCXML BasicHttp I/O processor]
optimtalk.security.ccxml.event_not_found_count config item was not defined, default value 1000 will be used.

2021-Oct-11 19:44:33.166 INFO {N/A} <System message> [CCXML BasicHttp I/O processor]
ccxml.basichttp_processor.server_path config item was not defined, default value / will be used.

2021-Oct-11 19:44:33.170 INFO {ccxmlSessionManager} <Interpretation tracking> [CCXML Session Manager]
Running without starting any CCXML session.

2021-Oct-11 19:44:36.979 INFO {ccxmlSessionManager} <System message> [CCXML Session Manager]
Terminating CCXML session manager.

2021-Oct-11 19:44:36.979 INFO {ccxmlSessionManager} <Interpretation tracking> [CCXML Session Manager]
All CCXML sessions exited. Exiting session manager.

2021-Oct-11 19:44:37.081 INFO {ccxmlSessionManager} <System message> [CCXML Session Manager]
Maximum number of connections: 0

2021-Oct-11 19:44:37.081 INFO {N/A} <N/A> [OptimComponents Core]
Deleted session with ID 'ccxmlSessionManager'.

