Created from template: |append [ot_log-%y-%m-%d_%H_%M_%s.log] 
Number of records: 100000
Lifetime: unlimited
Log format:
date time severity {session id} <category> [source]
label: message
===================================================

2021-Oct-12 08:46:21.479 ALW {N/A} <N/A> [OptimComponents Core]
========== Log start ==========

2021-Oct-12 08:46:21.479 INFO {N/A} <N/A> [OptimComponents Core]
Created session with ID 'vxmlDialog_0'.

2021-Oct-12 08:46:22.169 INFO {vxmlDialog_0} <Interpretation tracking> [VoiceXML interpreter]
Preparing document 'file:/D:/3ASRI/DialogueOralHM/TP1/AGENDA_V0/gestion_agenda_v1modif.vxml'.

2021-Oct-12 08:46:22.201 INFO {vxmlDialog_0} <Interpretation tracking> [VoiceXML interpreter]
Preparing of document 'file:/D:/3ASRI/DialogueOralHM/TP1/AGENDA_V0/gestion_agenda_v1modif.vxml' completed.
  result = success

2021-Oct-12 08:46:22.238 INFO {vxmlDialog_0} <Interpretation tracking> [VoiceXML interpreter]
Interpreting document 'file:/D:/3ASRI/DialogueOralHM/TP1/AGENDA_V0/gestion_agenda_v1modif.vxml'

2021-Oct-12 08:46:22.254 INFO {vxmlDialog_0} <Interpretation tracking> [VoiceXML interpreter]
Interpreting <form> with id 'agenda'; line 28; column 1.

2021-Oct-12 08:46:22.254 INFO {vxmlDialog_0} <Interpretation tracking> [VoiceXML interpreter]
Interpreting <block>; line 45; column 1.

2021-Oct-12 08:46:22.270 INFO {vxmlDialog_0} <Interpretation tracking> [VoiceXML interpreter]
Interpreting <field> with name 'num_abonne'; line 53; column 1.

2021-Oct-12 08:46:22.351 INFO {vxmlDialog_0} <Interpretation tracking> [VoiceXML interpreter]
Waiting for user's input.

2021-Oct-12 08:46:23.907 INFO {vxmlDialog_0} <Interpretation tracking> [VoiceXML interpreter]
User has been disconnected.

2021-Oct-12 08:46:23.907 INFO {vxmlDialog_0} <Interpretation tracking> [VoiceXML interpreter]
An event 'connection.disconnect.hangup' was added to the event queue

2021-Oct-12 08:46:23.907 INFO {vxmlDialog_0} <Interpretation tracking> [VoiceXML interpreter]
User's input collection completed.

2021-Oct-12 08:46:23.907 INFO {vxmlDialog_0} <Interpretation tracking> [VoiceXML interpreter]
Processing event 'connection.disconnect.hangup'.
  Event origin = document 'file:/D:/3ASRI/DialogueOralHM/TP1/AGENDA_V0/gestion_agenda_v1modif.vxml'
  Handler location = platform default handler

2021-Oct-12 08:46:23.915 INFO {vxmlDialog_0} <Interpretation tracking> [VoiceXML interpreter]
Interpretation finished.
  value returned by <exit> = 
{
}
  value returned by <disconnect> = 
undefined

2021-Oct-12 08:46:23.979 INFO {N/A} <N/A> [OptimComponents Core]
Deleted session with ID 'vxmlDialog_0'.

