Created from template: |append [ot_log-%y-%m-%d_%H_%M_%s.log] 
Number of records: 100000
Lifetime: unlimited
Log format:
date time severity {session id} <category> [source]
label: message
===================================================

2021-Oct-19 09:30:33.542 ALW {N/A} <N/A> [OptimComponents Core]
========== Log start ==========

2021-Oct-19 09:30:33.542 INFO {N/A} <N/A> [OptimComponents Core]
Created session with ID 'vxmlDialog_0'.

2021-Oct-19 09:30:34.158 INFO {vxmlDialog_0} <Interpretation tracking> [VoiceXML interpreter]
Preparing document 'file:/D:/3ASRI/DialogueOralHM/TP1/AGENDA_V0/gestion_agenda_v1modif.vxml'.

2021-Oct-19 09:30:34.190 INFO {vxmlDialog_0} <Interpretation tracking> [VoiceXML interpreter]
Preparing of document 'file:/D:/3ASRI/DialogueOralHM/TP1/AGENDA_V0/gestion_agenda_v1modif.vxml' completed.
  result = success

2021-Oct-19 09:30:34.225 INFO {vxmlDialog_0} <Interpretation tracking> [VoiceXML interpreter]
Interpreting document 'file:/D:/3ASRI/DialogueOralHM/TP1/AGENDA_V0/gestion_agenda_v1modif.vxml'

2021-Oct-19 09:30:34.233 INFO {vxmlDialog_0} <Interpretation tracking> [VoiceXML interpreter]
Interpreting <form> with id 'agenda'; line 34; column 1.

2021-Oct-19 09:30:34.241 INFO {vxmlDialog_0} <Interpretation tracking> [VoiceXML interpreter]
Interpreting <block>; line 51; column 1.

2021-Oct-19 09:30:34.257 INFO {vxmlDialog_0} <Interpretation tracking> [VoiceXML interpreter]
Interpreting <field> with name 'num_abonne'; line 59; column 1.

2021-Oct-19 09:30:34.345 INFO {vxmlDialog_0} <Interpretation tracking> [VoiceXML interpreter]
Waiting for user's input.

2021-Oct-19 09:30:37.388 INFO {vxmlDialog_0} <Interpretation tracking> [VoiceXML interpreter]
User's input collection completed.

2021-Oct-19 09:30:37.397 INFO {vxmlDialog_0} <Interpretation tracking> [VoiceXML interpreter]
The following input was collected:
  utterance = deux
  confidence = 1
  mode = voice

2021-Oct-19 09:30:37.399 INFO {vxmlDialog_0} <Interpretation tracking> [VoiceXML interpreter]
Interpreting <filled>; line 75; column 3.

2021-Oct-19 09:30:37.409 INFO {vxmlDialog_0} <Interpretation tracking> [VoiceXML interpreter]
Interpreting <field> with name 'confirm'; line 90; column 3.

2021-Oct-19 09:30:37.430 INFO {vxmlDialog_0} <Interpretation tracking> [VoiceXML interpreter]
Waiting for user's input.

2021-Oct-19 09:30:38.266 INFO {vxmlDialog_0} <Interpretation tracking> [VoiceXML interpreter]
User's input collection completed.

2021-Oct-19 09:30:38.266 INFO {vxmlDialog_0} <Interpretation tracking> [VoiceXML interpreter]
The following input was collected:
  utterance = oui 
  confidence = 1
  mode = voice

2021-Oct-19 09:30:38.274 INFO {vxmlDialog_0} <Interpretation tracking> [VoiceXML interpreter]
Interpreting <filled>; line 105; column 10.

2021-Oct-19 09:30:38.282 INFO {vxmlDialog_0} <Interpretation tracking> [VoiceXML interpreter]
Interpreting <field> with name 'date_resa'; line 122; column 1.

2021-Oct-19 09:30:38.410 INFO {vxmlDialog_0} <Interpretation tracking> [VoiceXML interpreter]
Waiting for user's input.

2021-Oct-19 09:30:46.416 INFO {vxmlDialog_0} <Interpretation tracking> [VoiceXML interpreter]
An event 'noinput' was added to the event queue

2021-Oct-19 09:30:46.416 INFO {vxmlDialog_0} <Interpretation tracking> [VoiceXML interpreter]
User's input collection completed.

2021-Oct-19 09:30:46.416 INFO {vxmlDialog_0} <Interpretation tracking> [VoiceXML interpreter]
Processing event 'noinput'.
  Event origin = document 'file:/D:/3ASRI/DialogueOralHM/TP1/AGENDA_V0/gestion_agenda_v1modif.vxml'; line 122
  Handler location = document 'file:/D:/3ASRI/DialogueOralHM/TP1/AGENDA_V0/gestion_agenda_v1modif.vxml'; line 130, column 8

2021-Oct-19 09:30:46.424 INFO {vxmlDialog_0} <Interpretation tracking> [VoiceXML interpreter]
Interpreting <field> with name 'date_resa'; line 122; column 1.

2021-Oct-19 09:30:46.424 INFO {vxmlDialog_0} <Interpretation tracking> [VoiceXML interpreter]
Waiting for user's input.

2021-Oct-19 09:30:54.437 INFO {vxmlDialog_0} <Interpretation tracking> [VoiceXML interpreter]
An event 'noinput' was added to the event queue

2021-Oct-19 09:30:54.437 INFO {vxmlDialog_0} <Interpretation tracking> [VoiceXML interpreter]
User's input collection completed.

2021-Oct-19 09:30:54.437 INFO {vxmlDialog_0} <Interpretation tracking> [VoiceXML interpreter]
Processing event 'noinput'.
  Event origin = document 'file:/D:/3ASRI/DialogueOralHM/TP1/AGENDA_V0/gestion_agenda_v1modif.vxml'; line 122
  Handler location = document 'file:/D:/3ASRI/DialogueOralHM/TP1/AGENDA_V0/gestion_agenda_v1modif.vxml'; line 130, column 8

2021-Oct-19 09:30:54.445 INFO {vxmlDialog_0} <Interpretation tracking> [VoiceXML interpreter]
Interpreting <field> with name 'date_resa'; line 122; column 1.

2021-Oct-19 09:30:54.445 INFO {vxmlDialog_0} <Interpretation tracking> [VoiceXML interpreter]
Waiting for user's input.

2021-Oct-19 09:31:02.451 INFO {vxmlDialog_0} <Interpretation tracking> [VoiceXML interpreter]
An event 'noinput' was added to the event queue

2021-Oct-19 09:31:02.451 INFO {vxmlDialog_0} <Interpretation tracking> [VoiceXML interpreter]
User's input collection completed.

2021-Oct-19 09:31:02.451 INFO {vxmlDialog_0} <Interpretation tracking> [VoiceXML interpreter]
Processing event 'noinput'.
  Event origin = document 'file:/D:/3ASRI/DialogueOralHM/TP1/AGENDA_V0/gestion_agenda_v1modif.vxml'; line 122
  Handler location = document 'file:/D:/3ASRI/DialogueOralHM/TP1/AGENDA_V0/gestion_agenda_v1modif.vxml'; line 130, column 8

2021-Oct-19 09:31:02.459 INFO {vxmlDialog_0} <Interpretation tracking> [VoiceXML interpreter]
Interpreting <field> with name 'date_resa'; line 122; column 1.

2021-Oct-19 09:31:02.459 INFO {vxmlDialog_0} <Interpretation tracking> [VoiceXML interpreter]
Waiting for user's input.

2021-Oct-19 09:31:10.793 INFO {vxmlDialog_0} <Interpretation tracking> [VoiceXML interpreter]
User's input collection completed.

2021-Oct-19 09:31:10.801 INFO {vxmlDialog_0} <Interpretation tracking> [VoiceXML interpreter]
The following input was collected:
  utterance = premier septembre
  confidence = 1
  mode = voice

2021-Oct-19 09:31:10.801 INFO {vxmlDialog_0} <Interpretation tracking> [VoiceXML interpreter]
Interpreting <filled>; line 133; column 8.

2021-Oct-19 09:31:10.809 INFO {vxmlDialog_0} <Interpretation tracking> [VoiceXML interpreter]
Interpreting <field> with name 'confirmDate'; line 140; column 3.

2021-Oct-19 09:31:10.809 INFO {vxmlDialog_0} <Interpretation tracking> [VoiceXML interpreter]
Waiting for user's input.

2021-Oct-19 09:31:12.670 INFO {vxmlDialog_0} <Interpretation tracking> [VoiceXML interpreter]
User's input collection completed.

2021-Oct-19 09:31:12.670 INFO {vxmlDialog_0} <Interpretation tracking> [VoiceXML interpreter]
The following input was collected:
  utterance = oui
  confidence = 1
  mode = voice

2021-Oct-19 09:31:12.679 INFO {vxmlDialog_0} <Interpretation tracking> [VoiceXML interpreter]
Interpreting <filled>; line 155; column 10.

2021-Oct-19 09:31:12.686 INFO {vxmlDialog_0} <Interpretation tracking> [VoiceXML interpreter]
Interpreting <field> with name 'horraire_resa'; line 172; column 1.

2021-Oct-19 09:31:12.811 INFO {vxmlDialog_0} <Interpretation tracking> [VoiceXML interpreter]
Waiting for user's input.

2021-Oct-19 09:31:15.366 INFO {vxmlDialog_0} <Interpretation tracking> [VoiceXML interpreter]
User's input collection completed.

2021-Oct-19 09:31:15.366 INFO {vxmlDialog_0} <Interpretation tracking> [VoiceXML interpreter]
The following input was collected:
  utterance = une heure
  confidence = 1
  mode = voice

2021-Oct-19 09:31:15.366 INFO {vxmlDialog_0} <Interpretation tracking> [VoiceXML interpreter]
Interpreting <filled>; line 183; column 8.

2021-Oct-19 09:31:15.374 INFO {vxmlDialog_0} <Interpretation tracking> [VoiceXML interpreter]
Interpreting <field> with name 'horraire_resa'; line 172; column 1.

2021-Oct-19 09:31:15.374 INFO {vxmlDialog_0} <Interpretation tracking> [VoiceXML interpreter]
Waiting for user's input.

2021-Oct-19 09:31:22.418 INFO {vxmlDialog_0} <Interpretation tracking> [VoiceXML interpreter]
User's input collection completed.

2021-Oct-19 09:31:22.434 INFO {vxmlDialog_0} <Interpretation tracking> [VoiceXML interpreter]
The following input was collected:
  utterance = huit heure
  confidence = 1
  mode = voice

2021-Oct-19 09:31:22.434 INFO {vxmlDialog_0} <Interpretation tracking> [VoiceXML interpreter]
An event 'nomatch' was added to the event queue

2021-Oct-19 09:31:22.434 INFO {vxmlDialog_0} <Interpretation tracking> [VoiceXML interpreter]
Processing event 'nomatch'.
  Event origin = document 'file:/D:/3ASRI/DialogueOralHM/TP1/AGENDA_V0/gestion_agenda_v1modif.vxml'; line 172
  Handler location = document 'file:/D:/3ASRI/DialogueOralHM/TP1/AGENDA_V0/gestion_agenda_v1modif.vxml'; line 181, column 8

2021-Oct-19 09:31:22.442 INFO {vxmlDialog_0} <Interpretation tracking> [VoiceXML interpreter]
Interpreting <field> with name 'horraire_resa'; line 172; column 1.

2021-Oct-19 09:31:22.442 INFO {vxmlDialog_0} <Interpretation tracking> [VoiceXML interpreter]
Waiting for user's input.

2021-Oct-19 09:31:24.553 INFO {vxmlDialog_0} <Interpretation tracking> [VoiceXML interpreter]
User's input collection completed.

2021-Oct-19 09:31:24.553 INFO {vxmlDialog_0} <Interpretation tracking> [VoiceXML interpreter]
The following input was collected:
  utterance = huit heures
  confidence = 1
  mode = voice

2021-Oct-19 09:31:24.561 INFO {vxmlDialog_0} <Interpretation tracking> [VoiceXML interpreter]
Interpreting <filled>; line 183; column 8.

2021-Oct-19 09:31:24.561 INFO {vxmlDialog_0} <Interpretation tracking> [VoiceXML interpreter]
Interpreting <field> with name 'confirmHorraire'; line 217; column 3.

2021-Oct-19 09:31:24.569 INFO {vxmlDialog_0} <Interpretation tracking> [VoiceXML interpreter]
Waiting for user's input.

2021-Oct-19 09:31:25.940 INFO {vxmlDialog_0} <Interpretation tracking> [VoiceXML interpreter]
User's input collection completed.

2021-Oct-19 09:31:25.940 INFO {vxmlDialog_0} <Interpretation tracking> [VoiceXML interpreter]
The following input was collected:
  utterance = oui
  confidence = 1
  mode = voice

2021-Oct-19 09:31:25.940 INFO {vxmlDialog_0} <Interpretation tracking> [VoiceXML interpreter]
Interpreting <filled>; line 232; column 10.

2021-Oct-19 09:31:25.948 INFO {vxmlDialog_0} <Interpretation tracking> [VoiceXML interpreter]
Interpreting <field> with name 'duree_resa'; line 249; column 1.

2021-Oct-19 09:31:25.996 INFO {vxmlDialog_0} <Interpretation tracking> [VoiceXML interpreter]
Waiting for user's input.

2021-Oct-19 09:31:29.014 INFO {vxmlDialog_0} <Interpretation tracking> [VoiceXML interpreter]
User's input collection completed.

2021-Oct-19 09:31:29.022 INFO {vxmlDialog_0} <Interpretation tracking> [VoiceXML interpreter]
The following input was collected:
  utterance = une heure
  confidence = 1
  mode = voice

2021-Oct-19 09:31:29.022 INFO {vxmlDialog_0} <Interpretation tracking> [VoiceXML interpreter]
Interpreting <filled>; line 260; column 8.

2021-Oct-19 09:31:29.038 INFO {vxmlDialog_0} <Interpretation tracking> [VoiceXML interpreter]
Interpreting <field> with name 'confirmDuree'; line 267; column 3.

2021-Oct-19 09:31:29.038 INFO {vxmlDialog_0} <Interpretation tracking> [VoiceXML interpreter]
Waiting for user's input.

2021-Oct-19 09:31:30.392 INFO {vxmlDialog_0} <Interpretation tracking> [VoiceXML interpreter]
User's input collection completed.

2021-Oct-19 09:31:30.392 INFO {vxmlDialog_0} <Interpretation tracking> [VoiceXML interpreter]
The following input was collected:
  utterance = oui
  confidence = 1
  mode = voice

2021-Oct-19 09:31:30.392 INFO {vxmlDialog_0} <Interpretation tracking> [VoiceXML interpreter]
Interpreting <filled>; line 282; column 10.

2021-Oct-19 09:31:30.400 INFO {vxmlDialog_0} <Interpretation tracking> [VoiceXML interpreter]
Interpreting <field> with name 'salle_resa'; line 299; column 1.

2021-Oct-19 09:31:30.416 INFO {vxmlDialog_0} <Interpretation tracking> [VoiceXML interpreter]
Waiting for user's input.

2021-Oct-19 09:31:32.644 INFO {vxmlDialog_0} <Interpretation tracking> [VoiceXML interpreter]
User's input collection completed.

2021-Oct-19 09:31:32.644 INFO {vxmlDialog_0} <Interpretation tracking> [VoiceXML interpreter]
The following input was collected:
  utterance = salle oleron
  confidence = 1
  mode = voice

2021-Oct-19 09:31:32.644 INFO {vxmlDialog_0} <Interpretation tracking> [VoiceXML interpreter]
Interpreting <filled>; line 310; column 8.

2021-Oct-19 09:31:32.644 INFO {vxmlDialog_0} <Interpretation tracking> [VoiceXML interpreter]
An event 'error.semantic' was added to the event queue

2021-Oct-19 09:31:32.644 ERR  {vxmlDialog_0} <System message> [VoiceXML interpreter]
An unhandled error event 'error.semantic' occurred (It will be processed by a default platform error handler). The following message was associated with the event: document 'file:/D:/3ASRI/DialogueOralHM/TP1/AGENDA_V0/gestion_agenda_v1modif.vxml', line 311; The following ECMAScript error occurred during evaluation of attribute 'expr': ReferenceError: grammaire_salle is not defined

2021-Oct-19 09:31:32.685 WARN {vxmlDialog_0} <Alarm> [VoiceXML interpreter]
optimtalk.interpretationError: An unhandled error event 'error.semantic' occurred (It will be processed by a default platform error handler). The following message was associated with the event: document 'file:/D:/3ASRI/DialogueOralHM/TP1/AGENDA_V0/gestion_agenda_v1modif.vxml', line 311; The following ECMAScript error occurred during evaluation of attribute 'expr': ReferenceError: grammaire_salle is not defined

2021-Oct-19 09:31:32.685 INFO {vxmlDialog_0} <Interpretation tracking> [VoiceXML interpreter]
Processing event 'error.semantic'.
  Event origin = document 'file:/D:/3ASRI/DialogueOralHM/TP1/AGENDA_V0/gestion_agenda_v1modif.vxml'; line 311
  Handler location = platform default handler

2021-Oct-19 09:31:32.688 ERR  {vxmlDialog_0} <user's application> [VoiceXML interpreter]
Unhandled error event 'error.semantic' occurred. Associated message: document 'file:/D:/3ASRI/DialogueOralHM/TP1/AGENDA_V0/gestion_agenda_v1modif.vxml', line 311; The following ECMAScript error occurred during evaluation of attribute 'expr': ReferenceError: grammaire_salle is not defined

2021-Oct-19 09:31:32.704 INFO {vxmlDialog_0} <Interpretation tracking> [VoiceXML interpreter]
Interpretation finished.
  value returned by <exit> = 
{
}
  value returned by <disconnect> = 
undefined

2021-Oct-19 09:31:32.768 INFO {N/A} <N/A> [OptimComponents Core]
Deleted session with ID 'vxmlDialog_0'.

